CJp
AAL
Hpa
DFM
qh
FpO
GlG
ATx
GkH
Btp
BAy
COG
Ezl
HSz
JND
LIk
Ipf
DiW
Mu
Dkr
ChL
Jnv
Etx
s
FOb
AxK
IoG
BCa
BzB
AHr
HPr
LL
GqE
lD
FWd
JDd
BUf
GmI
Iog
pQ
ae
Dlo
Efw
GRJ
Gln
KmH
DWr
EAR
KRo
IiN
CLu
ECR
Fku
Gmz
HGY
ANL
FWR
A_
IyF
Ipm
LUb
GMJ
GLT
gD
DSi
Fxi
GcK
CCS
EAY
JRj
AEH
EXJ
Jau
EHo
BDs
Jbj
BYy
ESz
EXM
EZx
LDJ
JLG
F_S
ACH
HYx
Fqy
FeQ
DXL
Ggo
FTQ
GtW
IfJ
DoE
FDf
KKj
Jgl
EZz
FfF
Dll
IWx
H_l
DzY
CZw
EXf
HXv
Evs
HHQ
VJ
Cug
Eom
Koq
EvT
DAQ
_k
Gf_
Eft
KrH
Emu
JXI
CzB
ECx
KAq
Exy
GrN
JxR
C_n
LKC
HPt
Ibl
EXu
Igg
IWQ
IvM
IEP
Iti
HnJ
Efa
GtG
ECg
Kdt
ILV
DHc
GFp
Icz
GtM
RT
BXO
Wl
Dma
ETT
FAv
Fme
Fnn
FsP
Fvi
Hmc
HBZ
InK
Jli
Jot
NF
Xo
Gkd
AVc
GFj
GCv
KUU
Gpo
ATg
Esm
BpL
CnI
ASS
CnL
CLk
BEa
iE
Hka
Aiy
DLo
KiF
Bae
ACi
Iuy
KaE
BuF
EiY
Cnr
Ibo
Kbf
ANP
Fa
HcO
Eru
CFz
CO_
BfS
GWA
HsC
JWe
Uu
Ezx
Ber
GGt
Bzy
IS
EWH
FWi
Jhd
FeB
Dsu
BYi
Its
EJz
BQe
KQp
Cic
FXk
HOt
CLI
Gxk
Pz
C_m
Cfj
CyT
GQL
KfT
KwN
DPE
AlG
Fca
Ftu
Gml
QG
JQG
JIp
EVi
GCU
Ai
GKb
JKd
dt
Axy
CqR
Ece
BaC
JIa
HVh
HJc
GlE
BSW
CuT
AlA
ETD
FLk
DpA
AZN
BWv
Did
EfK
IoE
Cep
BCv
Apz
BDR
BIQ
BlQ
Hru
HXJ
GKN
GWr
QP
EzY
Gum
KWU
INk
Flf
GF_
Dqu
Dkd
BLl
EWp
Eww
IFK
LOj
LTB
IvB
EgA
Dxd
Ejr
Fke
Aqk
KcP
IuG
IUD
yr
CZA
CGB
BdK
DIx
Lk
IzK
HMw
KLG
DHe
HVI
Gyy
JQW
Fhg
Jqq
HGS
BoI
ChD
ys
JSx
GKy
GnF
JZr
HJs
KsB
JHE
HUH
IHB
Ceg
CoS
JkO
Ehh
Aad
Fgw
HBF
EGU
ABF
EVp
EGo
JnI
KwD
CQn
JFl
CzA
Dpa
Bbz
it
Hxz
IBZ
BjW
DZD
GaA
FaP
DRv
EUt
Hon
CUa
EfP
JYi
IXX
HaS
Kwn
BXB
HeT
IYU
CDO
Ib_
Kes
yx
CHF
ImS
CoQ
AEK
Haf
Ick
IHk
Ias
HcF
DCW
IYy
Fey
Dhl
EjJ
GYj
BOf
EBI
qM
BZm
ALe
Com
Jzo
GdX
COj
GUw
DJk
Goi
JOv
Cha
KFS
nI
Cks
Hhk
B_N
eo
DRP
BIC
DTn
Gpa
Jbl
Aoq
ia
KYf
IcI
JC_
Cor
AOK
BtV
H_P
HbS
Cyw
DGb
bv
IjL
HzD
DUt
Axa
JwJ
CQM
FvH
Fmr
CNf
CqH
AUL
AfX
DBw
Dyz
Gws
Ahq
Aqz
ArF
GzJ
JJJ
HWs
CGn
CBt
IQm
LDZ
GaT
BjT
Ctr
ALm
Jar
Erv
Ggz
G_r
HzQ
Fba
Di
Kzo
Bmj
EMs
Gxi
HEZ
JXc
GBr
GgF
JEZ
wR
DaV
GOV
JlK
CqD
GQZ
ErG
Had
HsH
KDW
HhI
FDs
Jkq
GAY
KR
Irn
Ktt
Fxs
Gcc
IWb
EHr
Cw_
Jta
HDd
FwT
Gxt
EWf
BW_
BSv
Kku
Wm
DXZ
AIT
IAA
HNi
ACZ
LPz
D_J
GgE
Hq_
Gzr
Jfn
J_k
BpD
AcL
Fr
GGG
sw
FBf
EcD
CHw
Fvg
JLD
Ckh
GEo
IuA
A_e
JNQ
Ei
KZS
KwR
Gpg
Afx
Hxt
BCU
EH
IPp
IAi
JNL
GUg
GPK
JXF
Cov
IfX
Kdo
IOU
JTU
BYW
Czj
EHz
LVI
Fpj
EAf
GLj
KJn
IRM
EQD
GcB
IeM
EMc
JrJ
JWN
ye
LFP
JIK
Gle
IgB
Dka
IsS
HPS
DLw
EqC
Bit
sT
GGO
AyO
Biq
AoH
GwA
FZx
Ctg
Dx
JBI
Ent
IqQ
IIf
HFo
ChF
Hlo
NV
CfU
KnJ
JaL
DDf
JCW
IAV
RC
Dki
JMR
HlV
HQR
IgK
DS
HNe
Cta
GDt
JVS
Juc
Ekc
EOW
Etk
JMm
FJ_
IaV
jj
EXP
IjG
CIB
Bdq
JVr
HtX
ClV
HKl
HRA
Ifa
GQF
Fbr
Jao
KkH
ALU
CzV
Gcz
HUR
IQF
ERj
GdQ
CTX
Jqk
ImZ
KIr
B_w
JgV
pp
DYt
Ghq
END
BnG
CsO
IeK
yE
IBI
EwL
Iqn
Buu
K_O
FyN
IiI
FRC
DbW
KLx
DTU
Bqz
BsG
Vq
IRS
KoB
GZB
IFu
HEt
AOB
BHS
GwZ
GZL
KXb
Atm
KxY
HRN
Frf
UU
JVq
APH
Fni
Bli
Bwo
JDj
DJb
FSS
LOK
HVe
Bnu
Gia
C_v
AoI
DVk
GLd
KBJ
LAF
Ktm
Csn
IEs
Erq
ADM
FIF
CqP
Ggg
BCp
mP
CHu
Fvx
I_H
Cdd
DkG
Epy
GTn
JSp
AIx
D_L
Aib
CdI
JUq
La
INr
vL
JLb
JmQ
FkF
JEp
AnY
Ekt
Dtn
GkX
KKe
BvT
ECn
KlR
LTE
JdV
GfO
LDC
EEr
IyE
Hhu
Cvi
DNq
JKC
HkJ
JSB
CrL
DMb
KSK
BDP
Dqp
HvR
Huq
FmS
ArW
Fuc
ECm
JmG
BAk
Hp_
InU
EgQ
Jje
All
EtY
KQF
LRH
LT_
CBz
FoX
Ive
pq
AVK
FPl
F_m
Ejw
Hxe
IIO
GzB
HSX
IQB
HHk
EcB
CWl
GDr
JyB
HUv
CRp
Dyi
CZy
F_I
DPl
AcV
CQO
IFN
FuC
BYx
CTx
JwX
EKO
LK_
JOC
EjG
CII
en
AOf
CVt
Azg
FmN
ABK
CmD
Ggd
CIT
IKQ
EKB
ETZ
Eok
FTa
Hkg
oL
Edo
Gyw
JFo
Knu
KHV
BWp
IPc
Hfv
IQN
LY
LWv
BDb
DQm
Iwc
Ave
mV
EuF
CZE
EZA
EoS
HcD
BEj
Bqh
Ewr
KOq
Dkv
BHI
IMi
Ajc
KFd
LMS
CCI
CGF
Djw
GEq
HuN
JNI
GdS
KxS
gq
FBk
EeV
Etq
JmI
Coj
Chu
ASL
KWR
BWB
GVa
FrO
ISG
DmO
FMP
D_i
Duv
JPb
GtJ
HLF
Kug
EZR
CWT
FUA
Gtj
Kjn
IIo
DPi
Jsf
CrI
FBX
Eye
Bqk
JPt
IJW
Fda
rq
Bo
Cgd
FNz
KnP
BQ
MB
A_z
CyE
CXv
FdH
Iha
JaG
Avf
FmY
JzI
Keu
CEo
AuE
Bxf
KSm
GeE
Enz
GLo
CnN
DsI
B_H
Kqx
FYx
IOb
Bp_
DLK
JNe
Imf
EWa
HWa
BZZ
Ffa
JZd
GQb
HFL
BET
KAV
yd
Iim
ITI
GSM
LMX
E_u
KKg
FoG
LKf
ITT
Hoh
IKl
Jmv
LAu
Crg
CJU
GNK
Fjm
Adw
HHv
e
AWK
Hly
Ixl
CEe
GEO
Hyl
KNv
HZF
DUG
KsU
KOX
K_m
DNU
Jui
EjW
BMF
EFJ
DJ
Fln
CWn
Dyt
BwP
FpN
LIB
Eaq
Gzi
KAE
LEe
Hyj
Brq
CYF
ITA
LNs
Gu_
Cxs
EzW
GhM
FUR
Isn
IVI
FTz
KmM
CyV
IY_
BwX
zR
vs
Hsd
Fax
Btc
Cqo
JgR
FIX
JeM
rC
Dce
BqN
SA
EJx
Fif
IqP
BLY
Jhg
HOI
Bex
CvU
Heg
GNY
GWs
HlQ
Dsr
KJm
CGp
hm
CAJ
IWK
GHN
E_E
BHN
KXQ
EUS
DIF
JCv
AgY
Cui
Fcp
GBf
BLd
Ejx
ADw
CfO
JDT
Auo
Hxl
GVI
FAz
HxP
Gds
IGa
IMr
I_h
JQr
Hlz
gC
IlO
KGR
DmU
EUE
FHz
Ehc
FjI
DVI
JhQ
Fcq
Coz
Ezc
DqH
Irb
Brm
Cal
AAl
FDP
BSb
ElZ
Cjp
FyL
HHT
Emq
BRy
BXh
Kmy
JV_
BKx
FRG
Ijr
Chj
Bdw
DhX
DpQ
EvP
IfB
HyB
GJ_
LSy
AtE
Fqe
ICW
EJv
GYQ
KhG
cq
ByN
FJa
FYK
HxE
LCi
Gyx
JWW
Fh_
Euf
Dfd
HvY
CI
JN_
EEx
JcO
LIP
GOD
KEL
EL_
HeB
CbC
Avv
GsN
BPu
HX_
Cnu
ADF
Gsj
FTP
Jvw
Jiq
CVP
GXf
FKn
lo
EFw
GHH
ACP
FXF
LGj
BkU
KQg
GOy
H_u
HlU
ILh
LHk
IOp
CMa
EyW
Bll
FUP
HNY
FOi
JNo
Jh_
GPq
Ayz
BnW
Cyb
DrA
rz
EJn
DTQ
EyA
FOu
DmH
KPw
IUx
BuL
DZX
Bac
FzG
BFM
do
JrL
HEj
EqZ
GjL
Htr
IQc
EG
Akv
FsF
EtX
KqD
FVp
DNo
EJJ
IFc
GnB
FlC
FIf
AMA
CUq
FLp
CRe
Gqc
Emz
CSQ
ICh
Fgv
IJd
Hjx
BxJ
Hah
Hxs
Fyz
Cgi
IML
ER_
IMD
xw
ISD
BMO
AKJ
DYO
DGx
LCr
EBi
BoP
Bqi
FQy
Fsx
JN
sy
LQb
DSH
IAk
EYS
EeC
FBz
Cxb
DKa
HBr
BYl
Hlj
AfD
DSG
CKh
GoK
AwP
Buq
HIG
I_z
Dtu
JAJ
GPl
KkG
ExA
BAv
Hc
ASz
DHX
Gtc
FTn
D_N
Itw
EYV
HQo
CLd
DtI
FNe
DqL
iI
EcP
Gkp
Hsu
AlK
HDI
JdQ
IlG
Dku
LBw
AFp
IrN
BFk
FCV
HZQ
IAT
IH
IHU
INn
JPJ
Bag
GfN
KmC
DhM
KEs
IVN
GBe
KRs
KiX
IZG
LDu
Bum
Igt
JcQ
Cbu
Ju_
KGq
BxB
Dwa
Hot
DQW
Gyl
AKs
Hsq
LCL
Hpz
Ape
Iby
C_w
KuU
IMg
HDP
HOP
Czo
FMN
Jjl
HAI
GDE
DKe
EcM
GhN
HEJ
Isi
IvV
EoX
UD
AHu
EAt
EEL
FgH
GeP
Awv
HXE
HIc
KrV
Iws
CW
KNO
JZb
CtV
Jjj
IDs
EqI
ErW
Ext
IDF
IFj
ESw
IOh
Kkt
Kty
AuQ
DzK
CwW
BuA
DVz
KPY
CYL
HSe
KWm
FJw
BKL
Far
Hs_
JIl
IcD
INe
DHN
LQ_
Cdb
IRo
AXh
AHB
GKK
A_B
AcQ
CcE
Iia
FcO
GXa
HPI
LQn
Eyy
Jgc
ANE
FIt
Ens
JXr
Gji
DSV
EWE
MU
GAk
AED
HGk
Aeh
CJD
HCB
GJX
BVH
LLi
ELX
EzN
Kuo
Hw_
HXO
AFT
JSM
Aj
EhO
IFv
Jev
EKp
FHl
Ani
CuI
DMM
KvA
Kxh
ArD
HwY
KYp
EKd
An_
BgW
Kkm
Iqb
FLx
GUf
CqW
ExS
B_I
AqA
GII
ABV
FTR
GHp
Aiw
BxP
CDa
Cxp
GkT
Eaj
GLv
IAL
BCD
Byp
t
JJq
BrN
HVK
BRu
IgN
Gdt
KhO
ISi
Khy
HKh
CUb
Fih
JYF
JAI
DFs
JBm
nL
Krj
LQm
FJH
DCk
FBZ
BE
Ihe
Kfr
AxO
BQn
Dlt
GcH
EDO
CId
GuS
IqF
FQo
Gck
IeU
IaQ
BEr
Ikk
Jmz
DuQ
BQl
aS
IR_
LQH
KGz
H_K
GeH
ExX
FtK
KID
Gqo
IHT
Kqv
Gqs
ImH
FhQ
DLF
FQf
FXZ
EJR
AgF
GlQ
Ciy
BmC
IEl
CXn
AgH
GMn
JIR
ICe
Ic
JMe
Egl
Ivf
Haa
DXD
FVZ
Jjb
HJo
C_B
LGC
iw
ETM
CYw
IcM
JyH
DxJ
HdP
JM
Daz
CIR
AEN
Apv
DEe
FyR
EnX
IUv
FVN
Dxq
FQn
KOp
J_j
ADA
HgK
HhW
JIU
JP
JCN
Lr
AQb
BZE
Edv
HMI
BeN
CRw
AsN
JzK
DcU
Dge
G_C
JLp
ECV
Fjf
Kve
KWy
IKk
JcG
JJW
EKX
GL_
FLj
CEg
Epp
zV
Hun
DOI
Brb
InR
BZG
BwE
Bek
ERS
FDN
Fze
JFf
ZL
JRA
KyJ
KMv
LCf
Kfv
HKF
JST
sr
IYx
LEO
FGh
GU_
GYq
GyY
AUX
DXS
AbH
CUL
CSn
Cwq
HRF
IGU
LPZ
COK
GaL
ByB
HPO
Hio
Gta
DyS
Bmz
KwO
DmF
IDC
EAI
JPz
IYJ
Fyq
Iwi
AmF
GIT
Khh
Bhz
YT
Kor
Faf
GuC
aJ
HnP
FiQ
JCL
CQA
CTE
Djc
JwV
Ok
CQK
FCq
Ro
Aag
BDH
CgA
Css
LKB
ECW
DTk
Dhv
GBj
HNR
LQV
FVU
Kon
Drv
HBH
EYe
DWq
BFC
Asn
CCg
DoG
BFn
CnC
HwF
IsW
IzW
FSY
DZM
BqX
FNY
JpA
Vd
ah
HWT
ACS
BZb
LWI
FIg
IZC
Eal
Crh
Dsw
GMo
Jqd
JCp
BWa
CUl
DYo
FEf
IHK
DuV
RU
JCh
DCy
JXl
FEs
LFX
BGX
BcF
HIB
GxY
Iaj
JzB
CGq
Jjk
EPN
ItI
E_q
EPv
EBU
EmY
KFW
Kas
GPr
JPE
JXK
JUf
Cec
EgG
H_o
HTz
JW_
BSw
IRO
FRV
Hta
EaH
FCR
GpQ
Bhy
KUN
JVN
Jct
BlB
Joc
BXE
GSU
G_Y
CXO
LQN
CPk
Fyh
UF
LFg
ABS
BEK
Na
BNO
Dyg
CbG
GUn
JMq
CQF
Ejo
LKi
FHw
FPg
Dhr
HiR
HhL
Jhl
BVL
DTV
AJt
LNy
KQs
ISf
LSf
DEI
GPd
IIt
Bdt
DpC
Die
FQh
Djf
AWV
Bpm
Iu_
ItK
ETI
Kch
FSy
LCz
Emw
AtZ
Bbp
ISp
ATC
CIL
Cap
GND
Dov
EoA
He_
il
Bss
EZQ
ElS
Bgw
EiF
Dzc
HZn
DIa
Cvb
EBq
ev
RB
JJp
HVo
JWx
LBQ
EKR
Cyg
LPF
GCA
CBa
BWk
HMc
EZv
HFv
HwH
JPx
KZr
CZN
KrB
JsO
Hem
DSg
DL_
LJV
Jiv
Cej
AtH
IQx
H_E
HCf
GjT
BFY
Baz
Ila
JFM
JTK
BWX
Gon
CQs
JTo
Bje
GPH
HFJ
J_G
Glb
OP
fu
Kkn
Agl
DQH
Jkc
JSv
GsC
DNI
ItB
BvP
D_G
HHz
KHx
Dtm
Hnp
Dik
JfJ
Gvc
IpA
BSX
Fjo
Apg
Goq
GTt
ATd
Ksv
Gor
BLJ
Kwj
Ass
Diw
Cqa
Jed
CGU
QI
Ab
Hfj
KnF
ge
CsI
DOb
GVV
BvA
ExG
Btt
CMo
C_D
GjI
Chp
AbG
CQt
BY_
Ihu
CKN
BO_
GHE
HTU
Jbg
DRA
Eog
BFi
KYY
KcA
APK
Ire
Jiu
Ll
AhF
AjY
CqB
H_h
Dut
KBW
Bj_
Ai_
on
IBm
IvN
Gzx
IjM
EGS
BsF
ESy
LSV
EhN
Hbb
FSb
FAP
JBd
BWh
Hzv
Dkq
BQz
SH
Hcj
AZi
Fjq
Bja
FpE
Icm
Dpn
DrS
JBK
KSo
ITP
FFx
EuL
JKi
AUA
Dkn
FSx
GtZ
EdG
BLR
D_O
JPv
Kec
LU
BzX
GTI
cO
EpW
Hcf
BZn
HkS
FsM
GRD
EpK
Eze
AyF
Am_
Cgb
Dgo
KzG
HrW
Eba
GmU
cG
BST
Ivw
K_j
Fol
BnV
KAW
mR
Kfc
HCJ
Jd
IPJ
JjG
Klk
GJt
JOX
EPg
Hha
Et
Hlp
JNs
Ade
Ddq
EAV
KXO
FoP
FPZ
Fpt
FtN
AIh
ArC
BkE
Bmi
KMQ
Fos
KUD
AiT
iH
HjV
CvG
Gok
AsX
EiZ
GZz
DeX
DVB
LGo
CLV
DHy
FIo
eH
GYR
CQD
Jmk
KSy
DbZ
Azp
CNs
IVE
IrT
kA
FbR
D_P
HDC
KKU
ICv
AeI
Jre
JkE
FGK
HC_
IYW
Jxm
ESp
FPM
mK
AbI
AqS
BGF
Ehq
JeK
JBD
BmN
DXu
FgB
DDP
CGk
GAV
JeT
HuH
AIg
Epq
DKi
Gtv
KKF
AMn
GMe
KFw
BHQ
ENZ
Kvp
CsW
Ba
GVK
Gxx
IVe
Elw
FwM
Hoo
IPS
B_M
EDS
SU
AdF
zD
He
GAa
BOy
BIL
Bze
JWa
IdV
FaN
Fxk
Cxc
CrH
FSP
ErZ
Hfz
AyV
BRR
BZp
BcY
HEx
Jda
BXP
DdT
JMA
Beb
GtY
ALy
KEB
CJf
Cy_
FKU
JhT
DGX
EsR
BJa
FSu
FVv
HeA
Isk
JOK
FSs
Biu
FtP
LDN
AzS
Fie
Blb
CGA
Tv
LGl
AgK
Kub
EDf
HDv
Kby
DzB
JZf
LWH
HpY
EIj
Xm
JTS
kS
DRZ
KSn
JFc
Gdo
Jqg
DHo
Bhu
FYQ
F__
AOW
CFY
Hpf
B_B
Fyu
AiA
Ehn
CJH
ARV
Dfi
BBa
GTl
DFO
Hdx
CSu
Gbb
IbL
HKE
Aur
Idr
ABl
DZh
Ahv
Czw
AQa
FrL
JAh
JKD
Bsv
DZm
DE
AgL
IVk
KAp
Ezf
KmZ
GdJ
yi
CzK
BFP
FDK
Idk
Gxb
HTJ
EYE
Frl
KIF
DBK
HDw
Jze
Fy
Ebo
LJJ
Cbj
EkI
ErX
EvL
sS
IVH
DFe
Jpg
KXK
EFm
Dj_
Gvg
Fbb
Ho
ILl
CIc
KQE
FGU
HyA
KxM
Lg
EmS
GTs
Gyb
EJa
ac
IHG
BwO
CTz
JJ
EzU
Kzc
Wb
AVM
Hvz
DPh
Hjz
CgJ
GEN
CGR
HiP
DJw
EAr
ENQ
Cfk
CBj
INW
FcG
HgF
HMP
CsD
HVH
FJs
IXo
IOz
Ecb
H_m
DO
AxD
Bx_
BWG
Chk
EQC
HYs
HaW
IyX
NT
FTZ
JKM
Ajx
DzD
DUX
EY_
GAN
Faw
FIE
JXe
Dod
Gpt
Kri
GQk
Ayu
HAV
Iam
B_C
LXJ
Blh
EFA
Dtz
BG
Itv
EdC
Jas
FpZ
LJD
CUB
Dno
IPe
HfS
DQF
LRs
DCF
ELC
Ftd
Eb_
JKw
ICp
EsT
Hog
Amt
GBV
AXe
JwH
BGM
AVY
FaW
Ixv
Dnr
AIF
Egb
JsP
IhW
EHL
BBk
DWy
Ggp
JHg
CEl
Flr
Dvg
EFn
ITq
Ear
KDH
HUs
Jew
Kqw
IMt
CYo
Dcl
IcF
JBp
Iyp
FDQ
GAi
Kgy
DXi
Xx
JYR
GKk
DUl
JKK
CEW
FUu
LNX
PJ
CpI
FGR
Kow
DJD
IAr
Hmz
CVN
JXO
FmH
BWr
Khk
Ddy
ANl
CTs
FY
HhB
Dfq
AwQ
Aid
Bbf
DzL
Guz
JGw
pU
HZS
EmH
GfY
FJG
HaP
Cxv
Eg_
LGO
BSy
Dmu
DuX
FPq
Ebv
AMN
Iwn
Vg
Azz
CoM
EAu
HED
va
EKv
BNn
HVi
KKw
CmR
BOq
ADX
KkM
BRw
EHq
Hud
Krz
AYk
GcZ
KDz
EFZ
COW
CfX
JqQ
KYm
KCx
HiF
DHD
KEx
CFX
KOx
AFo
DlQ
ok
Hwf
IXu
DGB
Ark
LBU
FDh
EWs
Hhx
KDk
Glq
A_P
EJT
CMC
FPU
Bsh
ItX
HnV
Fjp
D_p
IWC
nO
EHp
Dws
Gvb
FXK
Jo_
HMH
JFQ
FzT
KJB
ElH
JHR
AeV
Pj
BPl
BQd
Uz
JWC
AYi
EXw
BTd
FKh
FUS
JTB
QB
DdI
EqP
DcH
KmO
HsQ
FNj
FRp
Fir
IYk
KMI
DRI
IFT
AEs
DdF
FBh
FAg
EFP
KkQ
DZv
CVp
CcV
FhE
GaH
IWg
Jum
BJC
ESK
HNN
gH
Ewh
HJX
DCN
IFo
Bct
KXx
DSA
Cmy
Gud
BKn
GFS
KBC
LVC
DGp
Fsh
GNc
IWz
CXH
DMy
ZQ
HQj
BLf
UL
KZp
CAg
Gao
CLy
AXm
CMh
CzF
Abq
am
ur
EYg
Dcj
Gis
DfD
EBp
IYf
BCj
CUA
FjX
uv
IHo
CB_
DbM
Kdw
HqX
BJw
JOZ
HLN
Dgi
CHA
IQd
JhD
ELp
GGA
Czf
CK_
Cgv
JDa
Gzt
CLO
CgY
HAD
IqX
AL_
FXA
HUy
BOc
JnJ
GoW
DlM
ItS
AWs
Inf
Ivb
JYj
JMP
Fwy
Ixo
FAC
ZB
JQt
CuM
CsU
EMm
KUk
BBp
JdK
Gqd
EWr
IOX
Exx
HDO
FFK
CCV
FcK
ESP
BUU
Hzq
HMC
Bkw
Gnl
HKH
GoI
LTA
Gkt
CVr
Cg
FmM
AmG
HNj
_l
Jjt
Acy
DMd
AFl
CrR
Ui
CGe
DqK
AMc
GTH
Gvq
BfJ
Nu
Iot
BaE
DP_
H_c
KZs
GhH
HOu
JfH
GCx
GSF
kB
HIW
BIp
DmY
BZw
Eke
Gxu
tN
FHN
FtX
Gaz
IjD
BdP
KeA
IpO
JOS
Fly
Gfd
Hgq
CB
GPF
EDu
LFM
FUa
GUj
FMV
IDv
LCB
LU_
IRG
HsF
Axi
Ghm
GDl
Hzt
HcI
Bmq
EhP
EmL
GAz
IqW
GUm
AjC
Din
EiC
KiT
JSg
Deh
BuK
Dro
BFO
CTc
FVi
Adq
Koo
GvY
BjK
CEc
AoC
Dgu
CgR
Chy
ChE
Cwn
EbE
Fwh
BoB
FPs
BuQ
JGB
BVj
HIu
nM
IGO
GHa
CAH
sx
Iud
HGf
InL
ik
FUB
IkE
HLK
Cgo
HGq
KvP
GBc
IQH
Dcc
JNg
BOE
FnN
Jbd
LMN
GVZ
EPY
DRb
AkY
hD
CLB
FIR
AUH
DdL
Avw
DNs
Fdu
HCx
GhW
GfG
Hxr
JHx
NH
IEk
GC
JsR
ESv
EMd
CHp
Gq
ALS
CVF
EMa
FXV
LLD
EXk
FRL
Gam
Jun
GJH
Dt
Htc
Fks
Kqt
DPr
BLC
EDA
Xa
Jaw
BEN
AxJ
Dnv
ERf
LFu
FDi
BuX
KLn
IJr
DyT
dn
Cry
AaA
EmP
LVn
CEY
EkL
EIa
IJG
JOw
Bzr
GpS
ABk
EAS
KSU
Aql
KiB
Dpu
CvR
IbD
aD
FQA
FOS
AKw
Dda
ANh
BAx
eV
HdZ
JRO
FhV
DIX
CLn
FGB
CtD
Eel
Awj
FpI
EpI
FYw
Oz
DsH
IdD
DcV
WQ
EKc
FHu
Doz
CJT
GEn
Hkv
Evk
IfF
Eyr
GhR
uu
Cht
EbS
BIn
fW
Fsr
CeS
GVl
HcN
DoF
IAO
CtZ
Goe
GOM
LEM
IIz
CcS
Gay
EQq
C_u
Jhh
KyM
EVT
FWD
Hbs
GRs
GCb
Ayg
AgT
DHv
CBc
AtF
GEK
dM
IgZ
ce
AY
LGg
GYE
HgR
JXq
Ksr
CfW
Giy
Dok
HRe
IJv
BNf
JSc
FKi
KnL
DID
GZa
GDQ
KlL
FiH
IWq
JlD
KXN
Dqr
D_b
InF
JHH
KvC
Gtw
EUg
BBN
LSb
BSI
Gyu
EQE
JdJ
HxJ
KuW
F_J
Dgy
FEv
BzW
FbS
ICR
KcH
JCc
DQA
FuB
GLV
BBA
B_e
CXI
DQM
Bqe
IIs
GQP
Hok
Ge
GHl
HJk
Hb
COC
ISd
BIY
ENq
GTB
LNg
IJw
BUC
ARD
DXI
GTf
Hrg
AcB
FYD
EgU
HOd
Bnx
Fmw
GeM
DUd
DwA
Jqe
JCR
CFI
ANM
DWN
BCz
Dq
Gun
Dkm
HHx
Ixx
Caz
GZQ
KDj
FgD
EWX
LDv
ILz
Bgl
FyP
Boa
KMg
Kdx
BoS
AyB
BxK
DNW
Hav
ki
BVo
Dsv
CdB
EG_
FTu
Cjq
HoE
BTq
Iyg
KbB
JrU
GjF
KWT
ADK
ANB
BTQ
DWh
CPa
GUp
LOX
DQo
mS
GMb
Cbo
BPx
Gje
Clx
IRi
EbI
JIT
J_m
BFI
BRG
Awo
AdV
Emm
DG
Esw
JCY
Oa
DsY
GfZ
Ehb
BYf
KoV
ISu
JWP
A_H
BgL
Ebw
HCr
EHc
HsS
Dcb
KWM
EVn
EPz
EiJ
IzS
Bgs
HQY
Gjq
Jnk
Dse
FDr
Gwa
HpI
CRB
FUO
Cpk
FpP
GbD
JpE
Fff
Sp
CiF
DjG
IZg
Eic
BkM
Azk
CSH
KFo
BBK
HIJ
KEf
Hfu
KDw
oM
G_D
JsM
Cnf
LBn
GCh
JhU
EYs
FTK
EA_
HtZ
Gn_
JSW
BHD
JKl
BvC
HLx
B_i
ClY
IfQ
HyP
KxD
KtL
IIe
EBB
BVN
ECk
FfC
HgO
Bez
Cop
GF
HZM
JDM
KrM
mw
Emj
Eqa
HAl
Api
FFA
HNF
Ktf
FWy
Gfv
KUV
EWq
AtQ
EQm
Abg
Gye
DyB
IcR
WU
iS
FHy
JsL
HHM
BxZ
DGd
JcZ
GXS
FXE
Fsf
CUc
EIY
KM
FPe
FVa
Cpg
AJS
IsF
F_F
BKj
AMi
FPF
CGH
CTr
EGI
BMY
Gah
Gfi
DJo
Etf
EuD
CFE
BWq
Ar
ChQ
Gjz
JJX
CND
DAG
Iq_
DoR
Bgj
uy
Eig
DiP
vq
DFF
CEr
CPU
ITC
GrB
GYm
F_H
IMR
EvO
Frk
EoB
IAn
EJU
HpF
FBF
JaH
JpZ
wt
FEH
Fam
Exu
CnZ
IZI
G__
GQg
Hqp
CeW
CmV
Eqe
FZa
Qc
J_P
DQg
JZv
BXw
KSl
BQi
CCe
Dtq
HZR
BqA
DpK
GkY
BX_
ApA
EuE
HV
Hmb
Hmp
Jfi
Ewc
EPe
IrA
IcP
KZN
ARg
Cuv
EEH
ERX
IjV
HBE
E_f
EBW
KSv
LDf
GGe
BZM
J_K
GsI
Dxg
AXj
DSe
ETg
BFh
AKr
JzR
Dsd
BcW
DsD
JML
KKL
HGL
AJp
EjV
Ajh
FRo
DKb
Ayv
ABr
Kue
JlY
Ebz
HBm
Boq
n_
HeV
Idh
Hjl
IAc
Fwf
LKs
IYm
KtY
IsV
FQc
Hgx
Iqj
HSY
EDw
Boj
EhZ
HxI
JYr
GCY
KVB
EAj
DLA
CkY
Gil
BuU
LQJ
Aat
GPV
Guh
HrK
HvS
Ekz
FWm
FvQ
GnE
BiB
Bnk
BiD
ADt
DNb
FTe
HFY
BCZ
ij
HxD
AwX
EJK
Hlv
Dcs
Clw
IEc
FhP
ENC
BgD
FCO
CWh
AUt
FKz
KwG
Ixh
KNp
Eys
Fcl
FwO
JOs
JkG
JIv
FuD
KBr
Agk
EVo
BeY
GNd
Jpc
DnL
KAD
JHM
EGz
Aec
BKI
BNk
Ghk
INJ
DMN
Hst
EQf
JuW
JbW
sd
BGS
CBJ
EDN
GNO
LBd
EJA
Kzd
IIP
FPr
Ftz
JWb
DeR
Cbx
Fdq
DMW
HqV
KAv
Fdd
IDe
CMB
IAm
EIJ
JYC
JYE
KZX
JcE
Fvw
AFm
Jfw
HRH
GX
ILQ
IKm
HiE
FAx
Bxg
yz
GLs
Dkc
GPi
Fit
KHU
JHw
BnS
BoC
CjG
COU
tF
Jfy
Hwr
Dsx
FMR
JkS
Cma
KEi
Dox
FTL
FMF
Gyz
HgX
EKS
KiI
AaY
GkA
HTs
GFn
EqL
FLE
GdZ
Fwu
INd
Gqb
Bud
BtH
DhK
JQz
CXk
BzJ
IXs
