CI2
aMT
ghk
Z
BD_
DFM
dW5
LM2
RXY
bKN
BIS
ewB
fT
dPQ
fW0
X16
cAJ
asP
hH2
gy0
GH2
LY8
bTV
bqD
DNY
bqZ
chE
fg8
dx6
fJ3
B28
aK_
cU_
cmO
ack
ABM
MW8
GT1
erv
ci8
AI5
LT7
dhm
gzB
dxJ
CEQ
L3_
XY4
ae
eJ0
fTX
fJX
QW4
aU9
bqw
atE
aF
cdH
eko
JLS
HX0
E59
KS5
JO4
bG_
W5_
dC0
dA1
fqM
OR6
abV
cfU
euH
gI_
bvO
gqI
a29
CQ7
aeh
ehH
fqy
M40
exN
fs8
ejX
beG
aRY
FQ7
cGH
bH5
fR5
HU2
bC0
IV3
NP5
cgD
MS0
CD3
amJ
ahi
cuJ
dIV
FLV
gk3
aB2
EI2
BTX
K34
diK
cdf
eDH
GM0
csD
LNT
JP9
S5_
48
hD1
bY0
aPZ
a26
fqQ
bV2
h4
dkM
aBX
HMQ
gkm
135
KX8
do0
btO
bfS
dL3
JV4
BKV
aCQ
GR9
bco
evV
cPR
fx_
gxA
efO
bw_
S19
P39
fmQ
atK
gP2
czB
gT6
dzZ
ghn
AL4
fEL
CRT
Y0
bvD
IV_
fO8
EJO
aVY
B68
ek_
CQW
HQ_
fvG
ehR
GVW
guI
X67
gmQ
D89
dGV
gU
gW_
IR6
MTZ
bzI
cG2
gxW
eP6
bFR
KW0
guS
grW
eft
JNU
cv9
bMS
IS
cA_
CJM
grQ
be_
AJ7
EFG
a49
UY7
ILP
a78
OV2
fmW
BCW
HSW
bDE
B34
bzR
ek5
HJP
er8
HT
efA
dhH
gtX
RZ
cM3
A
coz
elm
fCF
bU3
dGH
asB
FM5
bsH
dwJ
JU
C48
bwZ
ah8
eOR
E89
gmt
BX0
DEX
DNT
bjG
B0_
fA4
HU9
S90
dAW
fgw
ck0
hK1
d70
JL0
dlu
S10
SY7
fY8
aDG
beS
at3
ES
FHJ
BIQ
amn
eoA
eiC
efh
bXY
NYZ
P34
cf5
TV
LM
bMZ
cW4
dJW
QTX
EHJ
NST
V90
dqO
fzT
AOR
6
AGI
gu5
d59
gvX
IQ4
TU4
aF0
U27
aK4
cCL
CFM
gC3
bI
eiz
aiT
bY8
DOP
dy5
gMO
dg4
QX6
AER
L8_
PX0
JK9
aeo
byz
GQU
eFZ
cdx
FK9
fzA
M6
cW1
HJK
fI0
dU5
CIP
BEQ
aru
gnp
aS9
gVX
ex5
guH
F90
S7_
fP8
DI6
D3_
bcH
ct4
dB8
av7
APW
gBS
dEZ
aJX
G1_
bD7
IQV
amI
ad0
EHI
gF
CDO
CMW
NP6
cy1
clK
g28
bW8
HJV
gl5
e34
LZ5
cr5
BNW
A49
flX
ctH
dUZ
dyM
e36
bvw
fyJ
gjP
dgq
ft_
cqK
dhv
fE8
EJ4
cBU
T19
GMP
hIT
dzF
JT6
DHL
LR0
cI1
ET
cI_
CGV
gBX
grE
IP_
btX
gmG
M
FH5
fwN
aju
bhV
aOQ
eB2
RS4
G9
CJL
bij
eF9
AKX
DQ5
aqX
afZ
I7
djw
al7
IU6
gHU
gp_
EIL
gSY
WZ8
a68
X4
amM
cHN
gtE
dhA
gsT
gpE
HS3
dxG
U47
f_
fEZ
AQS
LW8
glA
df4
bM3
duM
fnG
af9
fzO
CD
gjr
bPW
gCR
cOX
378
flv
R20
fuS
gk0
eR8
V27
fvX
byK
B70
ay5
MO4
dN6
CP3
bGS
gl7
du
KZ_
GNR
LP2
dgK
JPU
ftM
dh2
au3
gG0
aN7
dl9
AY0
cMY
ER2
HM0
bU5
C25
LT
g0
X49
c
GV4
WZ1
X7
IMY
bls
dLM
giL
CIX
eS5
cMP
dDP
AZ8
cp
T90
FIQ
bBO
fhP
BE8
WY
cL
fO0
CFN
R7_
fiv
U16
gwN
cE7
MT1
fkW
eU1
gCT
gL6
K
acX
az3
ft8
JNQ
cfk
cp9
B79
bvz
ar2
4
R1_
coG
dr8
enX
CL5
Z47
ewH
567
A4
fhw
cwX
fQ5
BIT
drV
IQ
bkS
JMU
dkY
MOY
cz4
dj3
EM5
CV2
gR4
es4
Y
BJ4
aF3
aFH
eZ5
cP_
fhK
dsH
gxX
elS
D9_
etI
R60
EGW
AOV
KY2
IS7
EL4
ahH
358
ESY
dnT
h8_
djI
HO2
BC1
d23
aUX
CGO
aeK
bzQ
FZ0
NTU
agv
f18
I3_
ghv
cCK
e23
bF9
hC7
dm6
eHN
LSU
duZ
bSX
buR
deA
dir
EZ9
N56
bjs
dpL
I34
fEK
gq7
HW3
cjV
EO7
fgK
NZ5
RUX
eoD
hLQ
INQ
e3_
SZ3
bJ6
gkZ
bAW
c60
cFO
cmE
D48
grP
bgA
bev
DJK
cfh
R6_
gAF
ehS
bFI
fN4
bv5
LN2
CZ0
ai5
bu8
IRX
exD
hGS
3
bx4
CG0
aW6
bm4
ceA
C10
AJ9
C5_
Y50
dk3
KY4
fC7
gPV
hGV
hJY
CP_
FL9
eo_
aHN
fY9
IR8
KNR
dR8
PW3
eJV
EX8
bkv
fS9
MT2
eO5
aA9
gkn
B20
AJ8
atZ
fm0
BE1
dAK
amT
DTU
cEJ
dZ7
eV8
g8
EQZ
gwG
aB3
JX5
gCN
gJM
I5
GJ1
BHS
GX4
ap8
aAE
ceS
anI
fxD
gF7
BGV
FY0
eN1
SZ0
NSW
780
W3
J9
bO0
RY4
GL7
T89
bE7
JPS
JLP
GI_
eK6
DV7
fsZ
K3_
biD
ANS
bqC
fjl
PQX
CX7
d60
CIK
CST
BMQ
CS1
EV9
F9_
X34
adP
bet
fs4
C57
clw
d14
bLW
dj6
IW9
Y3_
W
eZ2
OX3
LNS
bhD
FR7
SX5
foB
ayT
bnK
fm
EGZ
ayY
cG_
dL1
dxL
bEG
AMT
AW2
FO2
GY5
ekm
AN3
aqV
ER8
AG7
ABO
X2_
DL9
H40
BCG
fB1
cgU
fUY
for
dn3
HS4
fh2
aAN
fvH
EOU
BM4
GS3
AJV
HS7
O30
B2
bQ9
fiY
gCY
gnx
ER9
cIL
Z5_
JV2
cpN
AL8
GMO
SUY
fMZ
arx
dX1
EFR
ax3
agK
ftO
IJP
cES
eE6
HP3
LPR
gN3
co1
dP6
N79
fLW
WX
X_
ac5
eL0
gz6
M10
CY
eZ
ABK
ANU
gJ5
IO2
QY5
PUY
fU1
gh5
bht
AHY
179
cf2
U90
PQ8
dqC
bY6
fTU
AO9
F
ST
az2
AZ6
h47
R45
ak4
cLV
f69
cGT
cIY
do2
JKY
hC3
CZ5
J_
JR3
BM6
R80
bA
BEU
TVX
DUV
bL4
cv2
exI
diF
RW_
eF7
LMS
JK7
cdZ
eL9
enO
MVY
hFK
fjB
axD
NY3
C18
du0
egr
eis
FT0
fm3
B13
R70
PY1
NX3
b8
J2_
af6
GN5
eA8
cY9
ABQ
F89
dm2
aes
fjy
MQ5
CMV
DI2
UZ6
HK7
bcL
HU4
fYZ
AGP
hAX
bN3
BK9
gNQ
IT9
Y23
HR8
c20
LM_
erA
gCZ
gFJ
et5
dis
deu
brN
E46
DFS
B89
HI3
VZ9
ABI
dsT
LY_
GLN
RW6
bUZ
efZ
DL5
ds9
eUZ
LP7
U57
R
dV0
eix
bkr
bJ9
dio
UW4
LWY
bRZ
dzT
eH4
doA
C_
BGW
DG6
eKY
eos
NSY
RZ6
dJS
brW
fkE
czN
dlp
H59
bCJ
aqR
fkm
FO1
dF
eyT
cfM
ePX
DS1
awX
fg4
eq4
RY9
hIS
btJ
FS4
MV6
F29
av5
fF
DY4
Y6
eFU
gBI
gJ0
aTW
cM7
OZ3
dq_
dzR
BS1
cP4
gEP
gj6
W6_
aW8
bA8
DF2
dh3
EFJ
dsR
eB9
O35
gT_
CG1
KY_
GN4
AW7
aq5
ez_
gm4
fpX
F5_
J15
egW
hA5
HZ3
LQ0
aHQ
DKY
bBJ
cW6
gln
IY_
dvT
bW0
dlK
hNY
apz
cAU
bsA
PZ0
cK3
dsY
56
hK6
be5
CE8
KNW
aC7
BLY
JW8
UV3
OZ0
A40
KSX
crW
cuX
VW5
eHK
IJ0
IK_
R8
RV6
hFG
P30
dBG
dt6
gN8
auw
fl
gH2
U9
GHX
a6_
gqW
QUY
dq5
fyC
M7_
Z8
arX
avG
K57
NT4
eiu
dln
fP0
ghZ
gS2
RX3
PQR
IN5
bqT
bmL
D39
RS9
ck3
dl
dt1
AG2
ehk
bcu
BN3
bq0
gmI
DGW
bzO
fgG
anz
emG
gy5
bck
gqS
JW2
dyz
gT2
gn9
BN4
dK6
bL6
dPR
eip
bU2
DY
gTV
FW6
FHV
b40
ejk
gkD
B
fK1
gtM
IW6
QS
_
MS6
WX5
dDK
bN6
dxO
LNY
MQ4
fo3
ckV
cFX
LT6
FOR
bDO
dGM
OS2
gI2
GR7
dVZ
eQ8
HL9
bd8
HW9
gq8
hCF
OW1
RX6
SUZ
ayz
G0
fgN
JNR
emA
BL4
DGI
aio
ajz
GOR
csU
EF1
Q7_
IOR
fN8
HX_
CEJ
DKL
UVX
ADF
ABP
NSZ
cKR
AHQ
fwR
fKR
eFY
bG
cDX
P0_
D4_
dhp
aM_
EXY
av
RU6
ab6
fs
chQ
ceM
gV1
RVW
gwD
aC9
aO_
bgN
by9
fuT
f
JL
bu2
FO_
aP1
TV1
eAS
eD0
gGI
bu_
MST
bDY
AJR
fx3
en9
V78
fW5
APR
OX9
do
eo0
gFU
LP4
IU0
EI_
KPZ
aS1
EPQ
cgm
fB3
S
J20
bs_
689
BPW
alt
bwA
BDG
cjD
fx4
fs5
dNZ
QW_
eoy
apL
di8
ayJ
afj
c36
dL4
g60
glW
EJN
KR7
gkH
P24
KY
J4
grv
cuT
gJ_
bcx
BZ8
az4
dPS
chs
bfY
AHZ
aCU
gvZ
efi
eY
elp
KOU
ehp
L80
dBK
dmp
frC
as7
ITX
dmy
bpK
gnU
gxF
KX
CDY
fWX
eAX
bp5
eyC
A30
ABH
LZ3
aq1
Q
eC5
DHX
KPW
eMN
U78
b38
awI
fiR
CPV
gxT
GI4
ajW
bdV
ew5
cez
NT7
eGZ
N40
IV4
deN
aci
azW
anP
CGS
Z24
aIK
dMV
dDQ
av3
RW7
MQ3
OT
EM8
aJO
alZ
cE3
BM1
gR2
IV6
CSZ
ILN
S46
bk6
efD
fjm
hBF
APY
bvX
gBE
ceZ
LO2
bFM
fgT
cxD
AFR
brI
cJ8
eX7
dG5
R15
JV6
LMV
gCD
EN5
IV2
Y24
adz
FKZ
EYZ
cnY
dek
ehW
PR8
cly
gzP
GJP
TUY
X60
efT
GTV
cp8
C50
J16
bfP
dxN
EX3
c3
HU0
DEP
goN
dzC
gjT
JY0
dN3
adH
KNO
HQ4
a0_
agp
I16
deK
GM8
cQ_
K2
eqw
DFX
C0
OW2
Q20
V56
R23
as9
DN4
GK_
HT0
czH
ISV
chj
bhE
MUY
br8
eNT
fS4
glT
fIS
fn8
XY8
aIL
fyQ
dsG
eX9
A79
cl9
dNY
CFZ
blo
ds5
eD3
FM6
bB_
fq2
bI1
dw4
KW6
gvW
gAT
FGY
dD7
IKY
EP1
CS_
doy
de9
gC8
bqU
BUV
AMU
E24
GI8
HKM
NY1
bq_
fAD
fMP
gux
eJR
gJO
KZ
fP9
IW5
grD
Z20
bL3
cyF
elV
BUZ
Q13
eiL
fvy
eE9
fh6
BP
fAY
EI4
EK5
bsC
gT0
cCG
gOR
cV_
QTY
R67
cIO
g4_
aeS
fE0
BK_
gx6
40
N68
adK
dw7
BCN
HO_
DJ2
dN
BWY
ei8
aKL
evF
cT7
hD6
dv4
LX8
bgu
GM3
akH
dvJ
dfD
cu6
ez6
B49
K1
NWZ
EIP
TZ7
JR1
bH2
bi_
A69
eTX
gAZ
H2_
bhw
KN4
fVX
dkw
eDY
f26
PY0
efB
fmp
DN6
FJZ
bN1
go4
K48
QS4
B45
atQ
dBV
cnB
aQZ
dhi
fk8
HSU
giu
EV4
byO
eD7
NO6
gzU
CTU
axF
ES9
fiK
dwR
dfK
eh5
dJV
agL
bR3
aFQ
fyS
hEH
cW3
fJO
dR9
bK9
euN
gwR
C6
INR
boq
M35
ehL
dry
FXZ
dtG
FJ5
GTZ
gyE
GI9
bdN
O8
HN6
JUV
J78
awY
DG8
cgs
anM
bgB
glX
dP0
elB
GJZ
ceC
eH2
az5
goy
KX1
ewz
ciV
O8_
IZ2
f20
b6_
K7_
I60
AOX
dFO
eyD
aNX
fWY
coH
dmx
AR3
CIR
eI0
FHP
fiy
NS3
JWZ
be2
fhE
A28
eHR
cHM
EMY
ciZ
eIN
eRW
elP
467
fkU
cl0
fqL
R8_
QRZ
BX7
OQT
TZ1
bZ_
bq8
gk_
asv
aU5
GV
ADG
esG
CY5
gw9
GL_
boZ
cj_
akJ
fw9
eV7
cEW
gkS
gIV
fpS
b0_
e9_
E69
eKQ
eqy
IQ3
dtX
cj8
eT_
eU3
apK
KRS
U1
TW4
BH9
EMZ
ew2
fA
G89
aqY
ds8
CMT
bo7
fgl
W18
gkV
bt1
agU
CS
cJT
AD4
aB4
cCM
br_
dB4
cvI
gu8
GIT
A60
fjU
GRZ
auN
EMU
O69
OP4
PTW
247
dzK
guF
blG
hLY
9
hE
emN
ew
cgh
gnw
bo4
LQV
gEL
B30
MSW
asW
diB
buY
gkP
B10
BNZ
hBC
UZ4
aX
2
GZ1
cqD
d8
dU2
eLQ
h24
ADL
eoX
eTY
avB
CK2
SY4
78
eoQ
eCI
aU6
EMR
cNX
fMQ
DN8
gow
HL7
BJY
acp
chO
BOT
KL7
biU
FQ9
IK5
cuO
dzV
erw
fPZ
C78
dfy
fX0
LW6
0
dsQ
GLX
DPU
KV3
DZ9
aUV
bxD
acW
F15
fqx
dUW
B90
bkF
fFI
gG2
gm9
E34
eq
DEO
G0_
gJK
cEI
diJ
eqW
hJL
ETV
bCW
QS_
HP9
dj2
BFR
adU
cjY
elE
GSU
evG
AW9
OP0
bEY
K56
BEK
14
ckK
fjq
bO_
CF2
GJQ
TUW
hGN
GPT
bHU
K6_
dqJ
fkn
aE_
bez
J17
cry
dmo
CU_
gtJ
E
gzN
bVY
CTW
aj3
BK8
FKO
bC3
gn6
dU9
OZ
A9
DO3
bT1
dtQ
anH
BX3
AOT
A2_
a12
dGL
eY4
G45
eC
DJM
HQU
auC
A1_
CS4
bB
gIR
eRZ
FNO
HM_
fgU
HRY
gPQ
abd
CLQ
bKW
cHW
hI_
bnQ
eqx
czG
ELY
fq9
QT1
hGR
brt
237
cB_
A46
cxS
fsK
h70
Z28
QR6
BN9
DL_
EJZ
fF8
foV
gu
adF
fgp
C3_
S5
F57
RT0
MZ
fX6
W89
KL3
LX2
HN2
FJ8
hBZ
en8
bnw
ej3
SU_
LU7
ASX
KO
ER3
c9_
AVZ
fOT
VW
SY2
I_
CI7
AX9
L0
apU
emQ
ajp
fF9
eY3
gq3
M17
I1_
bKO
dnq
fL5
CD7
agJ
bdv
bhL
cyL
dV_
fPY
AQ9
CNP
ejB
SW8
VXZ
cM
fl3
boR
eR6
DM4
ajM
eBU
AX4
V38
gV
arV
HTU
bxY
dyC
agk
LT4
dgA
ci6
fw
CSV
dC1
KZ0
NSX
GPR
Z4_
NW7
VX6
gY3
h9_
FX1
aPV
NT3
IRV
VX1
dl7
CKV
T49
NUX
fqB
aeq
BDM
bs1
dBY
MP0
es7
NPW
DE6
A14
EJ7
anF
hEX
cO9
eW4
HU3
f57
an5
fuU
cv6
eFQ
HZ4
bq3
M26
dpW
fwz
bqu
aI_
cAV
E3_
aQ9
FR4
L34
efj
fkI
fOR
TY1
AR_
F68
COV
J28
emS
din
DG1
C7_
RV
cjQ
DGH
PSU
fnE
bqV
cTU
IN9
JKU
dj5
cG
bjV
dtS
dgC
eF2
amC
ahp
ftA
JOX
fD4
afo
GR4
KN6
aj2
bBP
bst
aBY
aor
fi1
fiS
aAB
CT8
erN
bwS
X19
JO0
KMQ
BZ6
biX
BJN
aES
etK
cHX
dAE
cwP
fV0
OUX
cZ9
dBF
dP5
fER
DMO
GY3
cgC
akN
BQ_
gx5
M45
W28
buC
asG
hI4
elq
fj2
GI3
LRW
aOR
fko
JM_
g14
JZ7
btE
eOX
bis
GZ9
br2
afH
FQ
EN0
egL
fkD
CPQ
goY
QW5
bs5
AF1
eu8
CKM
fH0
dkK
gBH
bsF
D36
fAT
dH1
bE6
ET5
Y16
bn0
F60
dxT
au_
ST3
KZ7
cC_
dxX
esU
IRU
JY_
Q40
bv7
EZ7
cvw
cLO
cx_
abo
cSZ
K69
bmz
GUY
IOY
QY8
frE
dDG
M90
e0
cjR
17
g90
aP5
asL
ayL
gGK
HQ2
HVY
CJX
eEF
fF1
BCI
glF
eKO
aqS
AX1
bcJ
KMO
eDV
CU
YZ5
dg5
hM3
IO5
dqX
eyV
MUV
efY
aHJ
cD7
fxB
cxR
acd
dV3
QTV
BJK
ATZ
aFP
d6_
dwD
gSW
adS
CLW
HW4
hLZ
fJR
eiU
fQV
bgO
D57
AT6
aeE
dyJ
EX5
ep0
dR3
aD8
aMS
eq2
cw_
ef7
fvZ
BG9
AU6
DGX
gq1
hL2
MPV
dO3
D50
BR
O15
G5_
DK1
bO2
Y35
TZ5
479
chm
g40
EP3
cRW
JQ
fqP
AKT
bgV
PXZ
bq
df3
CR2
fmw
eAL
47
BN5
HX4
dmq
UY6
bpu
FHK
ei0
INO
fu3
ag9
awS
gF0
IJ8
gns
gzW
bD5
fwA
ekA
MNU
eQ6
cL3
PQZ
dh9
GJW
di_
bG2
gy6
18_
W8
COQ
ELS
U79
eDR
dw_
G38
23
gP0
gZ6
ADY
fvS
DE9
dkl
cuF
P2_
NRW
bC5
bnM
b34
flz
AB
K14
dEI
aoF
hH8
aAT
E45
cpZ
btL
biI
bqx
cfp
gUW
IN_
gBC
NU8
env
NX
aIV
DR7
bGM
C
NQY
dk4
W6
abI
S9_
arI
bsZ
cF
eBK
dPW
IJM
bcQ
HS_
LS7
crX
eG6
c24
ANW
aqJ
cM_
JT0
fqG
bP8
CIU
OQV
dF4
cDM
fGR
fnD
I28
AE3
cjy
ahv
gB_
ce_
fGK
beF
fEW
dBU
E80
aLU
blv
ai2
btz
efX
ayA
g47
gH4
gIW
UW2
fo1
EK9
IU8
cqW
egx
7
IU7
UX6
LM3
bj4
e79
J6
apI
b7_
OTZ
dqS
hHW
QUW
cuy
T3
an8
bn7
dzJ
fFU
dfr
biH
dqA
gjw
eEL
eyS
GO9
AMY
gjN
cM9
bew
eJT
gip
dfu
BH4
ER
19
R17
aoJ
foG
b24
KP5
aC2
acf
gX1
aOY
dT1
hA9
bQ5
T69
D19
aj8
bpR
chY
GU8
FUW
gK7
hAK
cKS
TU3
JMV
dqw
BKT
biF
dW1
N37
as4
dr3
f37
dmI
anL
coJ
HP7
AMZ
X80
IMU
JNO
dR6
fuY
N3
GO5
a56
cfQ
aGQ
duL
460
crK
dtL
fU9
cqA
esJ
cGM
auU
abr
cPY
CL2
DY0
aAG
dK3
AEP
abc
CQ0
PV
gmn
bx1
ceY
LO1
TY9
RZ8
APS
ev4
ghQ
fjK
RSX
PT7
gps
DIM
dmP
JW4
CU1
bLU
deO
eG0
cgj
OR1
ER6
bU7
dfG
GX9
cgO
GQ7
aCZ
fHX
br7
cmG
cu1
HP0
ET6
gn1
bly
JLV
U3
Z10
aDQ
dAH
BR9
eoK
GLR
eV5
KR1
EHR
MPR
aSV
cgq
hCV
aIP
giC
E50
emp
O23
cZ2
gtO
XY
gR6
dE5
IL
bOR
S35
dP
NR0
bfy
V1
AG3
ADT
MP_
MS3
dpQ
QUV
D10
V0
IWY
GW6
d4_
Y47
G19
bMX
cEU
ek7
aS0
X
cwJ
gin
ah4
eI7
KSW
GSX
gzS
DJQ
bgt
h7_
bcE
dwP
beu
ep1
ekO
biC
aMX
cFP
dpq
fOP
CPZ
fA7
DGK
gyL
IS9
eiv
bsV
DGS
fE6
f80
cEF
PZ9
BDL
EMQ
fqu
DH5
fn_
gor
gj7
ES_
gi
LOS
V49
cQ9
gB5
gIS
ads
NRU
COP
aey
epu
gPS
IZ9
gAK
245
emt
NP7
fxZ
EL
b37
fV5
SY
bA0
aR9
EHZ
AU9
aqK
EQ1
ao1
cN0
eUW
blD
eZ0
gio
dL_
GW
gH
aV5
OR9
aiq
dIM
acq
J
fyN
eAE
AUV
afp
ew6
fpx
hB8
fz6
aAI
ep8
GX7
ceO
egp
fpt
goA
356
HUW
eM8
AQX
HT_
CH4
W2_
blz
gL4
TV6
U6_
fqA
fjn
giV
IR3
gZ5
EU8
bMO
bm5
det
aP0
NPY
DK7
IQ2
cr8
czS
d47
hJ6
ay2
GX3
JOZ
O
FR9
del
akL
FK2
bjH
goK
ers
JL9
OX
dpK
CMS
bkq
gZ0
EPS
drK
CO7
hB1
569
fv5
fDY
ben
cjG
eCF
APX
gI1
I9
etW
alz
MV
cpE
JMP
bAS
brz
auA
dSU
gJT
cfJ
aJN
dU6
HRX
bsS
AK3
emu
flM
IOX
aD6
adh
asz
R34
UY3
IX_
euO
KR5
bjU
cgn
dp9
aXY
fx8
hE0
UY_
bx9
etF
KUW
fqC
MT3
els
AEY
EHV
gCI
AY9
dDI
cPW
D28
FH1
R57
czD
dX6
CL3
CX9
adu
dV4
fq6
EPU
bzM
hG7
egR
drA
dmT
gJR
ai4
eA5
KRV
MYZ
fQX
EJV
J49
fsu
dfH
doK
eR2
fwD
cqN
gmr
CNS
apy
dp5
avO
djn
fxA
dxK
djK
fmx
eQ
fT_
fnr
go3
dux
cA0
aX6
ces
g9_
cOW
EY4
fq5
MNY
cM4
JT4
ctS
dr1
bk2
W40
eC3
BP9
AIX
K1_
gkL
GL6
f7_
gpV
cjT
LR6
dEP
gY
ajH
hGL
cLX
ex7
FL6
bAM
apR
cdI
Q80
OV1
eL7
fZ9
fFH
eyQ
hIM
bpH
eL8
gmu
fvL
PR1
EM7
dBE
gFX
CDS
aQ6
g5_
DP9
aM8
csZ
adf
g4
P10
fyA
KS6
CLY
HWY
gF_
OU8
DM0
FN7
cnE
NP_
bgk
fuJ
TX1
HI_
hI
ctN
P48
cn
cnu
frX
gl0
G10
au8
BI9
PT3
249
cET
fuI
g78
dtV
QX0
aiV
M50
ctE
dl2
hKY
IX3
EY5
ehI
bjI
dmS
dwZ
fn5
KLM
DOW
dtN
SW5
apJ
AH7
cx1
hL4
XZ_
acB
ae7
aE4
ejW
bJ5
etx
GJ9
fiW
LS1
gsW
dT8
asD
JQS
S27
dgQ
eCZ
fnF
ajY
HN_
dS3
ftu
afB
b9_
hA0
bNR
dgY
gpD
R28
fW1
epr
cjp
fT3
cDH
bxI
hM0
U10
boI
cg_
glH
KQT
QXZ
ef6
hH5
akW
blH
V67
IJR
alT
fQ6
DEZ
bgY
BD1
CY9
QR9
aY3
b67
bfK
cfs
cgH
frs
dm_
DH7
dkz
dEQ
DKU
TV2
gi4
GM7
fqt
gtT
DNP
aBO
gMS
IM4
dV8
L4_
QYZ
byB
dy8
CDW
b17
dHS
EX1
eAQ
auK
gqF
epv
DYZ
eH3
HO0
AF9
DMU
DSY
eEM
dfv
V
bgD
ezC
EGO
AG4
NWX
CJ5
alH
EY3
cZ_
aiz
dkv
P0
dqt
f89
doW
GMN
FUV
NY2
abn
cmF
T4
arE
fn7
R79
AEO
aiK
DJS
bY2
gr5
aP3
bBD
cv4
cwG
gY1
ej7
d25
fCG
CNO
fr_
aV6
avX
bR6
cix
EGR
LV6
bW6
PQU
ST5
NZ_
dgS
fQ4
DJX
BY1
fOV
ciM
KOV
asY
JT5
aRT
gt
bhW
fJU
ctW
go8
KZ3
M3
fO6
DOS
I68
IR1
AEJ
c12
dS1
IX7
hAT
KM_
aq2
fI_
LOQ
dvI
CU0
agP
atv
cC9
ceN
gn2
H17
IK6
12_
BIV
AL1
HXZ
ev5
GUW
eAW
ARZ
bgm
dq0
BRU
IOW
AF6
W79
cHY
C26
fhn
frM
QT8
fuE
gM
gqK
hEN
BDQ
alJ
HIY
g34
NRS
MNV
awJ
MV5
duv
fij
aIX
ERV
gjL
AR7
ALR
JW7
bMT
dOU
cP7
cei
GKO
b27
IY5
fk2
L
b18
bzJ
KVW
HPT
JL6
bJ7
dX0
RSY
cw5
BFX
DIV
d34
erY
G
bkn
bdC
glK
HI8
DGL
axP
eV2
JR8
BI0
dS4
cfx
fU_
V29
fX5
bio
exZ
aq0
awP
PX3
IQX
fj5
bIU
bvF
cs_
cxF
BL3
d49
W12
e17
bQ0
aqA
OVY
DNW
DZ4
GS
AGS
T70
cQS
cfP
eyB
alP
bnO
ajV
ef8
bk_
cuz
aM5
JOR
JO5
cgo
aP7
FU8
dGI
ERW
CQ1
U80
cdo
a17
fl2
OZ9
dF1
axC
ALT
eIX
ctY
g37
gJ8
UZ7
gtU
BL8
hMP
eV_
bF1
egj
JM7
aiB
hJ1
ah1
bBG
PRY
O12
U25
FT9
buS
giy
hEF
KW5
exQ
cuE
afS
cJU
cxB
JV7
bcp
bgl
fj1
hDL
JL7
B80
afn
DX6
dhP
cqv
cz3
gwT
aCD
eOQ
hE8
GHP
bsX
ek3
fuZ
gN5
evx
asu
aC4
ABW
fu4
GV_
d67
gDN
HIJ
e16
aPQ
bDZ
hL1
B7
ag
dr7
bU0
AFW
cd9
bZ5
fu8
AHL
es5
eJK
cJ6
RY_
ADH
WZ_
DW
KP6
Z80
dmU
MZ9
fmZ
AS0
ER1
aN2
EGL
cky
L50
bT7
fFX
NR1
ghA
bit
gs9
AO_
OS1
W5
erT
aP_
hD7
foR
O10
EHP
bOS
gmq
BJP
frR
aT0
W1_
bv0
esy
cfK
bfh
eqz
fhm
ejL
EFH
dlR
brG
LX6
NS7
Z36
bgW
bdy
Y70
hCE
YZ9
TZ3
bT0
bU_
dyX
gQ7
glr
aNW
BMY
dAG
bT9
ehM
efS
enw
DH8
gh0
NVW
cjz
el2
DY2
gu6
1
aLT
bl1
SX8
IU9
fI7
CH8
enp
gvY
BH_
C40
GPZ
LUW
GHL
fiJ
ex3
DZ
M3_
box
EJU
fsS
U56
UY2
DST
fr4
h60
bl2
AE_
bpx
E9
ci_
ABN
cyU
aoG
blt
dHT
ALQ
FV
R29
DT6
R12
cgA
gl9
a20
aoA
APV
fL
bgX
atN
QT6
CDQ
dtB
fow
DFJ
VZ8
K12
I79
GU6
drQ
ckX
I
dky
c4
PS6
dkW
hNR
V24
bk0
GKQ
gBO
CX0
fvC
8
cnW
gJL
KQ_
BKR
d16
HOX
GJ4
JU0
bIR
bK
cjo
LU5
beJ
cpY
IU5
dN9
R4_
CRS
dem
dhG
fmP
eBD
BCQ
alu
dMT
elx
NTW
CGK
epF
eyF
cgt
bIY
AGV
bP0
HJ4
Y5_
HPX
eyY
BQV
fsH
dLP
fg
I9_
dS
PZ
OW_
eoN
fwV
bKZ
gY2
bny
fvA
DR
UY
HQV
Y19
CW8
U12
eB4
eW7
eg6
fJ5
hLM
cl7
EJK
ck5
T9_
gs5
RW1
gU1
aF6
csP
aR1
aS2
Z50
akE
ewZ
DOR
I0_
aDI
dM3
ekl
QZ_
gzC
gtN
fpZ
gM1
bsU
fgR
exM
beg
fgz
gsN
bO3
ADE
bfA
QSY
bZ3
eNW
gRS
IU3
ahL
grA
DG9
ap
gCJ
LP1
deW
BGS
aF9
bu3
cv5
OR2
ajo
azV
ary
djG
BQY
bc4
NV2
bNS
DVZ
fD8
EUZ
MY8
cx9
fhX
gHZ
evH
BJ_
hA2
dCS
gXY
gmD
BE3
GX
eF8
CMR
cfR
ei
ftF
PSY
FH3
al4
fL6
W69
ckw
ezU
enE
CV0
AOP
LOW
aCK
akC
eGP
BZ9
eX0
fyH
FNT
h27
dgJ
BY6
DJP
PTU
fM
gAS
dzW
H47
eE8
epw
beQ
LNV
dhI
BU4
bo_
gB3
fin
AC1
cgS
dX7
gpY
