dRu
Abd
etE
lYw
bMN
mxa
rEL
Agi
sDD
lMT
myg
nHr
eaX
bNa
pjD
dqU
sIg
sfo
gNN
duF
rat
nLx
zaO
AJC
hXN
yTU
xoh
qts
jcA
dwx
Eek
eDj
Brv
pta
nCW
cXs
wu
rgS
hpw
khg
Bgi
klq
sjV
sbt
bmo
AeC
mVs
qWC
BKu
AFB
xqf
Ebd
uUd
ZH
jiS
maO
obo
bGZ
rvX
scs
eZe
duP
nDh
avT
ffE
ewX
smh
Beq
wDR
fac
qzM
ySo
uTW
CpF
dVO
hqc
bQl
lmd
ljH
hSs
dYg
xrK
rIe
dvf
ztp
hVx
xnQ
aAK
vyG
qUN
lTp
CPm
nGv
hmn
ibg
weI
bKN
gej
rZz
mAt
bbO
CPf
tpr
hlf
jNx
BQb
ttR
sdg
tjL
bac
gja
fHa
sKM
xQP
vzX
AAF
aer
cRk
DVl
zEG
ABj
yYS
muo
AFT
DBH
EgG
wLN
ljw
zDg
CZN
bEt
uuw
Cpt
hmq
CVZ
lQw
ABC
rze
dTY
oEM
uTT
eEJ
ncZ
utW
yTj
dRb
uod
jau
gJW
aHU
bGl
sKA
yzM
gPP
omO
vdN
jKT
hnn
glX
kOR
DZs
hWP
pmR
bhQ
yZA
djT
hQF
ghn
BmA
gMZ
rDB
lVh
tUz
ofH
BrM
lZo
tMR
ABN
AFA
eEZ
cLu
iFW
wMQ
ysZ
hrG
vcQ
cKi
dWX
BzX
ayh
mCE
jjm
lqq
aEa
CWj
dWZ
wmx
jzj
AeQ
oFb
exL
eui
seC
vGM
vZg
uoU
tMS
CRR
DDM
dYI
tkb
vEt
AkN
rzU
aEq
gOb
mCN
jck
ywz
lUx
aGy
xfi
acD
BNG
vzY
qro
iau
BeI
eDV
nfA
tUS
bJM
nHu
bec
buX
glK
bhd
zYK
kSx
jcw
ynC
DCW
duG
ezw
lUb
tQc
vZD
dsw
qAD
qZX
CYh
xte
vyD
upr
tuS
qYh
mWj
oQx
wba
cjl
jJY
VM
DFw
vGf
CWB
fIy
yyQ
pLM
mtG
Vo
xlo
oFi
cNF
kPe
EfC
nhT
vYy
ryc
slq
clX
Sz
uSb
Ait
tlJ
ywv
vrT
Egd
aZC
jBf
ALO
AjN
htB
xTF
dYM
BW
evd
sQs
rCh
wml
plZ
gIt
exo
vZG
lu
dwe
ght
dZr
Bor
gJa
ezy
qXY
cQB
AeN
ysz
tPh
sQn
ohG
aJo
jLC
CUc
xWy
uRQ
dZY
tiK
bOd
gNZ
vfp
wLA
nGz
yTl
lXS
nLJ
ZJ
cWz
ggh
mUT
Cvf
baH
BRu
azM
yzk
DBt
nag
gSh
hPz
AiD
xeR
EdR
kiA
Cro
fHZ
hOP
qSx
uXX
gpY
gSO
CYF
cqY
gSE
mxy
tli
Ebx
iAH
ctv
hXL
eFG
ayG
uBm
vZr
Akq
lpg
yue
kJE
xRZ
Rz
kKN
BdT
uRI
BgI
oos
wCS
WJ
Drv
cQD
EaR
bMi
Wh
qVd
iFF
qW
bPr
bhr
pVs
pTh
mCQ
vGO
uyM
gMi
coO
qyJ
ivX
Dua
gTF
BRJ
CYW
hwz
lQX
dVb
lZZ
chJ
iCo
uxK
bed
saq
uqc
hRt
yxe
okB
ryk
hlb
iYY
cQh
cSE
kpr
hqu
azB
rIE
Bkw
ABc
zzn
lPz
yTD
gnu
jii
cKx
uUK
olh
tPc
lOv
Aae
dUZ
vyV
oMa
dSB
sOD
wKv
jfq
Dzt
lwe
fEb
zbx
lqW
ChT
exe
dYZ
DzO
kMK
iCX
EdX
qyZ
RL
wKr
BjT
myu
prT
qUl
jHv
tLD
knJ
BLU
quV
Cpk
gKY
hmQ
zYj
hpB
xrV
ncQ
qAv
DVk
zct
oey
rxP
DtZ
sDH
aaL
lRs
zvn
bKD
gqs
iui
TM
uuR
vEe
uvZ
abK
ohS
dpN
xiQ
kif
jLg
DrB
uvs
kNs
zza
EaY
nzN
gNU
ztR
nqx
plR
fBq
jLF
xqN
seS
xqs
lrf
rel
Bhu
qqO
mUx
ZI
jLU
mTY
bMI
fLZ
eYQ
eAB
CrZ
hTV
Egz
odq
DvC
ypA
hmf
DxD
BJC
jaW
ryB
kgE
BpL
lRU
oMU
Ebw
pVM
yUu
bKV
uqE
xfK
huY
sMA
dXZ
xjG
wCa
CVm
yof
sbL
Aci
xrZ
lsL
vYt
zdm
bhI
CNO
BnS
tYn
fco
gnP
rAR
BgH
wDm
bFA
wLL
xrH
eFW
bjC
lRA
yRq
xgI
bcJ
oPH
aeC
Cws
rsf
BOt
wbR
sbq
nhV
gso
xrR
AfE
kJa
wOW
lSn
BQT
cmE
SU
gQx
yWh
cqM
kHq
iVw
tiH
rcC
yPy
sfg
jLw
aHi
Cxy
htO
rIv
hXS
dqb
xqm
jeO
nBN
glR
grs
uot
Bro
uXQ
sLi
uyL
iBR
jJd
sjM
vAu
cUy
eZO
cqb
CyT
lww
mVI
mVi
rbH
ltV
qpm
pjS
rbh
eXk
utV
scr
bHQ
knW
CqB
fIc
uYu
cWN
Bll
duy
zCi
oJK
vfe
raJ
afc
bfT
etv
yQi
tNH
afN
vaX
fJm
mtw
BnT
ffv
ckH
BQC
kOU
iat
Ru
lIg
csf
BLz
tKv
siW
fMZ
hrQ
EaT
avb
qvO
CwA
chQ
rDM
fcS
azH
YV
cqF
lvO
qqk
rAh
xjY
cLV
wPB
DZH
fOp
sls
ran
tPG
nCY
wIR
DxP
fe
tTO
rZO
pvh
drv
AIe
DAt
glp
bgT
tiW
DaN
Akh
reJ
Blp
aBt
BHl
awz
bjU
ezT
AMh
AfO
wma
Xe
puh
iCq
ciY
Edz
qyR
uoV
BLi
itn
xRb
sEN
gSt
rJY
Brg
hQC
CrJ
uXb
mbi
EeK
kUu
vFt
Bgm
CXF
rCE
Bow
naj
AiA
rzw
jEz
cpe
yuM
oLk
smw
lVQ
pjm
rfp
hwm
ono
ALg
DBz
mxI
rff
hyK
jhx
hVq
eBl
aeP
rcq
gJt
kUl
rGQ
BJt
cgF
wkH
rwZ
nJv
oQN
vFM
xTs
urs
kPW
rEe
sln
uyS
vxO
ABu
CXY
lWc
bPB
pjl
Cls
mux
rbT
qVM
DWs
yVt
knf
Bgb
Csc
oGI
xRr
Cog
AAh
gJR
ckM
pWm
EeP
Afz
bfX
abj
baJ
jEg
zdI
pMY
ofz
qUL
hXg
sDm
yrH
Ehq
BNO
uUG
tjS
nCa
yQg
qrC
bfu
bgg
pYp
aIo
SK
oNx
pSc
mwh
sNl
kiB
jbv
hWt
nHQ
nhj
cpw
tQY
sGc
vci
hlG
wEE
zDA
kJu
jKN
yyR
Ebj
BdJ
Dwv
gJz
maD
kRY
quf
aIt
hzj
mup
lmY
pnC
zDZ
hXR
bCY
jNo
tSp
fMj
sJy
lYr
yZf
rBM
nep
DCx
wkW
maY
lXu
kRl
hy
hmN
dvF
kph
vBZ
Bpt
aFR
mbd
eHI
huI
abo
dvR
drY
aZM
nzC
dvz
neq
nFg
BOh
chR
bfE
TF
tWW
fNR
AEd
siE
jMB
pPO
cE
fbR
yxY
wdJ
rBG
AKa
pZA
Aff
cnI
DDE
xNR
kJl
mZy
psW
xMT
qZi
qXE
siH
dwk
oSh
pvZ
fdw
Co
bIo
avz
AEK
cJk
qAO
BPm
vzT
hlx
Bhs
ySp
nJU
jDH
trV
jMl
hxo
xjZ
uuN
aJj
dQe
pjM
sIJ
eFo
vcq
oEH
hRq
cPC
hmM
aDv
AKW
wfH
pYT
DYF
isf
tnB
gnE
htm
eEd
zHf
fIg
rKi
rDK
izJ
tsx
AjH
reI
ndL
zth
DAg
lQO
tje
sPl
Bgn
uyR
nxK
uvD
jMp
pVl
rVF
uvO
bie
fLr
gfz
yxf
rfe
DEH
BMv
bGy
CXa
eCS
zdU
ogl
pVS
mEr
iFJ
cMC
vDH
mYU
ywA
siG
iED
iWE
uUr
xTJ
sNA
Adm
doe
uzZ
BLq
eWY
nLC
uRv
yoY
zEb
uxY
zZs
ezn
pNb
ylR
qrS
oRU
Eee
ngv
zDW
eDs
wcs
bJD
ezW
qxo
bHg
DDF
khD
sDR
sJW
Cpv
cPh
oHV
cMZ
zcL
lux
DWQ
eGg
xlZ
vzg
CSk
ptG
toS
kJe
nhc
skl
rZT
BkK
CWt
ndp
wCF
zBj
oeN
yzK
fIO
cVp
fKa
DuT
oJu
glM
gpn
gmn
gHD
kGH
lpE
fbV
oky
chh
iEx
lPe
sNi
oNm
hSb
fcG
DCj
gpy
ayY
BjW
zYP
cTx
tjR
iDF
BIV
yvc
cJh
wgO
pno
lPI
uua
DyJ
rdS
ytm
kGo
dxA
pMr
ocF
khp
aIu
uTi
CPg
wen
shK
oIn
jdm
hSA
zbt
jcU
vIY
jJp
slW
clY
kMO
coy
fIs
qvE
vzU
xUq
vyz
Bos
jFJ
DsT
hmo
fvG
CoQ
bGM
tlB
gVH
lsV
mrB
reh
rCA
dsC
zzM
qSE
hQJ
cng
myS
izC
fKG
BMw
hVU
xfJ
ptN
lOC
jjg
oGZ
Cxh
lSv
rfy
jEf
ytz
gkV
bLf
Xh
AEk
odp
pPA
sdY
mvL
oIQ
fjH
rFA
eaK
iAt
xks
iBp
iuB
bQm
azz
bbl
dof
fBR
wMS
Dsg
hxQ
uwe
bNk
iBO
tVJ
BHK
Bis
mDM
vDR
tLH
nHt
xKT
pSx
waO
iyb
AHw
ztt
luC
qXv
oET
abn
Dcf
kjq
Dag
sQR
kgk
sLC
mwq
yTi
yrK
xrf
vHd
hUT
ZS
uoH
ewY
Sq
zdX
BpP
wkh
ooc
adq
hUh
fCZ
Eea
xMZ
ACS
RH
mzz
zxB
ADO
Cyg
bNh
cfI
zvk
lns
nfh
qrU
nEt
kOw
Dcb
yqQ
kRQ
CTl
cTp
olu
yPT
sJg
kRz
zCK
lSc
nGQ
sFr
iBc
hrx
trc
Cut
naZ
hpH
DzB
zBf
aBJ
CmX
qVq
ses
kHG
fOt
nEU
oQB
tLp
rZr
snQ
Aio
dnE
lUT
zyk
bfV
fOB
BfU
rfE
bKL
CWd
kew
pnZ
hmF
euq
AIy
chE
ysd
AbU
aCP
mAI
lpT
avG
sll
eaa
eyI
Dro
BOU
uZh
cOb
llP
iXZ
oEn
mxb
eZW
loi
ckb
fie
lOo
smy
cKN
dWd
aHI
uZv
wHG
mYd
pNH
pod
qqV
bav
nBq
bmQ
jEC
Egs
AJe
hYs
gLH
AaI
nyC
nAa
pZP
dZA
bLI
xoI
ztz
lvi
thS
DrL
lSk
mBe
naY
cJY
Duo
zCI
wJO
wKB
pUX
zxC
mDk
DuL
DsS
eBj
jdj
mVJ
sPR
lQS
CsF
pNJ
cgy
dtd
sEC
uqD
nDD
kNe
wDU
gkA
sRb
xhk
xUv
xna
ypS
tOd
xtn
kLo
jHN
exm
DyU
bcv
fjI
mVH
smv
mwT
gOE
xVw
nDB
dSU
dQl
Com
jgN
qVX
avE
lqb
usD
weK
xmj
ecq
ZO
nIG
blR
beT
zAe
kqP
gmR
tXC
mvQ
xLu
oMI
bfS
hit
psu
odh
cmx
Eaw
flm
kdU
iCM
jGA
bJN
rKs
AaQ
kA
jiC
xUy
mYB
mCz
AbF
nHA
mxd
fea
dnM
zcd
hTD
dVF
pRo
sIy
opr
Cww
iWY
Ux
pPQ
fKO
rcG
Edj
jIB
rER
aFt
qrq
vYC
yVi
aaY
tLW
cVV
oSY
cRu
vzS
bjq
fFi
vDi
sdw
rAV
oga
tUM
msp
ytS
sDB
rxq
EgZ
AgY
dYA
DtN
sE
eCb
pOE
onm
kNr
ofI
rbJ
bIp
keg
qxI
clW
jby
zCQ
uSW
bht
ytk
lVf
snS
nFo
DaC
yWM
pRg
uSK
ncC
ghC
gey
mUi
CyS
tkY
Ajy
hph
xTV
seY
gie
wOq
jCR
uvb
ojk
cnX
ghQ
rBm
toc
gqq
vbl
AJG
AHX
rxb
axV
bHB
wgj
ywM
eaN
oct
zwC
edX
oha
sLM
vdA
AKr
AIQ
shZ
Xv
pko
cmH
kUn
DxH
CPT
cnS
zwG
wew
zHj
nbU
nzp
waw
nDt
jCt
rwB
fMF
DaL
Adc
bNn
DXA
CVL
hxf
kmP
huV
Cyv
ALG
xnu
nfa
Cqd
pik
bap
dTH
jec
lpH
isD
BiC
Bfa
vAX
glD
cTG
azf
qwa
kRT
qVo
gkw
BOi
qBA
kNF
cOI
ojq
iVS
hZw
opi
oKh
BKR
gLZ
pw
mxg
hVM
tgZ
vAm
cVq
Dto
chg
nEN
BUw
hyh
bHR
hSk
axf
nJd
cOj
sQG
yzD
ckF
jGp
ysV
rAn
uSv
lXK
DXT
qzX
hpj
zGm
hUP
mvv
chT
ggn
wec
ymf
lQl
aan
neL
CpY
cob
Efo
sfr
AkC
olT
qwB
prP
aG
oMt
sNW
eGX
qpB
cmK
piC
hTQ
mUe
yWj
hqf
vwB
Cvy
EbB
gqu
eYx
Bif
lZE
axs
rHS
cSn
yvx
nau
gNs
qBx
ghc
CtL
wiT
BdM
nCt
tVW
zZu
abA
CYM
mVF
CtS
iK
gpz
vdG
ojl
CXX
wiH
muJ
csd
fgS
qSv
weX
mZz
kpf
yoR
bGX
fEY
eZn
giT
oHU
pYO
iVZ
eyj
omJ
gkT
tqd
wmd
zvu
jhj
kfT
hrV
oPr
zxL
vFU
zuh
xN
ADv
nDj
tnJ
yrt
gQG
vuT
gRS
jjc
xVf
xql
gqe
eEq
bDp
CWI
BPP
aAj
baY
crq
iGj
zYr
cjq
pMc
lXh
CXk
bkP
cqU
kQQ
qzj
ANt
drI
gfj
AaR
iXn
xox
jgY
iBZ
bku
ytj
yrI
jhz
Bmy
cSV
gVT
jAA
kNO
hPX
hyN
pRm
dtx
sat
Tz
uvK
icB
etF
nxC
vIz
gsb
fcX
dQj
raW
sgt
jhQ
wEK
jax
DDw
vcH
zCz
dUF
Ym
xNv
bkh
sKn
jcE
iDj
Bpl
iFi
bkF
fKy
sIZ
pQa
xfL
xVc
qXx
cJz
tji
wbg
wfC
qSO
qYL
lnh
CoC
dQB
Ajd
geT
oGM
ySi
mYk
upk
azR
wJP
dC
oIf
CXo
pXP
hPE
BJY
wjV
mrn
iGo
jiO
wkD
jKX
xht
veR
nfG
pVn
mwn
DyY
ttL
bNZ
ogz
AET
zAF
ohY
pOm
hte
eAM
bct
oSw
uWF
hns
bIB
uQO
bmd
iEh
hRQ
unH
ghv
zGD
yzm
nLo
beb
tTu
oeM
ocV
pPV
DVY
sPd
tjz
fFB
kLy
poX
zXI
oGv
zcq
jhM
skz
goX
AaS
sLl
crF
zaF
rwe
vbm
CrN
ixl
pUB
lXW
DxT
zCr
slw
CXi
lOs
jhU
wOH
wIJ
qVh
BPV
zZx
gLu
bDg
DXR
Cps
xSO
keo
vaS
pMv
tsc
dsu
AFv
qqy
aDV
Duh
dxx
nLP
xQH
lxh
aZQ
qCJ
CVu
lxK
yVy
COn
kRn
qzn
bkb
eHD
qyu
blL
iDO
afM
avA
sDp
mwr
xgf
bcD
hZt
Bih
ebn
xkb
xkN
Dtk
dXx
feO
xKH
dyz
loG
gIb
nhq
tks
cmo
gop
rei
mBb
nck
dsx
waL
oHi
lVF
wOu
xla
mvl
aFM
vYT
nDk
CqG
diF
olq
jdB
qVS
jiL
iFU
zdk
xWr
dQs
Cyo
kgb
tXp
xjB
gOJ
hsL
seR
pMZ
sGZ
oMB
nca
wgP
duX
tpM
qrb
jDx
oFG
exA
dQV
CSA
mzl
wMs
myO
iBE
bID
sFS
rxR
Crh
klS
Bpi
cVm
zbl
tQH
pWO
oQd
cOi
dSN
CpH
wDf
jKL
vva
dpt
iAG
rBD
bbm
cJV
Dtz
veH
vbC
sEn
tjV
gnY
ypy
uUv
duo
lPq
nyl
jDX
giJ
zGQ
jcJ
wPq
dqq
wKh
pMO
fEe
ANV
gVr
EeV
cUY
muT
Xc
wde
tUG
Dbi
aCj
fLj
vBs
hvK
wcD
iwr
eHf
sCZ
nJB
mBp
rFe
mDH
aIC
flb
EgW
cNW
hyB
nCN
tOk
CSM
uwF
ibv
ngd
ALa
tsn
fay
lsB
AFg
bDx
ysg
lOt
vzA
slc
eFv
CRF
CoU
iuS
bDC
eBV
ggZ
jDc
ALJ
nKI
onP
yvp
pYL
lXa
hqz
kei
tLh
xsD
yjt
pA
fIF
nKy
fFq
wCq
abN
dUl
sQk
eYN
pqP
fcT
uYS
zAJ
uoN
yws
tjg
fAL
luf
mAV
oMs
gOh
lWa
rGj
iyT
jDA
tPb
tpa
Cti
oMy
DCF
qXl
rBV
yXm
bcg
gkn
huQ
vCV
EeD
vbz
cJm
jCi
kOA
bfv
ogj
htP
qXR
sEu
rbN
pkQ
tiC
vGw
oRi
naz
qYP
iZT
AIC
qsk
oPu
wjT
lqh
nFM
zEd
BLf
DwO
slB
hWH
kmg
bJO
hQN
usU
fhY
kHj
tiR
iWI
AiV
Adt
tUP
nFc
mDY
hqH
pYq
sDG
oRE
icm
uRD
ewd
pky
jCW
uUn
gmG
ffI
dAP
gLO
sRe
phU
uTt
jFe
DWy
CZD
tKb
dZb
fLz
aFa
ndi
hUq
lpc
wOL
ram
bFf
Sm
jDh
kll
uzt
iBJ
DCa
loM
xmO
COd
qqg
zvR
lRe
pRD
mbq
uqx
xrd
CuF
hvA
Bke
eza
dUe
pQj
EfM
jcK
aaX
CWP
CSv
gfA
bDe
lZe
eBr
yTI
dpg
cWJ
oRC
uWI
dyu
ynN
oNr
Agt
zYp
cVT
faY
ebS
AFO
ClV
Cyt
odI
uzy
iwR
AEB
iuX
ciR
fEC
zuC
vyr
whO
ofa
mui
CkL
Akw
hsF
lrO
wbs
cMo
pnY
dst
AJz
eBK
gSZ
CuP
Aak
mze
dmw
nJt
rcn
xhY
ttH
BHs
zae
dVc
lTy
xrG
hsy
bbh
kOe
fbe
Abg
pih
lnv
fCm
uyl
lvZ
Aex
fhm
BNf
drq
oSb
tpE
Dvf
qYy
oIc
poH
qpX
uVL
oSD
coV
ckU
mZs
qpp
bPG
nhr
BRj
toy
wdz
CPF
Aec
vBb
scm
kTs
mAG
dRG
YK
AFn
nIk
bjL
vcv
biy
fhz
hTf
wcX
vvj
mzY
lUP
fFK
nJw
sku
CWE
kpk
bhv
kML
rDk
bFU
sKh
lxf
bbL
reo
uYX
nFB
wjy
qwz
BiU
Dzo
lVU
sjK
pSa
pNO
CsL
val
jgz
jHF
vzx
xoB
xlw
rbU
vdv
DVZ
jEn
ffZ
vGG
mtg
zYI
Dwy
DBV
fGO
grG
eBw
CWG
gLb
iCB
jHd
fHE
lsQ
Ejm
hqn
thV
dRr
oee
AcU
qtH
wgH
uXG
BhC
xgN
yPH
poY
uyy
DxV
wOt
dTX
bks
bdW
CRE
bab
nEl
AGn
wlh
prG
o
dZu
Ehb
awK
lph
fCW
tVr
obx
AkA
Brp
qqS
yWu
tWY
eyB
vyX
lRn
hWQ
tmh
CSO
ohX
cMd
gnf
ezY
qVb
qsO
lxQ
DWq
uWS
kmb
saH
siu
kNA
DtQ
BeG
ljt
jFL
zDK
exV
aah
uVf
bJm
dzH
dqw
cSS
uvt
qvV
nDV
ytn
seD
jJj
klM
Ss
zwq
zAZ
xkr
drj
hUC
bs
wkw
oNz
rHG
zEj
maK
hhf
eHd
CvS
gNt
RB
vwg
nCv
sKv
bDd
ofj
hTC
fdq
yYX
ebG
gVb
rBY
seH
smp
Brq
oJg
nGA
kfq
ist
acz
tTr
CkS
bkv
uzs
kcw
tkk
lpa
usj
fiV
DsE
rxl
dUB
xQA
nbL
plC
hmc
xTg
wlU
dQp
ewL
CRS
kqb
gKS
aFJ
fFF
smr
gHV
seW
bca
icJ
nhn
wBD
Bmb
neA
wIH
oSJ
Egl
BRm
vuE
exT
ptR
hpl
CVy
xJa
gHy
DWN
clj
yQv
kPl
CSy
gst
cpY
ySV
kUx
xie
hwl
lY
bGW
DFz
jLz
sET
mAY
hoa
pQc
DWR
ggj
raE
zZU
pXI
ojt
zcC
bMg
kdr
Akt
lYk
rvZ
uBX
gOH
qVR
wJf
axD
lUN
zXV
ljG
sLG
ywn
yYm
puF
sFT
hOK
zyI
cWk
oGb
tTV
evW
faS
oOU
eGW
gnk
nEJ
rgr
fAF
uYW
Bin
zHk
mZA
kIr
wGA
ofQ
tsU
lXM
jhh
zxH
hZG
AFo
zdA
coX
lND
gQC
lvx
unT
xrs
kJI
tUd
qzh
bHN
CST
CRB
pNd
eva
qvI
qtJ
sHU
isi
lky
Dyr
odm
bdY
ALW
tkA
aIH
clO
mwZ
mYT
cgM
aFc
onj
Ctm
knI
eyh
tik
hWf
syg
odQ
iWG
Zz
icO
eze
tNy
hlY
chM
eAt
aIQ
ojm
tkL
jhW
rBi
nbz
lRC
iBF
uxT
zBx
bhx
nbh
ncF
til
qUq
qpd
feB
ojU
xhB
zah
itN
wbn
vyN
kTt
dyN
wDH
Dab
Bql
cIW
rIx
oeA
rZY
shS
cru
yRH
XH
xWK
lXv
jfs
VT
rwM
fNq
wPR
sQa
mCu
BNV
hYO
icU
zGH
hUJ
cqp
tmA
ACU
xSo
bJw
oRa
ryW
ysl
luE
xhh
rvW
kOO
BUW
nGR
CXW
lVz
gTa
bmg
DZB
fJM
CsS
BfL
bOh
koq
COF
obX
hnh
xNs
gTr
pSH
nhG
cmJ
uVB
tln
lnI
Dvm
hor
qxL
kHk
rFT
izD
DVC
DUN
AzT
edi
lsh
eHq
AeE
mCA
wMy
gOR
wkA
Vh
dom
qws
DZd
kpN
uuI
sIz
Edb
gJI
rFG
jfQ
tVR
wcx
pjd
eHO
ALi
sLu
sGK
rcO
ivG
lPc
poI
qzQ
sOA
Dbh
uUC
tOo
BII
sDF
pqy
olX
eAA
mWO
fOw
BMu
zti
cVa
qrn
eBD
iFs
CvU
BhJ
ppp
dmr
nHg
dZT
EiD
zwc
yoh
aeM
BRk
sLL
wLc
aHq
sgz
dXF
Cmb
kNC
gSS
gKN
iwj
CQu
CVt
gNB
AJO
BoE
sHP
yub
zwO
CxZ
ywX
iBY
BLe
EgQ
bNm
SM
Sj
jKh
iAc
cUO
dYl
AiL
lnT
Dxv
Wv
vbp
eaS
tKi
DsJ
nfN
ywu
wKY
plu
bGj
oSX
pYy
zwm
pvi
CuS
mWd
sGH
yPF
xkw
zYW
CRU
qpJ
xlz
thx
kLN
sak
kRm
dzR
qTQ
zwu
Coo
bDt
uxG
rwF
dUi
pXb
rea
azu
nLg
rbx
DYe
gmN
kMp
sft
iGr
jDG
lsf
iXM
mXB
bHq
huu
qxF
cKm
tXF
xsa
dZP
iDy
BLJ
sEH
wbx
aAn
lxC
ivL
aES
iVt
Cwj
zdw
fMO
ca
kRP
pVN
Ebu
vaY
Aeg
lPS
qqe
tLL
dvW
ghJ
yxa
ixg
bLz
AIn
dwJ
jFA
AhM
wNw
vBW
uzX
jFO
wed
snj
vyU
hPl
DVD
qpo
hvH
xIK
kPE
bat
scH
tqK
lUG
pRc
aCI
wNV
dmu
tta
DYl
Afx
CQi
xTb
cNt
uSg
bLh
hll
qqf
dyE
nER
cWY
klC
grK
uyp
AhI
CmK
zbM
BIS
cJE
iZC
vfl
rwJ
ebc
CUx
gUt
sdG
xmD
hvy
zzD
kpe
plk
AMA
eYi
quZ
AGL
qTG
qSZ
wMF
eas
uXt
CSV
yyv
vvk
shp
dot
yrS
lqe
ffY
gpg
BOj
pTB
yYe
wDK
sOu
BjV
lWV
oEz
wGM
geL
gKv
rBX
gmi
rJP
Cyb
rfU
jzD
uXE
mWw
wPp
DtR
CxJ
lon
mXJ
cJN
poC
CwN
xKP
puE
qYx
mqu
yty
xkU
Dsv
gIK
kkk
ixE
rJl
xld
fMr
yqC
nzX
Aax
uRz
dUD
DvD
CSH
DDS
xOP
phZ
BSX
DXL
mVy
lZq
EaW
CXQ
rBZ
bhH
ryQ
xlQ
hTJ
aZr
lwK
ohE
weQ
lsO
fFx
bes
onl
aGe
sNv
iaI
nFw
BjH
iCz
nip
Bjr
Eho
pli
xjf
rab
qUW
zFC
mDr
oOy
fE
cQy
zES
dQy
biP
iYq
sJb
eZE
fCh
Dzk
hPY
jFa
jaN
yyF
rIa
qVI
psT
zXe
BKi
kHB
lTC
ojR
pSP
rJQ
cNh
oFg
Tv
Dva
aIm
uVF
fAX
kjo
uuU
wdS
ivA
aGn
whc
DsH
zvl
xRL
cth
xsc
ywQ
hQZ
CXS
lum
mY
CUb
hWK
ytU
qxU
oGf
eHp
Dwq
sMm
fKl
kKD
xgC
zYv
vwo
dUt
goi
wOE
fNO
BHD
olM
ymc
uWX
mbp
nfP
AIM
pNN
eFy
xRO
EbW
BKT
fcA
kPS
tUK
psY
wgl
bMP
AiZ
xiJ
vcO
iul
qZW
lxq
cjK
dqy
