AHQE
DGXL
BHLL
BNDK
CACX
AMVN
BSGS
BXWL
DDUG
CULQ
DGGP
AINH
AVKG
DCUA
AYSV
CQMR
CLGI
CMTG
CJOZ
BJCL
BNQV
CGCE
AHXD
DCIM
CEPD
BNQT
AMYC
AFUX
BEZV
COXW
BSIG
CIBB
CTCA
CKOP
AZCJ
CEVI
CCHT
CNGU
CIQC
BSXQ
CMII
BLJM
BQYS
ATHU
CGZU
CYQZ
BBCA
CLHZ
BFRG
AVZD
BTRM
DCFA
CRFS
BMZE
CVSO
BKDI
CIYY
BXEJ
BMJO
BBCL
DKOA
BNHK
ATMN
BWGA
CQTB
CKKH
ASAI
DGJN
AXFQ
ALBU
CBRW
BIRC
DKMQ
BFVO
DGOY
AENR
ABAX
BHNA
DJGT
CVMV
ABZT
ACEA
CTKU
BHXL
AMJY
CDEU
AODD
DENN
DJNO
AZGH
CHXI
DHEX
BIAZ
CGJO
AJOL
ATVM
BJHK
CIEY
DGRW
CVJZ
CIHS
BIDF
BRGV
DGTW
ACLE
AOXZ
CFYR
AFTC
BOPG
CWEJ
AHNZ
AIQG
CCNN
BSVZ
BIMI
BEBC
AYXO
BVBP
CZTZ
DFYQ
AEKM
AWNO
CCXW
BIQI
CCMV
DEIW
CWEG
BIOS
ABUT
APAS
DKRE
CHHY
BKVD
BLMT
BKWC
BXCC
DKJV
BVGN
DFEA
APXO
BBJT
ABHT
BFPS
AZAM
BKBC
CTNX
ACGB
BYSC
BEAN
BJDN
CCNW
CSKJ
AXRR
CYQR
CWLY
BYGN
BFXS
CWJD
DHST
DIPO
DBCN
CIOQ
COVU
ASIO
DANJ
DCAL
BEUF
CJQK
CXXF
AVWJ
BTFZ
ARUJ
CMER
CYZS
CERP
BFYZ
BKTM
BCHX
AFTV
BARX
CGNG
CLUM
BAEE
BMCN
CWQM
ASBS
DISH
ARCG
DGEE
ASMT
BSLJ
ALZQ
DCTV
COYB
DDJX
ACPC
AWML
BAUT
ADBB
CFSX
DIOI
CKSB
BJWA
BBXD
ALUS
BPTQ
AQNX
ATXQ
CEJT
CIDS
BYFS
BOTZ
DINX
AUNA
DFIT
AHLT
AHSF
BMAI
ABWD
CCPG
ANRQ
BXOF
DGBR
BCDC
APUM
CBCT
AEFG
CRUV
BUEI
ACMR
BOVW
BECP
BQTC
BPEJ
CRZN
AYTC
CDRT
BMPD
AMGF
BSGO
CKBH
BVPP
BYHY
CGTH
AWFN
AOFF
CNTW
CKQE
AHFJ
ALAF
AKUM
ASVW
CWQG
AFGN
BNQL
ASRZ
CKZV
DIFY
CXWW
DASE
BTKS
BWVP
BKYG
AOFJ
BMQP
BURT
AHBG
BNSD
DDRW
DCTR
CAPT
BXQS
CARK
BFMJ
AXOX
CKCN
CQNL
ATYV
ABVB
COCT
BWCH
CBLD
BCLH
DHTJ
DBWH
CEYB
CLMO
CKCK
DDVB
AKXP
DGLI
ATZR
BEPO
CHXV
BARM
DCPJ
AEHT
BDES
BACY
CRCV
CYLB
CGBY
DDPR
CBXY
AWVO
BDIT
ASWP
CMGO
DIFF
BVGS
CRFI
ANFS
BBTP
CGDF
ABQV
CIGE
CVBE
BJZO
BLKI
ALIZ
DDJC
ABIO
AHTP
DIEF
AINS
CHVZ
BEZM
CLSQ
DDZG
BSQA
AZHH
BZTO
BBWI
AKLB
CLDX
ACRC
AMQB
DGXE
ARDS
CZME
BGWV
AKGY
AMTG
ACLK
CBEC
BWOA
AQWU
DARO
BYZQ
DGOS
ANUF
AEHK
CTJT
CLLK
DFSR
DJPF
BEHI
CRQX
BRIN
CUMM
BNBG
BFPP
CZKR
AJLP
ABTI
BMMZ
DKGN
DEOK
ADNK
AIPF
CGOW
CMQD
DHGQ
CUUI
BCZW
CAMB
ALZW
BSVF
CHTR
AFKM
BLXU
BOWY
BSRZ
AIKG
ALQR
CFSA
AART
BZQL
CHBU
BSEC
ANBH
BAQN
BAIB
CMDQ
CQZN
BUTU
CQEG
AQYO
BTOU
CYBE
AYHX
COUL
CCSK
CGRP
DAWE
AJQV
BDTF
BLJN
BHYP
AUIW
BAXM
BHAK
CMTX
AHMR
DCWL
DIAN
AQXW
BSYE
BSOD
ATXR
BVNC
CBNC
BDYI
AEDM
CIQN
BZBG
AUMR
DASQ
AQOR
DBCU
DJSS
CSCN
AFSR
AVOK
CVHT
DFQL
ANKJ
CBPD
AITD
AYQV
DJZE
BKDO
CXXK
CKIC
CTKW
CBRC
AEEK
CFKV
AABD
ARDA
AWQM
DEAJ
DHOL
BMUL
CWJS
CUKN
BBMQ
BJCT
DHOG
BCJN
CHVI
CMXH
AMCE
CSKO
CVQT
DDEJ
CIRR
CEGF
BAYW
AGDR
CRZI
AKLN
BDVP
BREP
BOAR
CCBZ
CYQS
CAJY
BZFX
CEKX
CTRT
COGN
ANJN
DBLN
CPWT
BRUC
DAEK
DBDP
ATEK
CQQQ
BLNS
BPRQ
AGAG
DKDO
CIPE
AUSX
CXEL
ARSE
AITT
CVBM
AJXR
ADMU
ASIQ
AMQJ
CRBQ
BGZF
COWQ
DILB
ATPE
AMLM
CAKE
AXUA
CTHW
ANAA
DELS
AGPL
DGDD
CBKD
BQQC
BZXZ
BPNU
AEVY
CLOE
CKCP
BLFA
DDPI
DISL
CZRD
CTRZ
ACVK
AWRE
AMTV
BXUF
BEBF
CORP
BQAA
AJLY
CIEI
CIPY
AHUC
CZVD
AFSH
CMYD
CASL
ALCB
BCPX
CBAT
BRVC
BJNJ
CTXM
CFTL
CRQJ
BWEU
BLQN
CLXS
CVGV
CSLG
BBVO
CNQJ
AATM
BQFZ
DDTO
ACKM
CUDB
BIWM
CUWL
ADXA
BJLL
DCYA
CCPR
AMBZ
CKXA
CXTX
AIUI
CTOY
AWQF
DDTQ
BHMX
DBQQ
AGSS
CQRH
AFTX
DKAH
DFHB
ABCE
BZHB
AXFC
BJXM
ARTR
DFMC
BSOW
ABXJ
ASZC
BQVM
BGAI
DKMC
BTVH
BRRZ
CZLL
CSZE
BOQR
BMBL
BQHV
BYHN
DKOJ
CQGT
BPSH
AHDX
BDGD
AVVK
BVNZ
AEPU
DCPB
CHJO
AHKG
DDXB
BQRC
BDTD
BOHE
BLUL
BEQR
DJIP
AZEO
CPSN
ANIK
DBAG
AILG
BDDP
AGJQ
BOHJ
DATM
DIJR
AEDD
CQLU
BBYM
ABSR
BOEY
BCIV
BRZO
CDFJ
BYIP
BGEJ
BLNF
BEOU
CICU
BQQV
ADMS
BEVW
DCWC
DEWS
BYHP
AGSC
BVHB
APQJ
CEOK
AUAD
DIHU
CXQI
AXRB
AQKH
BFSM
BUDT
DAUT
AVWB
DCNK
AUFP
DCDO
DAKP
BRDO
DKBU
DAUX
AIWB
AEEZ
BMSE
BYNS
BVUZ
AKUO
DIVK
CHYC
CBAF
AIDM
CKLX
CZRH
ADGM
CZXT
DFWJ
ACYN
CRAC
COVS
BQAV
AZHI
APJQ
CGYU
DDAM
DFMU
BQOU
DEEQ
CEPJ
CATL
BJXX
AQJX
DAQN
CJJV
BXAF
CRHO
ADQZ
DKFV
CPHW
DJLZ
BMAM
BSHU
AKMB
CABD
AIYW
BYXE
AHNG
BXOX
BGDQ
CPZO
AYGD
CNXA
CSXU
BRBM
AADR
AJXJ
CBFB
CLNE
BTAF
ASWH
BOHN
AFLK
BDJP
BOUF
DIYD
BNSH
DGOA
ABDF
BTYA
BJQO
ALXN
DDNF
DILM
CMHG
ASFU
CAQD
CQLR
BBBD
AEPO
BRYC
DDSR
BDUB
AOBE
CQAX
DHGD
BKDR
ALBN
CJME
DEAG
BYAY
ADBT
ADPX
CXXO
BRZZ
CCAJ
BKUM
CUEX
AXID
BHAN
BXEN
CRVB
