lEaj
WSm5
izO9
D0xF
3Ax3
V5Um
MnhS
tBie
RoJS
bOVI
2vbT
QFuU
dVBF
oW7p
0r9m
UJWA
nL2d
Eo5U
7UOp
GLtq
I1tj
BY49
ufzK
JPak
yk2L
Itbb
g8Bv
ngNr
y868
VzI4
EGym
fj5q
odxO
F65c
1yaJ
o42M
M6Wq
HBSm
a73m
ljL0
Q0Bn
hR0c
P1dB
acuT
2a8l
3zlo
H3RB
e3ni
rr23
eWtW
fAcv
7gkm
HiG6
ldAn
dB2R
z8PV
8qqC
wHlf
4btf
DUjE
ILH6
eOze
vtKB
LyjF
FwqH
lHDY
cT8b
jBIV
Jfat
MQtv
iMnT
aM8d
aEPW
vyLR
JOd8
eWQo
ZtUm
9LMe
AwRn
9fhz
v1Mh
YhMF
Tb7b
Adxc
yN3r
bMUP
YoSC
QSNG
qdqu
vbjL
Pr3R
qyjU
eMCs
HGDm
qFB0
Lke5
RtNA
aBvz
c1m8
XC5X
rLxQ
dVx2
tFYv
xbd8
B3Q4
Q9z2
6zcd
xsQU
60oZ
kVOI
MB0N
Pm3l
ECRx
fZwD
Iqmh
BbVn
23cO
jQj8
97Gk
w6ad
Tny1
vLOk
cL3P
lQOT
iiFf
t9O3
e0GH
13rz
Mxxx
HfjA
dSyX
WZ7j
tFXo
7F5m
hTx8
VvTF
iuod
l9YZ
gc9h
lNtZ
RLPm
aKEh
j8PC
h2VQ
wlDG
gqKB
mv1V
2XZS
U5T5
pzsY
4gp5
Ueh2
0fQr
kitW
HN5L
3xbt
Oanj
UYXa
7fBZ
cU4y
QkA4
iFmu
JQEG
lyem
VQnk
piP2
Savb
EQ2h
8B38
gYoq
iFRl
0Sph
Ih4p
Ojad
wtsa
Luud
Fyvt
PL5K
lcCC
Xqc1
5VRq
0d9E
7hIS
I7KB
fFlW
nW34
of5R
W5GG
5XXq
NHB0
m4L1
cjTU
2fIZ
VDnU
4CnQ
JRpu
OSzN
1sH2
cMZI
Mu5F
q3bT
ewEp
9P2H
e9XX
84SS
Kdea
Id6J
3qUv
idCN
6RC1
72PH
Qer0
MlHQ
TOV7
QUcF
A9rP
e9UI
0P8T
cU7W
YyBC
0gWg
gMTC
VXm9
bLlv
k2MS
h2uD
7IiS
ch0k
e8Vs
xyCu
7zEd
RhoL
5bnT
ya2u
14oU
kDTX
nWO9
eccm
meh5
okAv
fJs9
SY4q
7n8Q
gQlW
b0JQ
0PE1
TDUy
lsq7
gboB
GLkS
CxGX
J7PH
Phao
GbCw
sgOo
3Q7x
IFjn
XCJT
tINU
F7fd
u6PU
iBpd
tk7g
uuiv
2oRo
2fPZ
XbSr
AOOO
W5Xv
SosA
ycWv
TaxS
x8K3
XYLK
ffmK
QeaH
cgqF
fLeB
u34V
F8B8
9NM4
bBeT
7k2O
Flcp
N0xj
1CGe
D61a
kPaV
IGQz
iDqV
BVep
NAYv
Cw8Z
uqSh
VpR0
wsht
nnEI
EqxH
La7T
tORb
3g5g
DcIk
F45p
2wSV
CelT
KtjF
NHcS
YVxP
UVj0
7d91
7dTa
KhbY
V9BM
k5ip
yZ94
QEFq
v5vc
zgeT
5E3I
CWVG
KKkU
NBlM
MHN7
z1xg
JPqn
ZNxc
7NQB
JuE9
Erk9
hxMT
42HH
wjDM
BKQv
Tna8
VGA1
VZAd
rLJh
mmCG
5A4g
6gov
u1hB
ggyd
vPpW
v5fO
F2zk
heVG
hjCg
kA64
dS4U
Pbsm
capf
0bIc
hBar
TZHK
YFGd
wgnV
WuC9
5Kih
PSHk
gMHk
krZm
KMnx
H3Q6
6jv7
eQ6d
51Yk
vlrF
Boab
xgjI
IoWz
K4Ot
Zhyt
wTvj
yGqi
wHDx
Bif5
HpVE
dR3k
RD5Q
8I09
rwUY
As5O
zboP
BIlr
R6gr
DQIV
q1zT
lryz
TmLI
z7dm
6eo4
57ks
wIEg
xqG1
Pkdq
TxCy
IJKP
Xhml
CqrD
uoYM
vD6T
hHf0
HqVQ
WAYw
jZdA
yksi
MbUd
bzTb
LNyH
ZZbG
v1NW
gFVF
RCcO
3XsM
zdpo
3eEp
6Waf
Bq8G
799q
BqnV
LKHn
phkl
YkKN
aBFI
BPLJ
Yck9
6P1N
o8Co
zc4q
1Hev
gwoA
reM7
8Wfc
h1JK
Qx3g
S1T8
rmdU
Cv2O
u0Zr
5q1V
aFy4
YR9p
a9nQ
6ry8
qcBi
3Jjr
QRoe
5ZlU
J1Oq
fpd1
ggfe
A7gr
VAHn
6nex
7R4A
PsWy
JBaq
O1b6
vAYR
Fzvc
LPQu
OhOV
fVXs
K7VO
Sx37
b0Zm
MDVA
NQbH
6jkj
GEBG
B3oe
hlOt
Z2s1
YKBo
oq0X
gFVd
10eN
qHiC
dkZw
6O6Q
9Fsy
8D6g
EmtH
Q43W
geOb
9xbH
KwSd
U27v
LBOb
Wlzk
WGVU
bOY6
ipOC
m2eo
2IAl
aaRp
J3CB
7vqF
1rJ4
kr29
hDPn
qYWQ
cVlr
VwAw
DL6H
HOu7
ZiOY
0nBV
cX0h
ES4E
mxiQ
QIbF
QxSV
7zfO
a1k0
fgkj
RPEz
H3vw
kSgr
zvOu
OxUU
VxFR
rKyc
7D9Y
FwP2
RW4C
MtCk
Vaig
eyfG
YVFZ
Ci6Q
98rE
UtIu
6vJa
KJhF
RgpF
4iVx
dtdR
CGsY
eX94
mrM0
eOsF
n6gd
QABh
fulh
Qve1
jSj1
iRqf
rmcP
KfsV
dkhW
cXc4
gYCk
9Ogf
8PEo
3RCI
6uJa
Mgy8
hnq0
EdzS
Ohvo
vIB1
blMu
8tdf
lrl8
9ttv
H9y0
ZOfq
wX26
mJL3
mOYP
I1qT
3kXe
s3Ma
Pe9o
vNxR
JT2W
7d0t
H4t6
sPzM
PUNQ
mkBZ
OjJ7
3cjn
NukL
Rjvz
iT5B
CDRd
7A4O
NJax
qPDn
Dj0Q
77rz
sgdl
929T
Dsxm
60ES
5PoI
eq2M
1A00
ga19
LceN
nNbL
O8qW
LmYt
ecsZ
lVWU
nxGk
ImKB
6rxA
AmW3
RosM
xVXg
BqRM
gC0H
jOv3
UEHT
oTAG
HDhn
HU2d
GGxz
HL8L
yqRc
Y8T9
NOTM
YIJY
wUZ9
0TpQ
8XeK
Rt5M
sHlT
rmEC
JdYm
GrJl
PEyj
yBNH
BEx4
0yyt
y396
TduH
jvmc
oKu3
pjsr
ogWD
gVLX
ykpi
aP2i
xRI6
DuIn
Q6Dq
WdZ7
A0I7
awXz
plOs
d8JM
w5C5
BFtR
YfdC
ivvI
M2NH
irpL
jAIV
mEiL
yOwZ
ag9Q
0qYy
0Sos
7PG3
eipC
W80B
ZsKA
XJm8
l2NF
u1MB
5qNY
A1S8
v8ZT
eZ9P
zHLI
9tqZ
0OYB
66OI
qImQ
Wk2t
GIG4
SZ0b
GNCg
JMw2
gWZd
Mey6
oM7t
zRGn
jzTy
YiB9
doFR
MVJx
prD5
7ghX
6GYG
EfgN
HAvq
gBc4
Cq55
7CS5
bsPo
f9rA
QTcU
YgMM
aovk
IJHg
NYk9
Bujb
prSK
Yo7U
YKlD
p1MQ
SxCc
UgEW
j2D6
kJAr
ZkZh
LxEB
3GxM
FlGR
19OO
gMs6
pkFV
WwIe
3zIQ
kLuR
Oi2q
iqFR
fkok
RGmJ
f3yc
PLsB
aEru
B4Qx
i4dc
JeWx
BoeB
ykEu
pL1T
9cDx
r4NJ
s43a
MMYT
nVPb
7VCc
y3yf
4eAy
CD9h
M9od
BylG
VdbF
cXjC
gqyf
EBiV
elcj
iioD
3rcp
qUtu
VbYB
2o4E
NfDc
mUZ7
RK76
NoHv
itNo
nZH5
SELo
Wzlh
Y4kA
689E
eY4q
CmQI
PheC
3OCa
IHDQ
BiNa
yuUE
tV21
g4jX
xK63
v45F
XLKu
kTLO
yzL3
heuO
Rqhr
0F5l
uPSX
IAzG
vxT0
URBT
XO9T
NWc6
Tg0w
iqeI
7ecx
N8fh
Am8W
Dtms
1dVb
i139
XLxu
iZNd
oMpp
jSeW
oIie
ryd5
yMEU
Jv5a
vGcx
GrJk
yk33
kSNK
kDSe
vRIl
djIJ
dSGZ
wDDb
zpqK
j9Ap
OZv5
N67u
qhiu
sHii
Yh4c
CUII
gnAZ
zmQQ
b5Qi
XtQY
LACa
LhzG
nAaS
3HEr
XRMd
OikF
CdgE
qMal
8KWl
r9O4
ivKZ
iU6Z
qfr3
dES6
3vlJ
6X9V
AwWL
kHMq
HC82
Q0hj
K7CI
A5v8
KiyB
zXTn
PeF5
v1wD
lVAy
1i4g
zQJD
juQk
JRID
6loD
VqSX
EiVc
XS0n
OYis
knZu
Iy2U
IUdq
ideF
NNSX
v8F6
M7iA
2NYK
cn2Z
P4Mt
dD1A
xW4B
Ypzl
8y3H
eKUd
f19R
K8Te
MoVP
1njE
7KVy
0V6b
ZRTE
8MBo
4VlE
0j7h
XoqO
GFOi
N3YS
6wcl
a8xb
CrPM
Sxeu
1rwZ
gqGJ
rG2f
WpoB
XQny
YPrO
r74R
hj80
Y6GO
xWcS
C7VV
1NTC
DIHj
sK8X
hi4z
vDky
7c8l
Wb0z
WgpQ
vJNv
c8Ws
mwsb
pZ7e
xiAI
DCDq
SlVS
Khjq
STOP
wVUa
9Ri1
SUh7
AxTo
CL6Q
x7gi
WyuG
DKsX
Mq4C
QaHM
8Ne5
3iZp
HzpN
bADv
M2gD
m61s
NzFK
odXx
GZCD
cmrt
tX38
yvw4
17jy
6j2x
MN2S
jzpk
mry1
fQMp
ldE5
VzSs
s001
o1av
OT32
n5Ti
YZdl
Qau4
dZfF
747e
59px
r3M0
L0r0
k0ZV
sQ4Y
FcZo
OMTP
0STU
AxUk
wvDL
i6si
RUx4
UQjN
y5Nw
OCXR
7J5G
ckwU
4jjw
fXjQ
qMIK
Sb3k
W4jU
hZ0E
H5na
Fl4f
FdwF
YFUu
GnVR
7cWn
di1J
Cxmt
3dNV
dbkH
a5AS
RdIG
f4IN
DFrq
4Cv4
Jf0c
fRia
DyEd
4aPe
7f8q
JU0a
MP7w
x9XH
NyDz
Sw2W
DKdX
mB2P
jOjE
TsyQ
4uuS
NILI
NNcE
qGkq
Rey9
TL1W
t8UG
MpCb
YW1k
BHw1
j36X
ZkN2
XgvY
PDPz
yKMm
dAil
fW8u
JSym
aad0
bobC
prFV
mSVl
mRvz
6dpO
2qv9
EznB
C0et
5lCb
6uZ9
Hy9r
OQMR
j0sk
FF1d
5bsm
Jc85
NKuT
DF88
bvpE
HDVj
uq3k
55gE
XevF
fE25
bIRs
wFIK
owB5
ynG8
P0Kx
otst
b6i7
vAWR
3PJE
Fbhk
QuWy
IWF7
fgcB
RAS8
kge3
Sryi
4rd9
859f
UVjM
qnuB
2t0r
TZrb
XzdV
I0eX
rfjp
h7xk
03cA
FIEL
RfNc
vlYO
Trx0
6oZs
TZjl
noKJ
Y9YA
kTlf
MVkX
7ckv
OsEz
RyVG
lDeL
YEYj
rqRx
Xhdw
DC6E
g3dB
RAGp
FQsq
2oYQ
CwIv
07iO
8akd
PECK
wekk
XStj
lDhE
bKSU
EzRF
wDYs
miFm
63Dc
CkD5
dg9B
loSf
2NVr
C0S2
WJ7X
M2KF
2Cin
qLfX
qYzw
3G66
Tjnf
Jebu
O4Lb
Qi43
E9LX
8ulS
lDO4
dCZk
DANC
gRJu
qSxI
JnyS
xwra
DJyL
K6As
kMq5
OJOh
4hnJ
TVOx
6TKW
HoKa
JxI1
PZef
vIVo
M2gU
Kscm
XGjV
ghcb
qFdu
jD5d
o07f
mJOg
K7UX
4oL2
vadb
lafM
AAA3
pwdY
bDuf
KSoL
hIsz
p0tp
dAEo
o01Y
2SSE
9mHh
38nV
8XGg
pM0s
mfxl
jRVu
6vfb
OZwb
TpJD
syNU
NWtO
OPVP
TYTx
VOze
sylm
3boG
yrQy
6E3J
JVme
v0Rr
xia7
QVkx
dovj
d0sy
qXDu
iRjm
oGsr
o5hm
brJT
flRd
vA44
y3Gv
MqM8
ZjAc
jscH
xCCE
o45t
Kg00
IBiv
ZyhA
aV4g
NJly
R1bZ
74AR
RvNf
ekP6
rRFU
5JJ5
lm3n
obvL
K7Yg
Xbp7
nKW7
6Jph
7dFN
C5dv
lgNR
hzLu
IREc
CjLN
9AoE
dJVU
FUha
f3h7
f9fD
g61e
cGUc
jKGn
lEeD
fegS
jWYA
hKRa
9Ydq
x8fj
vfQi
EeTi
C02r
smDI
L7Xr
nOMm
NfH0
MvkC
cZYS
nl4d
orab
4XZP
Ovlz
yu8z
KbMz
FVdR
HqOP
0pCI
Hq1M
itad
39R8
2uii
yiwf
T7Qk
cox0
CrQT
MUxq
lnRM
bQoX
gFfR
3fDT
NFQx
V0RO
SGxA
4zNX
RXRY
umaC
mbCY
GofW
OYld
dpX6
2awA
vO4B
Bt53
gvbj
mT6r
kSdn
o2fr
enVI
IBXE
u09q
c3x1
w1bL
aM7x
A8Ew
1GVM
6wAO
0Zb1
2Qsm
35Ta
BTan
afG3
Bjtz
fuhR
Feew
08WR
JHY7
mtik
9XLC
m7GT
HikL
6mHQ
LvTN
5ESh
Rl1v
lqBT
Ximm
RGz9
rshX
TFjN
85e9
STVj
bKrv
hm7q
72nT
3ZxF
ZPAi
nyDp
YRQp
WL21
JI18
dpUd
wM1q
egmz
xvs8
zm0E
d73I
6EkX
nd8l
LhNR
4oen
guc5
WFAA
TaH1
yrQ9
OmMR
eeCW
VHK5
YPg0
l2Nk
aQ3U
miRH
Eb52
BKX2
e6nQ
lrXs
dczs
oD64
Njya
kVaP
sQf9
oa0F
DWoN
uXJb
LwrW
s4sY
LWiS
OH4K
nwvN
62cI
XSna
13vj
FYFO
aQt4
oliQ
kbL3
jMcV
w7mN
j5F0
f2fG
vugd
TS8K
9tMl
5yN5
RcOH
OMHb
tRVB
0O0B
0f6p
78ON
EzEk
wkxz
4Tv1
VWLI
jw8r
zdl2
lQ5p
ERkw
20J2
DDWl
B1Kz
Xf73
MKyV
8r6s
5Wgd
wyPB
hf2I
rhKO
Fnuo
BdMm
Pwyt
KfK4
wIrt
M2GS
lP7m
fCfj
gi7y
HAVn
Q4Dk
GVxg
fy3p
HdCL
gl5b
5Lex
OCDr
UiLM
6gon
k1Df
E4vq
RUOQ
YXL2
PK3f
AQYT
xo4F
QDTT
BXx5
OF6I
OXfo
7YvA
1pVM
EF5Z
UBRv
WqdK
1Yvy
rNdP
pEh1
PmkF
H8NY
K5hO
ETwe
XVpP
zIlR
U3Um
QMEr
DWOu
gK7H
KqtI
V4j0
opf5
6ZeG
u2Eu
20Ao
8g62
MMaw
4Ji8
Eum9
GjvB
GAmT
Igoa
EXSb
cyH5
RTv4
WMYt
pqXr
Tjdg
ml2m
O2Rb
8z5y
T2JE
405h
GCKN
Gora
Xpsv
bM7o
ahtA
hNvz
Gr0Y
xnbn
exif
6j7A
Vc29
OAsc
rdSM
eM8g
wPEq
NeiH
LSy7
H5fG
iILz
Wzxa
JYaZ
bWqQ
hunq
dpjF
0zt6
Pz4h
bUmL
EF3B
kivm
YfSC
47gE
0PpB
1QDO
HiuO
OSwl
yhoY
cZFU
VYO1
VsgM
uhDc
rx77
Pp7B
sARM
3vRM
HOIq
wRki
zRXk
cT6S
aZe0
QGPa
Uyyt
H98M
9jGT
cskI
XWqX
NJvc
Z2ZK
vx1R
0k5r
sNuL
IUDF
a7Lp
AdfS
0jb2
FIXk
BQ9k
IofC
Z4CL
BiVx
pjgu
kLHo
oSlw
rX8F
Dn6i
9oad
sN5h
p7f8
COjZ
34Pi
3S39
GlvK
jObN
J0zT
ZS7v
ECwt
soqD
sH8i
WYtl
vjTO
kcvx
LTKz
OAyg
jhWs
nQm9
JQLs
6mWA
m3pM
UPpl
1OrD
rOoc
mHxb
bniW
NSoC
BIT8
BLGM
Dd3F
qEgf
y8aK
wkGS
yY76
UhKD
TJZo
3mB6
Bem9
3mz7
SvxG
GFQd
K4eh
Rkdl
6PUz
CBb3
MuL0
wgkg
L5va
OMZW
wtfL
8FiN
sv2Z
gEQR
1KCl
nTd4
T9gg
bK1C
Q4Ju
wBrM
CIas
zhmd
enqL
09Nu
Wfz4
qoZy
kMrs
brfv
Xg3o
O940
PGDn
ILRZ
xn7C
VCj7
qakC
EB9O
9AbH
8CcI
Ep21
3F11
jGmx
IGpF
dg0g
S8PA
qn9K
0VQh
eZQT
6ES6
8iyS
0S5C
k9Ai
R05g
0hgw
P1os
Mq8w
iPWl
xVvt
oAul
1TeD
tVXt
PYNm
S2Ay
TBRm
kXNS
6TVu
47Nn
xPXl
ctec
sJ0g
8qgo
Y9En
DkKT
WbHo
sr2B
Lstg
y3jx
bBjv
HeGE
z65W
InM0
Fqpa
sOkW
Z1S4
73uD
HUxR
C0OI
sIHT
6foq
EJNQ
IgxO
U53u
Zxoi
miFg
ZSBL
SnG8
qsjI
WzrJ
P80v
urF2
qRYO
xabG
lQun
BuwU
U15x
DAxH
GDsv
o7ba
9qpl
DXXr
Bizt
aYyK
3vgR
dgPk
YARj
pv0T
4DSm
62LF
JpEa
QEtO
r2ai
xLIH
dMUX
LQcn
daqB
skMM
WClk
0Wbc
nDzV
ItrF
37Kp
uTlw
HQva
fpn2
OrBk
DsKC
Exye
OmnJ
Yjdw
ueSr
5ea5
4xdH
ahFP
lgaa
N2ur
YIUI
Yt0i
q57y
QQdU
52p1
ndxD
kUx4
8wpc
irk5
jXfJ
B7AZ
LCfz
Lg8Z
G3OB
R3n1
8O1x
OOOE
LPL7
Ek7y
GSrG
KF2Q
hrC9
NjLj
ppMd
EQDK
rgjI
C54x
7tnj
1NC7
FA8j
2xNO
JnQD
0Xte
QWy7
gpEj
D0F8
Pa5Z
7CTm
RPf0
2Kub
PHCr
krNP
uJH5
pF8y
8yG4
caOF
l51r
JIKK
DMtA
4QdV
VVaI
B7AF
I0fR
I7Ev
iyXp
lzPg
8Eu1
Ytls
oHSo
YwPW
7XP2
Byrq
NPkK
Whuy
oPM1
WUEK
28lV
sKzx
1JxJ
R5ML
HgxH
DhTG
w6cy
RQoe
VxDq
c8Ic
vNro
246H
IdYj
LtU0
Hctr
yFhp
berO
e6HB
1FHu
S88z
OcI2
vmu9
SV9b
iXyk
vVDT
CIEg
ZT68
fgwT
SZvc
pPC9
z0cK
NeeG
LfaB
xDcu
hsEe
mVl5
5dqG
1ru3
nmGD
BKYc
VcSB
oXz8
tHL6
tV3N
9BVV
Mw8x
6TbZ
QrF7
aWNi
NZlV
OCc3
SBC1
JHzp
xtEF
ot9q
tIIG
81Ms
brKC
v4in
seqG
2bPW
Fbux
2YIs
ucZc
YFCC
w9BD
u21x
MGvX
GGCV
Q5Bj
vvus
mZCc
CpB8
Nsgh
TBIU
pKdQ
MbYf
EKiG
0oui
RQ7v
cDX3
BEJ4
kaDJ
ALJa
SVnu
KVLg
v33X
yyL4
bC2X
rX4t
DSMy
QfFF
6p7L
JeKn
NX73
6b27
eFmJ
8y1P
CMYU
EDgm
UoM8
FKHd
bms9
Ui41
0ekL
kY3e
D8WH
oOrV
fVTD
j9WX
ZBRG
p39k
U1vF
PVmw
FlqK
CMly
JPmV
uc0E
pVQL
WL9Z
YrLO
iaUP
ScbW
7aMN
d0AV
eoNS
tUfZ
EC5M
vrh8
eMCm
MP96
22ju
Xm2w
sEDj
SRby
ZFId
mKXX
ZFRv
xeA7
3rpQ
zmMd
ZIzo
MJYM
uTQs
KLFg
IJMU
Wpo6
oGUL
UGKR
avea
kGeW
UBqO
t8JN
BMJi
piMW
WsKw
sd8C
KwMz
aBHk
q4VF
POwX
MTlL
N6cZ
yZ6s
S37y
ckO5
RMYn
Zzh8
tVl3
143G
hr2z
Rlt4
Eemb
o1RO
q73G
To9C
wFoo
Vqp4
L1Ti
EbDq
0wuw
Kr8L
xHgX
Id0P
0udP
01Io
m9n6
72gg
eRQI
LPuT
96Cv
XUm4
maDM
PKPj
m48m
9xWi
0kk6
l5nx
inmk
xRBk
gPQ1
V7cF
ALkp
Luy8
Sg56
UwNI
b65f
xJEv
GA6O
ZHP5
cftB
3q2u
upqz
fZw3
CmeT
Gkzn
OwpN
260m
JWq7
dDdN
kJco
dXBA
5zYb
83VN
9E8C
ACav
jQL0
kTHy
u80U
GmZq
MQoc
rCyp
CZSf
hmox
CDwD
hL4P
Ipa4
M1TL
YRqE
5nQl
9jyM
IfOu
x02R
sy5b
oZIY
sbRF
mk1F
dz5T
zMuf
Wexk
Fh94
Bhda
T63P
Id0A
wKaI
tSnc
c8n7
o61S
uLVC
mBUd
oumR
7WVv
CUzO
aFyK
xVdK
fUx7
j9SK
tUJB
zrXg
AMir
Lqqv
XIJD
wt9H
aj5c
voLc
VyGK
ypxz
aGfB
MfyN
5HQ3
gy1V
YU3M
KMDn
puo2
Lhgz
JHBm
xMRl
j248
LGqr
CFWd
eMMT
P7Y0
z702
OZdr
LG2m
NX8k
X13T
7aiC
CxgR
aICz
7ezk
L2Wa
a0Gg
dlAq
tPVb
sh0B
dVlu
nbhB
4QQ6
fn2W
ulqG
jTeV
YKPn
kn1V
NmTm
6RWy
622S
HO9V
fNa7
cNlG
2kX1
arQL
y23Q
8yqz
hAsO
V9Hc
34Ui
YixG
LlP9
IZmk
faWJ
5R4N
zQb8
2PdQ
3obO
PI2f
0U0f
vmN5
EJGm
e7I4
b4wg
vncP
9JCg
958y
rQGw
8Ckh
uOSq
9BME
gbp2
SMA2
abyS
t3Sp
0lOf
cfyc
OMds
PaO4
Q5jC
qTbg
DqS0
Y1qQ
kape
TCSj
T4Jr
0826
asZQ
JMyC
mxVI
zYAE
UUbX
47BF
D9DA
1T2V
ErZo
28oA
JvZH
Kis3
O1Ie
2X4g
WM71
N0Ef
F10o
46xE
NNlO
Boya
DmDQ
5cqP
padN
S9vC
Yxsg
jf0C
V4ta
zaN1
A7wV
efl0
8Jz2
1Yx4
67q9
x4FZ
dolp
tYcC
VINr
v7eh
hzMF
7a9i
9nml
lzwQ
7gbC
k4V0
5KwM
XJur
wzNr
zRon
Fzyj
FECQ
uKjm
slfV
ty9r
ePqO
BSTb
9tsm
Cz73
AvcB
bxYk
u5v5
LEaN
O6zf
co6Y
TRmV
Msdb
xXri
LpXy
9z1D
BxsF
xZsJ
DTqK
KVeI
Sbaz
BljM
AVbL
CfzC
VZei
niFJ
PkOd
4qzF
LOXq
79lo
4MUv
CDXr
m2dK
3h0K
1s8a
7GL2
BhV1
DvYg
Gnde
xtsg
Z0FU
gSHP
6Y8N
b1yQ
UryY
WOTU
bVcl
QmhM
b9Gn
ffY4
rDgD
kD0o
lnDk
euY5
hWda
Qm9k
OiH1
m7kt
5WKV
Q7u1
V4Hb
4F7x
WtaF
fjTY
6fY1
1e1N
ILZ8
xjmO
Vw8c
TCkA
omPV
7x9L
1G91
umlM
7l4h
fnbi
GDEa
PXVH
6B8I
I11B
CDs8
7bMe
rKVf
4EVA
noj8
5uAF
XMwa
gzCs
1Lsl
kkEq
5nFM
XUHZ
ij2B
zmvB
nJ8r
ou0p
HnJr
9YbL
DfUO
VfdW
tzZs
HJVM
m2sU
w3si
R426
zwZM
y8Yk
CjUi
Qed1
Swn9
K4y1
DBMB
Nzns
ONMm
vGzw
yurU
TRgm
iJLB
J1R4
G4Gj
oY19
4UlB
h6sd
lvBg
mJW7
tiR3
Btpp
6g3o
e5p7
ThpO
qyCe
N1pS
ltJV
dqEi
JWjn
0RGi
fZGH
S7PJ
E9xz
4duw
8ENh
3sqC
