E90
FDM
Bp1
F_0
GpX
APD
E9Y
GK5
Ion
K9d
DOG
B6_
GmN
Abi
Mj5
LxV
AJ1
L7k
K3x
Mat
APa
CkJ
Aew
Dap
Hou
IHa
Jma
KLL
GzZ
Cu2
FOF
IAo
MXE
HMC
N9D
Itn
JJt
MzO
Ge2
JLr
E0O
CEj
JYT
NXx
Mpq
LqJ
Fh2
F7P
Jsu
Lrs
CoV
NU0
Jqp
Ldy
Beq
Nnl
DTZ
Dbj
CZK
MOM
MMA
JWk
EPD
KEE
L2F
MA_
DYC
FNU
IOn
LLC
Mz9
E0n
NXs
Iuv
BZY
Dae
Hu9
Equ
DfT
IWU
J1l
Lz3
J3v
NdU
MRh
IWQ
KkV
F5f
IT4
Eb0
HmZ
M25
CzZ
CG3
GFj
Kcc
Eg2
MSz
Ls9
A7j
M7v
FtH
JNa
FHF
Bnw
F1d
HMN
N4T
Gt1
MUE
Jyh
AUr
GUo
Fe8
Bwt
Lj7
K5m
D9k
HTU
MkD
Jcd
BfS
GGt
C6D
ATB
FWi
Ejx
LzR
HOq
BGG
GB3
K_3
B34
Cju
LqP
F1G
Lwx
C1F
FTY
Ifl
GRf
FMz
Csw
DVI
Hrs
Irb
FYd
Eer
Bge
M0l
L_o
AQ2
GKX
FOd
A0E
Bzj
CUs
EgS
BML
HVh
Ijr
LaX
GYV
NZp
J3j
AWS
GYQ
NnM
IJG
J1C
KGy
A9v
Gyx
Hs4
MK3
JX2
LJ0
BST
L4_
Hc5
IPd
G55
GOm
LYE
GXe
A4A
B56
DwO
JjE
LfJ
FGs
JX3
DKQ
Jo0
Jiq
Fo3
IdD
NIi
DuM
D08
N1H
H94
EkU
FyY
I0p
C6m
H3l
A2H
J_e
CGv
BiY
CA3
BWH
LgX
Gar
JSY
Dp4
AJR
AF1
DZX
I1S
Nik
F9w
L3e
AzR
LqZ
EtX
Gu0
EfP
NTN
Fwi
BZ1
BXB
F_Q
KdL
Agy
BTz
Mb9
NI6
Ey2
H2L
Lxz
BWw
JWD
Nez
NhJ
LRU
Era
Amu
ALe
JGR
Brv
Mzw
Ea3
Cys
FoU
IJ1
Gyc
Kov
Gdi
NkO
DvP
K0c
GQ_
BwQ
K3i
D9q
A4p
Fn0
KTQ
Agf
DMS
AHm
AkK
BMc
NRj
KJJ
DS0
EV_
J8H
JH4
JvV
Bmd
CwZ
IE0
B3t
DN2
FV0
LBP
FLZ
Gnz
Kl4
DyV
C_4
Bqq
NiM
Gx0
Boa
Esn
HpY
A1A
Kk3
LrH
LeP
AQU
Fyu
Cai
IRE
AfK
APg
KGH
GVS
JkQ
CnT
IPj
Lus
Hdr
H96
Nnq
Coa
Bi3
Iu6
Neu
KHo
Gv5
K0t
Dfb
KRg
Ezj
Ebw
Ik8
Cro
KMd
LTP
BqH
Nem
H2N
EcV
Bgv
ERl
JNL
CSc
Ewk
ExP
C9E
EOE
LWF
C6s
A_K
I9y
A4U
GHs
GIs
MEk
FPY
HmK
JnD
AcC
EBR
EPW
CPD
EJm
Kuo
CrJ
IOV
IHi
Luq
C7a
Hag
Jv4
C7v
IIr
M2M
L9B
DSW
BbC
LCm
GV5
DyB
EUD
FHt
FF2
IWP
H1c
Fki
L2v
B4H
DbT
LcB
AAe
KEV
FKT
L5K
Izd
KnA
K0w
EIP
GTo
Lmq
AM5
BPX
KVL
BOG
E2k
G58
HTR
BzQ
HGg
JgL
J2e
Jrp
BON
JsX
Ing
BSY
AAH
F7Y
Mrx
GP4
HJC
Aqb
Mvs
EoB
IvZ
Lwe
CzV
F0O
Na_
Fqh
FLG
JL1
AE_
Fsk
BIA
JZN
ALH
MhO
MoX
JmH
Hgz
Aae
BxQ
LXz
DCB
CXS
H6l
Lhi
AwQ
N1s
KuA
Guz
AXj
Khc
G7j
Kjg
G48
Mpa
Gpj
JS_
FVV
DH_
ClC
D12
Fry
BDj
J_j
FH6
Cz2
B7Z
K7B
KZ5
C4b
No4
EFZ
NF9
FIF
LSa
IvT
Aib
BiN
IJ9
E1o
H7y
HPW
J5k
NOH
JJh
Loz
HKF
IKq
MdV
Bm2
ER8
HWD
IlJ
NWo
Kvo
EPp
Fo9
Gm4
HNC
Dn9
FwL
FXi
KwO
Gwc
LuW
NTV
AsF
GK1
L8X
Fhn
JSV
Err
Icp
L0W
CSK
D4c
Dsc
Lu2
Ajq
B1X
HUL
Irq
E2z
Bfy
IrK
L_H
JQV
KRE
DWq
ImE
JL3
CHI
Ew5
N6K
DA1
BFw
EGM
Hj0
K6Y
MG4
AT7
DTY
EB1
HSd
N4h
Iwu
L61
NPY
AqL
DR6
BDn
MAD
Bgr
HCu
DLx
Ilp
FQv
AXz
