11194
26456
22217
28062
20354
36615
14066
21440
14579
19171
34430
2873
34469
35133
35726
21652
14895
11342
25260
4070
19061
23196
19070
16127
8185
1503
18858
22349
1863
24668
24439
27766
13369
28601
33460
37198
31527
4271
10810
27051
16328
30893
20974
14766
25365
4676
2863
1435
645
3886
17567
33985
8133
9399
29463
34151
23309
24069
34
34645
18690
27218
37891
7664
30341
16039
32550
7809
29663
14289
32123
3649
29814
35560
26648
23706
2684
30553
5506
26015
39049
33198
14488
28946
13286
4505
24107
14997
14911
23180
7612
17542
12416
16455
17699
15591
8855
36848
23096
876
33187
37811
9139
32624
29645
34239
16572
6151
34031
32201
28537
558
16549
23300
2912
31663
7657
31274
34437
8317
6752
7004
15641
14962
9912
19918
14420
16516
17346
4542
29552
22631
34702
36584
8222
8186
20739
28038
21016
15738
29885
19839
32633
1273
7387
6178
15927
23850
20416
31258
24796
11511
38550
14954
34149
5403
5729
39280
35221
9259
34260
3572
26536
32838
27484
15530
34104
33241
13297
35613
16258
20555
32131
2311
25234
6210
12405
32765
4967
2444
2743
21953
8591
20745
2106
15095
35360
5839
19606
15025
12334
35770
3934
7709
27781
6753
4829
5475
12676
9335
23803
39605
16655
12523
13963
23913
2260
14644
35994
12757
36517
19605
26243
11056
8980
944
29927
10175
34693
18272
1278
37162
33698
8191
28497
27162
32063
39074
23253
16867
32478
2312
2420
13177
12196
4583
39542
5047
39680
25175
36660
33831
36926
12725
19907
38232
6582
37257
7089
39250
27538
15544
3433
5460
19771
18340
20803
10167
24351
27471
28327
31005
11390
13149
7406
16491
26023
30314
13225
39470
7085
39209
7914
18417
23665
34376
38086
36187
4222
35494
20346
33251
11622
26193
29875
30155
30448
10840
1512
28661
12665
4584
19323
31469
13193
5500
19102
22085
4976
29036
3598
4943
29496
11301
38961
7340
20142
35126
5875
6821
26931
22161
32634
2851
3018
32954
35423
5201
420
13201
36933
20797
13778
17219
13903
16664
26593
5861
22150
10851
20072
15653
4738
7292
11519
35740
3379
3881
17354
31931
4283
3360
6530
27264
35419
21612
3412
30440
8146
10426
38067
7858
19672
17534
26966
27175
11445
36150
24831
4072
4723
26656
19417
37864
34065
31803
18
1849
32341
28272
8559
33974
21845
19255
35050
15354
19145
20710
23989
12227
4255
37706
4619
261
7764
9147
9636
33677
9508
16378
26996
30331
20355
20865
23021
30453
12700
28471
34983
26820
37238
37524
13548
28637
31945
35118
36365
21693
21295
36982
17624
1089
5490
20022
9270
37985
31003
17350
377
37737
30217
17800
5874
30446
15685
33335
17031
18660
38984
30635
32237
22953
21304
6092
32068
16119
21813
10430
12714
26233
16628
24751
31827
4944
24560
32400
12217
29349
6247
8184
30191
20897
21449
28403
28591
36115
29009
15215
34951
39086
16512
19536
5653
23317
28148
6825
34348
29363
16336
37482
27549
35307
10217
18112
19260
19058
21831
26730
38303
5925
36642
33178
7621
23694
16612
38873
8090
18025
15878
10346
2240
38241
30812
14177
11691
38167
38079
2652
36782
26990
17297
623
8771
7752
39398
5687
15410
17145
659
23279
34558
17761
26045
26472
33560
6725
24349
24045
23482
38549
8960
10384
25940
21983
25737
10374
5077
7058
149
28139
2973
24895
3035
17558
766
11357
22396
14863
22846
34360
1184
14719
19023
27450
27615
29033
22890
31724
31275
7717
39790
7921
32190
14061
34413
31495
35779
16752
6075
6102
17199
35845
13542
23813
35391
20405
27304
6903
3146
20690
2414
8092
11666
14658
13530
16520
7001
3962
28041
17337
35435
28649
33127
22539
24161
15742
35655
11556
23324
20382
2572
24318
22012
27090
614
6891
29813
34554
12342
18588
15253
19659
20788
21473
25614
26240
27341
25406
4
963
11322
12374
26661
33631
5608
17728
23763
31386
20362
13016
29239
803
27104
31373
29065
35568
30550
35293
12796
38211
14237
37363
38757
26603
13075
12232
14040
16442
881
26317
6928
22043
111
10660
37511
28653
39381
17052
4947
19878
18095
18162
10852
3721
25745
14926
6223
15583
19917
1034
7005
27071
29321
26134
24913
24607
13494
14497
22765
38411
27798
33079
38131
23932
1125
11943
14688
29575
38343
7062
36812
22093
26630
29999
31978
11657
35032
32502
4285
18877
36908
5941
30548
28476
10859
14300
21000
22072
2710
1439
26804
30051
13314
26014
3728
14013
5504
12358
6456
7071
14778
21897
27025
6147
24849
34208
19394
10888
2972
12160
39123
35169
13055
30687
3529
2889
22037
18342
19438
18151
34246
28538
24077
30196
29428
8930
3307
34889
39101
39950
18518
2549
18232
29632
35723
21920
20489
22665
22215
35075
39629
29621
34738
14233
2839
9677
27506
17224
33537
37760
26306
31472
12588
18431
24098
10571
22164
2662
2698
28754
17783
16519
4854
8453
23793
12006
19282
12045
23563
16105
18611
3004
6265
32612
22419
2574
15074
33783
6413
31107
11152
5401
30309
31575
8200
39264
7183
11138
38719
18495
10798
5900
8583
36174
2003
15136
11190
22749
35367
4923
38534
16762
32054
24568
152
25664
24435
21729
23691
36718
5480
24817
7424
28878
38810
24130
8264
24571
22856
21127
33646
2045
35159
2878
20050
18497
31686
35302
31436
37203
27038
20449
27198
28396
32705
25061
15375
30859
9173
39698
32436
20713
37169
29987
2103
10444
10252
28033
6363
30891
23965
24163
27008
34669
36731
3735
36169
14976
230
26875
39871
20709
8445
16239
6474
19318
26783
31928
12855
34805
36918
30288
14655
6355
8629
23505
39436
13349
142
36250
39878
11143
26861
16513
29639
8807
29016
29489
15426
2573
24099
32050
4201
33715
17245
13164
23808
16877
16384
23275
22774
31111
10731
25557
1133
36273
31262
24982
3506
37414
4532
5921
37305
35268
2432
26276
10416
25457
38206
16530
35272
9109
13069
22335
30063
36780
33579
3565
22418
35660
285
12216
23812
38015
13723
9134
17561
21621
22677
19733
11842
15917
22427
25930
10549
32319
16267
19325
24008
22410
33169
8523
20649
22669
15852
30569
8988
7508
26519
23685
27202
36157
1074
25379
19826
19439
16337
19596
26191
39930
14227
30949
7307
15080
26383
11846
30918
16434
34699
24781
19016
29730
31431
38900
37794
17615
4202
4700
16619
19198
34899
23432
32778
33415
25454
34621
3363
23954
7583
17238
38954
27744
11567
22244
33456
25118
29734
39481
1531
19309
9591
24619
16182
25606
31912
7034
16440
4475
35080
2867
29170
5690
5742
6775
593
18378
9630
4135
17536
2756
79
37113
26483
14777
14336
295
2477
13126
27117
2931
7783
15227
27052
1880
24879
1856
8221
6958
25041
11440
26103
15453
26206
2764
38017
4435
35957
5982
9736
17442
37313
35694
10453
22235
26716
9032
16295
7754
23602
17111
16694
17376
24044
30863
5205
4093
38084
33563
12650
15084
6025
3800
28893
14796
39366
9374
37628
38505
17704
178
26692
19009
15003
11088
7626
37870
4424
19648
917
39028
23020
24874
23473
30286
796
16583
30546
23664
33329
15843
29825
27868
27389
16403
26515
19726
24599
21379
1161
10222
28948
5035
8329
25911
34266
14492
11873
26234
9294
21936
15914
38119
35657
36653
4807
28255
27716
26767
12765
6500
16136
9705
18223
23846
21108
31402
11334
12779
14891
30055
29913
7275
10605
17277
17514
23588
25712
2995
38475
27663
38939
8759
36317
4365
18250
10630
14992
27657
37869
17178
39526
21314
10055
18604
20297
30605
15222
36324
14147
10799
37666
19599
89
34426
972
12750
10769
14122
26042
24271
37057
20080
25098
22519
34153
13025
37054
4071
37295
38775
8218
9905
12985
27207
11467
29535
8120
23704
24123
15735
28964
31409
9116
5883
2175
32986
38721
20468
8033
9651
5920
6202
18083
29418
33748
7799
37466
17793
1936
14877
7577
4629
29415
8280
201
3692
36916
28071
18370
39177
35116
24757
31353
19371
37315
7304
19365
11265
23193
32585
12305
24906
28186
26033
38247
8131
31411
17631
15683
23223
16932
37604
12050
8290
7379
29634
23460
39775
8750
1238
6356
35162
35615
3465
31339
33612
16630
24179
18809
23840
25635
16433
10806
18814
34330
5130
6193
30878
15679
23424
36337
29352
16717
35710
7725
7804
30072
35610
331
16719
12923
26437
33821
37751
27523
37324
8675
3700
7233
26297
6978
30597
9618
7495
8096
30608
20595
20800
32176
36969
12502
10500
9808
20554
10686
22374
436
34386
1933
3975
1295
2134
32001
13511
36268
38209
19800
28990
10274
37783
35531
27274
825
9336
16446
18678
32442
3456
32534
8963
24581
21981
1746
21502
28576
32125
27491
5652
228
34385
7810
17946
2746
11792
8824
21265
33483
21786
36241
17816
6250
9955
27239
19948
22282
34402
22355
33199
36739
15478
21846
1592
25669
27626
31666
35561
39696
12500
39333
26786
18533
24026
37645
19723
32066
32777
36381
1164
37206
13711
30079
38581
38833
31832
30713
22488
31124
26388
19165
34976
32297
39170
14020
24170
19556
33369
3125
24406
36264
10900
31857
12397
38987
28981
30420
6334
21883
25330
30454
26696
34090
32961
12677
30992
7904
36024
21349
35495
21150
28552
37626
3519
38463
6302
21701
21178
20718
31027
7769
27322
2355
36568
39716
24745
24909
12426
1611
33939
19312
19882
6645
31787
15206
39885
17702
14419
37078
23408
37624
18792
37724
15942
4863
19118
27608
39821
31400
30480
7298
11437
39938
9685
14159
35128
17004
9822
24520
33903
36395
3308
7302
26798
22617
13486
15177
3677
32165
1012
28676
21149
18142
22261
21587
36462
39742
29657
33047
31131
38689
6724
26082
29829
20655
22683
23360
13786
743
29249
26496
1949
37212
3507
26485
28286
36932
37569
7885
21549
13458
30048
30358
18123
3983
22881
26846
2345
4998
24411
1809
4980
9200
29381
158
28651
31731
25277
9433
14835
5931
27560
35978
8852
32888
38366
10347
18067
19449
2206
36621
19486
39135
19468
18137
4547
5083
13480
14786
25984
5890
11680
25920
37816
15482
8897
36946
9523
38680
13233
67
18855
38083
17115
11216
26901
15549
34320
6921
20241
21544
1286
20421
31445
10201
21040
28689
14628
8767
3484
13465
13351
5221
25767
29453
14173
6466
11969
14179
22009
37216
22752
35065
39399
22900
7938
19078
6580
11304
23488
21794
27631
6196
22073
5969
16158
10959
24011
28656
24310
29605
36998
34973
15854
14180
289
4546
15198
33704
1230
14823
17300
21367
11425
10727
11025
24167
19357
14463
33999
38195
13737
34305
35197
28124
31742
4038
20190
10847
25540
5913
33843
12960
27527
28586
23666
9980
224
18753
36097
129
25302
5513
30631
27866
17735
36573
3135
24810
26691
15947
26119
28876
16125
31267
9622
19324
18978
21412
24603
38789
2526
21030
22965
21022
471
13614
27704
31276
7721
14231
20701
33270
26089
21101
39484
13442
28151
3696
38264
589
36892
638
22503
16110
34583
8043
20693
6599
22303
8800
19766
1866
29155
13173
35891
767
16849
16913
19115
22844
16587
34195
26047
22319
37441
27378
362
25649
39376
30447
29192
17554
2831
15072
20381
13039
22270
10260
28221
33689
35773
19463
39159
6018
18229
25328
25871
33525
33642
34050
36979
1040
26779
39908
4782
22723
28638
32077
8104
16920
24060
9193
7229
30928
2119
12165
10245
29709
31761
23893
27475
37266
25431
30190
26939
32073
32475
13978
25307
31858
15582
38514
39806
4945
1394
5510
11010
14292
557
30663
36507
24755
10827
27812
18247
37234
38364
10700
13703
6487
39147
35648
8687
8288
17110
25287
20637
15388
15456
31973
16193
11530
35178
25370
13752
6527
24548
9007
11908
23712
24372
8432
8283
36425
6796
27563
9946
27786
24019
3611
36709
17033
416
7828
23245
15100
26686
6768
37375
11892
36963
21586
30441
18099
26320
26324
15483
519
1351
6219
7236
7952
37933
26538
15279
33645
5333
32212
16769
7955
12777
30112
27460
17708
37204
24083
5015
15698
30544
18639
23044
26814
29204
26044
22490
3654
32686
14553
33758
28625
9911
11333
3396
10781
28536
36357
27963
323
29542
20673
17751
10315
10574
1275
36483
11264
3001
13642
31675
11396
27301
35735
37339
38535
5965
9071
9713
13604
13589
18045
3105
2341
34108
799
4231
8233
34756
34180
3953
10404
36520
9094
6319
9364
24374
34382
10856
16998
9573
9751
15944
24062
18530
27735
7614
765
30600
27923
34325
6274
9164
35406
5518
25440
30937
31355
2823
36265
7322
14544
23276
14377
11211
10684
31215
36407
24059
39601
20732
310
13068
16725
5169
1483
18985
14542
11742
22237
10028
26886
33293
38865
2226
22489
6512
3314
17979
18620
39996
33896
34046
4121
5179
20460
23437
18084
13374
15504
22028
18037
30630
29499
30671
7331
18383
35629
4200
14447
25507
17951
9300
23305
30849
23254
34154
25757
25470
26101
39713
17252
35355
32296
8147
6612
27287
11035
34804
14060
12315
26597
13857
4401
14904
25798
30766
11555
23887
32132
12768
16224
37093
7715
15794
22690
34383
17981
10066
38376
39704
21894
16176
21661
14917
16566
16551
1061
32583
35142
37048
39457
9319
39160
21435
26491
26607
14585
39886
29638
20626
9279
32951
27719
27712
31117
9760
32840
17420
22390
28380
16314
15432
12173
17906
12023
16282
19316
35545
11277
35894
28023
9686
38631
33740
26923
18942
9028
28894
1560
22855
20756
31954
668
30342
20679
4300
31313
7913
21237
36789
2552
11721
21400
24321
29917
38155
28833
29523
8360
35343
1427
24006
14970
1668
18610
3264
10826
10043
30385
21784
19905
21945
4865
13712
14126
18513
23549
23911
24562
38902
13651
15451
17724
16167
1423
12853
7155
14240
27960
3489
11274
19444
37110
3651
34934
14378
36470
24889
18070
28609
10349
14119
35625
17331
10876
21946
33034
33727
20561
17341
19542
6593
34329
32820
6172
38817
12507
27063
35739
38282
14008
19085
20160
29640
17342
29928
2842
335
28787
36305
37908
4199
8503
965
9682
12030
20610
24289
29454
11841
37252
9061
8531
7591
39519
23923
2038
51
13901
11887
32270
13546
11875
10406
15522
15114
1160
21144
22528
36244
39607
4979
3015
25857
25140
29338
3517
33243
33654
35512
29725
15017
38013
14881
19112
26517
26236
27809
37225
1803
31401
38508
27878
13690
5531
8088
12323
29064
4253
24569
13023
17911
7836
9286
13015
21050
38815
35112
1430
31878
32282
33752
9010
13147
2116
30091
22484
2771
38327
27373
3147
1762
3013
2794
37209
38989
35121
15543
23518
34184
6776
26641
18536
33005
36208
20321
1047
17480
5303
11954
36608
9845
18196
20213
530
6091
19084
25262
943
33742
15430
4574
17010
21915
26140
25734
465
32254
32984
17961
38507
37934
4066
11678
2713
15830
31512
31810
34565
35487
10566
2653
13731
27925
31222
14298
31369
11561
31395
4758
3587
3690
16927
11490
22412
31309
2039
12448
27769
39994
25169
39096
14030
18216
29485
14373
2551
33480
21405
12061
18543
28561
30033
26468
2969
33274
34233
37118
13977
16856
28300
32565
10326
13630
1078
12560
18684
15876
25005
26849
26891
33021
33963
34288
15459
39898
14093
16707
11999
23321
14071
32664
17374
1681
10812
34832
1533
36400
4307
22544
5597
11505
13949
21088
21218
6871
17732
27067
32958
38020
18995
24829
24236
2540
14930
29351
32310
33139
15165
16614
38277
6873
11869
3646
17361
35460
38230
8808
26727
37987
16006
8626
12430
11392
21421
35774
24659
20119
4842
24588
1890
13895
36101
38579
10267
24840
17320
15035
12954
31367
5743
13560
26313
22886
29123
2349
27581
24186
16780
12362
15963
20162
33070
1984
25042
24731
30402
3910
12177
16673
39378
6256
36978
2740
28096
2562
2274
36687
26389
32155
14923
11381
1136
38937
2951
9078
23385
13926
10749
34666
39063
8450
39306
11335
30166
34028
39293
31649
39721
22727
5769
33535
37780
17370
25317
4136
38457
2703
36485
18311
3543
1712
8349
27312
28761
4655
10527
2286
31234
10297
23280
27454
20232
32150
36347
15439
31729
15835
22308
30099
14526
32044
35388
10648
13522
6083
32314
33721
5186
25907
495
18031
531
31994
12899
26155
14547
24381
26352
22110
1900
36344
37806
27904
34663
33129
8576
9129
2201
18785
35543
11713
3058
3997
39284
36376
29328
23319
37796
10068
9446
13207
34977
36062
8806
10728
28891
33115
31746
15908
24887
28556
21099
18442
24884
25002
30156
8853
21911
22246
30603
27056
27517
30927
28170
34132
1307
2406
30417
17100
28697
5252
21492
17863
24460
1031
3235
6429
37637
11224
19401
2144
35666
25890
25191
37521
33055
34618
38733
9728
24315
22772
39794
16708
23788
9755
18559
21158
4579
24020
11559
16618
15827
26837
4526
22395
4761
24997
18390
20131
705
24400
19852
1807
25479
9837
28448
413
11771
18981
21490
28930
25865
32671
3839
2527
10145
13718
20560
21839
4389
29979
14685
37642
15855
23513
10366
24648
32779
8872
21844
1739
28007
9504
14941
16773
31953
34058
17835
23071
26512
7091
9847
17479
17591
30541
33002
6626
23362
27462
17319
13753
23278
30656
1266
37493
13600
13074
15450
36949
4263
16228
3873
10263
26787
29859
2469
15600
26625
15619
35681
9052
31751
23028
9973
21539
15069
20287
20474
33468
37981
10477
35480
5370
34234
30581
26368
19105
47
21947
17128
6827
38330
33803
6763
21838
23977
33097
7733
37567
14575
20986
18805
30877
2772
7995
2435
36338
6822
37194
23571
27232
19399
8045
37029
425
1670
20835
38788
38263
28283
6004
33472
15000
26528
10120
33671
1923
39420
7988
30276
2894
889
37220
9182
38970
32928
8258
8834
22189
25097
27046
27991
32761
34481
37249
1353
37156
30334
8794
14247
4433
34067
978
11958
29182
34480
29746
6667
6467
33989
30588
36696
423
27629
33210
32437
4545
9055
7778
27468
39541
29364
12819
5853
36583
4788
26774
38616
38846
1716
21241
12617
25133
26492
30171
12099
35412
38342
9578
8375
37393
3612
2854
35519
22569
22952
33723
2843
5680
8700
32311
5297
30250
12396
544
34869
8890
14971
20301
14129
14150
23479
9906
17544
36399
27354
7056
20077
29858
27127
33577
37827
19786
25677
24152
27148
4141
32947
12674
35918
29083
19024
31616
36799
8399
17427
11267
1257
2427
22814
10308
13583
21554
25180
25360
6140
6331
36214
16971
2564
37978
15137
31002
11886
25132
12924
34736
12513
39621
15306
39853
6663
39146
25057
25654
12849
26386
17210
9582
18357
27113
26500
30773
1253
20505
27856
38156
8032
38157
19103
8458
10062
10421
9463
39444
31423
10363
21128
23419
30207
2166
26328
31645
38132
1857
12002
27806
18715
1479
14342
5570
29341
30752
33799
35704
25199
16015
33670
14583
11289
31961
21641
17956
10105
7132
27965
1132
14868
25876
27
9720
809
16656
27034
16606
2501
541
24984
10681
13655
38097
8730
8611
20435
24918
38632
14965
6171
1455
9132
30376
17572
3450
10607
5632
14829
36069
32917
36831
39774
19743
12910
15674
22333
27897
15643
26302
18567
38242
20243
4820
29265
15415
28910
39905
25617
27256
10786
19765
9880
32474
27682
26857
39578
5802
10631
16248
27174
31465
37961
31226
17120
34237
19489
26591
10499
6946
27512
37937
5280
14495
27628
37345
6170
34377
29781
12398
19036
20543
39585
6442
37643
30458
2463
20676
6880
35924
30596
22583
29445
14156
1872
32642
13971
13951
14983
35757
6883
28326
8037
19038
10974
21255
13732
20880
14337
39413
33838
3210
18421
26912
9183
650
23019
3334
24818
12462
26748
30925
12067
31303
26409
34276
6272
15630
24720
23104
12114
17771
35882
21498
36448
36530
4146
5695
7035
20074
26951
19210
23399
37065
18046
39345
6208
27387
37281
11552
30047
1259
31879
16688
21592
7599
18937
11928
35238
39037
22756
15791
38314
30824
32406
1924
24578
18079
29559
11270
33256
3508
27049
36631
38215
4792
31805
14120
3333
87
18194
39302
38750
39365
36408
22609
28794
4892
8527
12956
11123
19301
5100
15444
14593
14130
14770
19178
19186
19629
23286
34365
3549
6602
97
21531
20036
1487
1492
10659
34541
23450
3445
7075
30696
38257
12838
25859
37171
36930
245
4684
31483
8892
32393
19864
32181
6294
31403
29500
34361
9301
4034
4480
4525
10829
6477
28260
12413
21165
25897
5521
16886
33207
35364
25615
37687
8235
11197
30203
30336
1554
24257
8333
26295
34659
8362
32036
31247
31204
17101
16035
13206
25523
28611
29195
14002
13491
2417
5983
2351
18807
33515
15021
36886
37334
23063
4398
26575
9236
19825
21089
13883
14428
18929
639
9468
33389
25283
10901
36229
22496
7323
20589
14406
15234
21944
13449
16925
32510
14026
33069
18795
34837
10431
12859
38322
3074
27087
8908
33807
19923
16820
24212
6406
1245
6108
39882
12601
2409
27721
13748
16632
7027
9005
13992
3429
22307
569
32288
1173
16343
39261
22109
23825
3502
1846
29688
10920
12296
32470
32735
7422
36816
30381
29904
20953
16220
29090
34339
27208
20977
23777
18657
38278
15433
34593
19573
8636
28771
9698
14755
23480
17647
25574
15182
26475
25494
12874
19077
20950
26835
37419
1859
12689
10034
33870
12351
17912
31627
31352
6744
20326
1774
4521
15788
10547
5599
19928
33578
12830
16885
14461
17606
29985
14319
5216
12191
931
36721
19546
8655
14942
28595
8582
26394
29680
26592
38255
39316
24679
13067
3085
18778
37878
29769
27930
14522
9498
39475
21080
32594
2893
39880
6233
29685
14609
32088
34752
37031
3353
35604
25620
38443
5217
37817
30585
5826
30804
28452
21390
30962
2916
17030
22169
22604
36787
39532
3291
31106
12599
5724
28273
11989
21382
22471
11988
36340
17328
20768
31333
8945
2660
39843
22438
36805
36835
13117
35114
13415
4535
14943
5586
37155
22094
31208
18520
15748
5841
36030
39677
37084
4847
5973
22847
6441
13979
27336
31670
24225
32145
11982
29246
1963
15022
31828
13163
4155
22834
6907
148
5239
35052
10165
12656
13833
14888
18107
19110
29534
21275
39682
24096
345
38809
3726
17090
24042
31246
31700
36534
5376
24235
5703
6872
38368
31278
15264
32740
10234
851
31089
38801
7493
23483
8113
14672
20025
8653
7113
2029
14804
30629
6055
27457
10208
13865
23361
14329
37008
7727
14278
9265
23866
25474
28076
13666
32457
12264
15733
38587
18480
33255
10496
18288
29953
20773
39208
13688
37902
26162
14169
11736
13570
27308
25023
22320
15579
27625
29006
29285
36922
26725
27879
28072
37835
7326
9752
29651
27073
35163
11165
35603
10355
30563
6005
5459
37433
35602
18661
553
22463
26267
17590
37280
13601
37202
37019
11102
2806
33902
35217
1517
28060
8434
36740
1892
21798
9821
20035
23841
35368
21722
13609
2690
21267
8251
867
38298
29494
30410
38916
35236
8577
24117
15039
36358
17248
37201
24397
4406
37759
20878
22634
4045
1053
38700
19886
23147
29631
32279
22720
32451
6789
9133
12732
27763
19776
33986
10235
33593
15868
20483
11282
34446
31467
13591
32784
37122
39572
18916
13624
18007
26361
5090
6616
12151
9248
29224
31755
35913
16869
27696
10960
34534
21045
39499
5406
19832
21188
20755
13853
1587
21075
39142
21377
19053
26803
32038
35895
15961
307
31834
33062
5074
14746
2250
34790
26905
37515
9136
10738
21643
6973
3189
17259
38221
807
16499
12392
4852
31307
30220
7153
11660
32811
18912
37410
3271
11744
37193
7705
22689
6526
5752
4969
575
2596
28909
32835
7574
35498
20556
7022
22737
12885
3753
3599
30952
5563
26270
17762
26571
9297
32317
33790
21153
9063
35434
35890
29797
973
22069
22695
33898
5352
31485
33236
13382
187
2258
8172
16080
18044
16165
28935
3276
853
21691
5688
26216
36701
5705
9296
15132
5371
22213
26195
14945
11016
3458
32645
14561
25773
26009
267
35429
34705
8242
14631
32461
31343
32880
38003
5021
6683
39406
5353
11273
22278
36149
8682
33946
14112
32266
9101
36441
22540
24288
20291
30442
31091
35553
12820
22906
36280
37343
6902
8421
2871
22015
2291
31092
21704
22465
12837
23941
6420
34672
12071
23003
22943
23117
2327
29281
2447
29984
31801
30209
30642
14944
23178
10836
6966
11563
26942
16697
24328
28441
36920
12582
11650
3750
24768
19491
21537
27493
23103
20523
3490
37591
30101
20204
10082
10603
27839
31478
11920
37860
14689
27297
1350
37101
9382
5339
38972
11826
25549
34647
39114
23086
27740
1416
29013
26544
8292
31800
18968
29384
30124
16546
12695
15018
23054
37681
11785
22716
29362
4973
5835
36588
37689
3191
23680
24841
30638
21246
18180
35941
4243
10445
17127
17301
12871
16778
12870
24031
18898
2999
18245
21900
28994
31099
32586
3761
35869
37658
2079
7133
15513
3057
20006
15956
19173
35230
22546
37264
39204
20511
31476
32348
19308
27743
7031
33349
7607
3579
10309
12660
18771
22675
19172
6762
9765
26921
28343
10808
26562
31505
31924
36247
26933
19127
37374
2360
20562
11864
22750
32737
13061
2904
38658
14828
14969
26710
28102
14511
18859
4247
20021
11007
34905
8063
20708
26657
29747
17462
38284
9006
6808
22579
13661
14100
5342
29633
28303
21445
13277
13643
24262
33043
14757
4563
1269
6888
19213
37989
29527
30299
1101
25390
5347
4950
33732
15816
14340
1026
17484
37928
6094
17595
21553
15475
2171
13654
25700
3342
565
30958
11359
21617
30265
18329
18410
39386
10683
21767
16784
10793
12564
334
35698
19194
2132
15681
26740
4277
5362
17134
13388
3262
1152
38751
29355
36216
27557
17682
1994
33549
12349
28276
32589
10780
31070
34629
376
18364
38671
25569
24946
12192
2111
13912
14235
9442
34452
37224
24366
14078
18904
32730
32916
17505
24749
32911
19494
35174
11075
2208
39007
9404
6773
23411
35746
22495
15598
12658
1025
34114
18728
16178
2190
19681
21987
4127
39912
23696
2536
31228
5609
15167
27996
8779
13255
17764
28642
1633
23394
14795
25795
1137
1213
143
21351
36936
11971
20203
38148
38427
6300
3585
25214
73
31698
9600
20192
45
30971
31905
31420
14415
8213
3176
2505
39981
15285
21669
12715
34070
30883
28890
33889
12179
22654
20891
15728
2528
31562
19742
6489
32214
403
9347
3845
29488
6631
1948
328
4242
23888
7512
18507
11144
2639
112
16365
28372
31000
27501
14857
21682
38085
15721
36643
16170
27407
31894
19150
25996
33950
28377
37527
7067
14659
27398
33261
23561
6087
1366
13549
10592
1564
24698
25206
33983
28892
39833
35352
23389
10048
3684
7978
23216
28775
14876
36332
38417
9149
31016
3538
17791
9944
579
36945
39941
8734
15985
22761
3446
38412
6437
11429
16362
37680
8791
28336
4003
7887
16034
39594
36283
16582
18443
16662
11799
6659
25275
1528
9717
21820
1607
12322
34489
5
22642
28822
30830
10108
13389
21991
1970
34101
20392
29228
35923
28559
37010
38351
5078
18301
29031
10590
15521
21269
2164
30610
32302
19955
20296
3292
13040
11422
13990
16204
29457
31985
7515
29721
25383
31842
36595
18488
3584
8370
22811
29449
35146
32499
22362
1877
4640
1223
2496
11266
9564
19935
37091
12711
25241
4239
27507
18362
27790
28043
8018
8911
745
38218
10436
32007
4356
539
22641
38808
21791
15213
14703
6287
16720
22895
21588
20967
30884
31336
29346
34822
14510
38128
4437
34498
33217
34601
32497
26362
5290
30371
39971
8343
17765
16054
17373
22047
27567
20331
31547
37960
38506
10779
39620
23404
14708
28769
4708
19906
4280
14417
7046
31100
9667
24877
10295
26702
22476
28883
27319
3209
22764
34685
37168
11477
3640
9936
28844
29135
11061
21891
36466
11752
744
11235
12473
36336
8505
30046
27761
11395
25808
27088
14239
31525
39332
15682
983
18097
14454
33184
13220
