amel
cpzh
cssx
aais
chni
cryd
bzhc
bdal
anjn
bufr
ceeg
csow
ahrf
axmh
amow
bbgy
bbsr
coib
cnhy
bmgv
buyi
akuf
aalf
acuh
bqzl
afsi
aisr
bqyg
cgln
anao
asxx
asqd
cuxz
cvty
audq
abnx
bofm
burg
bvdc
cpca
azzs
advz
bhag
bfwt
aqdm
aolc
acrn
aswx
btmo
acoi
bnyf
ccwt
bshh
bfjf
aeat
cdde
ckbp
baji
akny
bdkl
akmi
clsp
ckga
cbsm
coav
arzm
abrj
cuve
cnml
cqgh
alhs
athw
ahni
bndj
baso
aihw
abvi
cqyi
bemq
cpdu
cpvr
bqih
bubj
cpyo
atyz
adgq
axwd
chue
akgx
brdv
aecq
afgk
cpoz
azxe
arpi
arqh
cpdb
abqb
cfxm
akeg
cbys
cpdz
crfo
ccae
cner
ccsq
bzgq
bpqf
bmhb
bqsf
brju
bhed
bzvt
ainl
arti
aozu
aqjf
agld
aulw
azmd
acpn
cofj
ckbv
cbqv
atlp
bqtn
ansx
cnzg
aijb
ajqp
cuto
cdrp
buwb
bcsb
andi
azkj
ajdi
cmys
acjg
bjje
aams
cliw
