neat_futures
clear_streaks
early_grip
back_adjectives
commercial_compounds
registered_adherence
changing_sun
able_pond
short_mill
middle_class_instances
repulsive_railway
legitimate_crowns
international_hatch
embarrassed_phase
elated_dock
video_taped_discard
aggregate_gyro
cuddly_tolerance
tense_competitions
loose_possessions
spare_memorandum
short_snap
alternative_meats
mutual_synthetics
notable_burglaries
grateful_preserver
massive_shocks
definite_references
anxious_intakes
rational_hundreds
wasteful_initials
lively_anchors
grand_bond
exact_panels
deep_summers
surviving_goal
cruel_sense
curved_surveyors
joyous_excess
protestant_accessories
gigantic_days
helpful_responses
energetic_violation
costly_goggles
sympathetic_grasses
red_administrators
raspy_bricks
well_known_blocks
fine_strobes
creepy_delays
enthusiastic_atmosphere
patient_success
extensive_junction
running_radars
weak_sequences
soft_schoolhouse
likely_varieties
massive_tempers
silly_offense
tired_winters
toxic_bunks
popular_dyes
artistic_mixture
obliged_crops
sudden_wonders
smooth_brook
juicy_approaches
wandering_prints
deafening_sides
husky_badges
inevitable_telephones
straight_spike
tender_clocks
wet_memories
exotic_careers
welsh_sports
raw_ditch
splendid_uncertainties
ratty_picture
used_weeds
magnetic_quiet
continued_electrodes
firm_ring
overall_tire
loud_powders
empty_courtesies
bitter_battle
varied_recipient
unemployed_flight
emotional_introduction
delicious_zones
hilarious_conductor
crowded_accusation
crazy_doorknob
level_tendencies
healthy_curls
romantic_shed
friendly_speeches
temporary_nod
permanent_tabs
atomic_discharge
eager_star
friendly_reduction
ambitious_advance
driving_ventilation
atomic_body
rival_fund
crowded_rubbish
official_acre
convenient_mind
central_knob
uncertain_bow
severe_layers
horizontal_development
formal_toss
closed_deposits
significant_volt
ill_ceiling
patient_crime
narrow_crust
critical_ear
magnetic_minimums
sheer_interval
provincial_beaches
terrible_library
inclined_oscillators
clinical_fifths
shiny_depletions
positive_slits
kind_seesaws
commercial_twirl
principal_salvage
desperate_button
underground_blow
controlled_polices
western_leap
vital_helicopters
inland_letterhead
particular_tooth
great_compliances
broken_elements
numerous_type
bright_subtotal
adequate_nickels
parallel_glances
brown_loans
short_transactions
elaborate_sense
substantial_barriers
complicated_temperature
rich_leaf
thoughtful_commendations
tough_members
double_nods
interesting_buoy
relaxed_reservist
irrelevant_quiet
damp_tracker
awake_warehouse
broad_accidents
young_chairmen
toxic_mirrors
conventional_breaches
contemporary_efficiency
ill_lot
coloured_string
welsh_sewers
monthly_groan
doubtful_possession
verbal_measurements
european_slides
cheerful_bends
standard_grip
shivering_suppressions
average_couple
acute_means
wealthy_rotation
democratic_sharpener
varied_professionalism
dirty_medicine
elaborate_sunlight
stingy_constitution
reliable_trips
wide_allocation
muddy_shots
turkish_hinges
distinct_fuel
drab_instrumentation
thoughtful_camera
potential_investigation
evil_showers
subtle_cupful
separate_watts
valuable_fists
straight_desires
mental_mail
left_shafts
splendid_saddles
constitutional_alert
unchanged_persons
dual_filter
mature_presumptions
giant_carelessness
magenta_sample
back_projects
genuine_index
moderate_abuses
tart_north
written_bones
concrete_sinks
hungry_comparisons
english_divers
single_footings
driving_makes
orange_stories
peculiar_compresses
determined_pit
creepy_customs
fundamental_nines
interested_dresses
contemporary_stares
spontaneous_forms
soviet_batch
naked_pane
tremendous_mines
motionless_morning
well_known_lints
legal_trunk
grieving_bones
mute_procurement
worrying_home
plain_mustard
fancy_boatswains
regulatory_education
russian_analogs
ordinary_radian
palestinian_labels
perfect_tan
glorious_timers
poor_cliff
bumpy_inventory
little_brooks
fair_forms
fatal_hints
great_fathom
imperial_models
southern_subfunction
brown_canyons
oral_mile
successful_piers
fragile_administration
breakable_swabs
renewed_entrapment
expensive_parity
implicit_superlatives
actual_paws
marked_excuses
reliable_blades
inc_computation
hidden_injectors
naked_chock
arab_chips
applicable_correlations
effective_commendation
lucky_door
green_interests
exciting_reservoirs
big_blasts
common_catchers
anonymous_faults
loyal_closure
quick_arrays
unacceptable_linen
distant_subfunctions
long_abrasives
corresponding_dissemination
direct_claps
near_processors
monetary_bandages
main_salt
fierce_glossaries
odd_shovel
poor_beads
loud_checkouts
busy_spear
tiny_oils
wet_wash
angry_cases
very_choices
automatic_serials
inherent_detection
repulsive_preference
nutritious_computer
quick_qualifiers
real_swells
friendly_leg
melted_cast
miniature_allegations
comparable_fracture
partial_buckle
traditional_berths
everyday_interval
weak_barrel
rough_satellite
impossible_execution
unusual_moons
obvious_noun
scientific_accounts
handicapped_bracing
olympic_troubleshooters
alert_fridays
golden_plant
proud_heights
thorough_nods
established_stair
weary_stem
various_discipline
sleepy_fog
ultimate_primitives
pregnant_combinations
adjacent_student
horrible_dial
safe_vents
single_extenuation
fierce_malfunction
steady_fields
grateful_pints
specified_bather
vast_printouts
classic_hierarchy
evolutionary_weeds
lucky_milliliter
artistic_savings
remaining_audit
fat_sectors
young_pad
miniature_atmosphere
known_strip
tory_grains
wicked_variation
difficult_profits
bloody_wax
simple_diamonds
orange_fathoms
passing_presumption
real_casualty
dull_tape
squealing_gas
concerned_fields
great_pointers
thick_relations
still_contents
civilian_station
linguistic_butters
applicable_raps
crooked_paces
identical_drunk
victorious_cable
western_conflict
wild_valley
random_line
powerful_workings
high_architecture
unwilling_acceptances
molecular_affiant
encouraging_procedures
crowded_levers
willing_protest
german_repairs
modern_women
terrible_courts
semantic_money
underground_sticks
chronic_cannons
insufficient_data
literary_confessions
printed_escorts
worthy_discontinuance
impossible_contraband
keen_arcs
powerful_whispers
immense_thirteens
fellow_shave
unpleasant_examples
vocational_falls
related_facilitation
appropriate_wish
clever_skill
early_scab
sound_gram
quaint_ores
dark_allotment
southern_counsel
impossible_fog
legislative_calibrations
fast_influences
maximum_dare
bitter_excesses
ethnic_gasoline
anxious_railroad
international_rumbles
instant_rack
yellow_fireplug
elegant_mint
tame_collar
latin_paragraphs
strange_knots
fantastic_tourniquets
religious_powders
ridiculous_letters
quiet_prison
right_emergencies
chemical_splint
angry_jackets
pleasant_texts
wet_peacetime
giant_hair
tall_ensign
likely_cages
identical_targets
misty_union
gigantic_receivers
overseas_deployments
controlled_destroyer
spontaneous_terminals
sheer_headset
skilled_tendencies
thundering_marches
ugly_bins
magnificent_divisions
long_pier
light_bin
cruel_supply
worthy_arrest
continued_hold
mute_rattle
successful_quarts
open_hair
odd_accrual
impossible_coders
angry_bronze
selective_machines
elated_dolly
strong_petroleum
sophisticated_skin
stiff_ejection
new_magnets
stable_cent
fashionable_cautions
aesthetic_fleets
determined_visibility
mathematical_suspect
dutch_recommendations
healthy_health
slippery_insignia
wide_eyed_heading
lively_log
disappointed_return
proper_dimensions
formidable_chapter
scary_treatment
conscious_captain
reduced_affairs
original_mind
living_witnesses
light_days
outstanding_bet
decisive_range
provincial_sources
strange_event
dynamic_filler
improved_hangars
cheap_race
judicial_dart
fundamental_keyboards
written_feature
so_called_indicator
hard_marbles
whispering_lighters
mental_animal
tropical_loop
better_limp
necessary_laces
uncomfortable_cuff
excellent_appropriation
uncomfortable_graph
essential_addition
imperial_registers
steady_drawers
stuck_leapers
bitter_elections
jittery_permission
acceptable_capability
occupational_movements
helpless_administrations
mathematical_dangers
intact_eighties
nasty_cost
just_drunks
homely_medal
combative_inceptions
inquisitive_trace
ugly_clerk
extraordinary_glues
explicit_majority
fresh_publication
formal_acquisitions
dramatic_accordance
used_topside
accepted_gunpowder
french_commission
muddy_mounts
honest_pin
sheer_ranks
uninterested_interests
juicy_pilots
dark_rheostats
encouraging_couplings
everyday_distortions
arrogant_proportion
korean_grease
full_time_tags
zany_reservist
exceptional_strip
random_strap
lucky_reliability
considerable_returns
irrelevant_pea
sad_drips
mysterious_scraps
eastern_bytes
ideal_explanations
intimate_highline
large_scale_maps
inappropriate_blower
yummy_defense
juicy_links
stingy_pilots
rare_fabrication
electronic_discussions
continental_magnesium
functional_doubt
sensitive_page
quick_limit
cruel_shades
ltd_weaves
smooth_village
independent_tourniquets
accurate_pencil
distinct_weldings
eager_parities
subjective_family
crucial_weldings
uncomfortable_liter
fresh_plane
stingy_heaps
english_pot
strange_oscillations
complete_bushel
obnoxious_suction
prickly_mitten
troubled_incentive
managing_forehead
vital_workload
objective_slave
notable_tab
regular_laboratories
mid_delivery
whispering_sponsor
oral_warships
sharp_grounds
famous_proportions
remaining_president
official_egg
planned_wonder
impossible_trips
noble_highline
sensitive_restaurants
corporate_shot
great_tap
economic_structure
symbolic_class
mere_opposites
wooden_citizens
splendid_stairs
upset_splice
american_locker
adjacent_substance
clever_perforations
tiny_compressors
dizzy_hunks
african_calendars
manual_images
spotless_commissions
high_pitched_satellites
secondary_grain
corporate_records
dominant_adjectives
fresh_sails
late_classrooms
special_hazards
sour_computation
compulsory_pull
thundering_winch
individual_passengers
tasty_hammers
legal_chairwomen
large_action
conventional_investigations
invisible_log
quiet_balance
funny_accounts
monthly_ammonia
silly_shed
alert_capability
large_correlation
important_reliabilities
worthy_emergency
mobile_spiral
naughty_messenger
eerie_speed
fluffy_discount
abstract_kits
nursing_fasteners
normal_disassemblies
helpful_cleat
silky_vicinities
brainy_pen
alternative_nausea
efficient_bins
creepy_drugs
long_pictures
minimal_modules
thoughtless_switches
literary_time
confidential_mothers
great_lesson
thick_syntax
spicy_peas
exceptional_thread
inclined_congress
possible_bulk
spotless_girls
persistent_ratios
long_welders
unwilling_clamps
asleep_guideline
selfish_tempers
evolutionary_opinions
whole_absences
weak_issue
grotesque_portions
heavy_spare
select_break
korean_hickory
traditional_opportunities
institutional_suspect
wonderful_standing
preferred_sun
swiss_flanges
fat_hand
useless_lumber
pure_swamps
supporting_completion
satisfied_multimeter
american_implementation
broad_binder
systematic_pint
traditional_photos
preliminary_requirements
insufficient_shortages
severe_recombinations
sweet_clumps
usual_harmony
exact_subsystem
various_helmets
flat_budgets
liquid_violation
effective_trusts
smiling_collars
wooden_laboratories
sweet_bridges
fucking_delays
compulsory_realignments
gastric_peck
other_attitude
successful_practice
uncomfortable_backups
obedient_sheet
cautious_electrons
absolute_feeders
deliberate_nights
comfortable_yarns
bold_combination
glad_daughter
soft_daughters
contemporary_flowchart
big_journal
tender_twists
proposed_highlines
following_rheostat
private_tracker
devoted_transformers
hungry_interpreter
supposed_security
arbitrary_hump
leading_swaps
embarrassing_painters
worldwide_anthems
stingy_fashions
lucky_hilltops
ashamed_size
technical_promotion
damp_blanket
silly_waterline
statutory_sneeze
original_worry
nice_wheels
silly_sprayers
weak_pupils
principal_teaching
increasing_trips
homeless_siren
plastic_tablespoons
ill_revisions
substantial_faults
calm_copper
so_called_energy
everyday_rod
resonant_seats
long_term_dyes
detailed_babies
witty_stove
many_glazes
surprised_platform
tremendous_building
sure_hushes
worried_deserters
religious_turn
silent_embosses
uptight_effect
exact_legends
tight_sports
typical_stems
nearby_losses
chubby_afternoon
mighty_antennas
disabled_damages
integrated_trials
ambitious_splint
inherent_guideline
numerous_blades
bare_gums
hurt_dots
smart_terminators
fair_files
impossible_admiralties
magic_coders
vague_bearing
honest_rigging
envious_delegates
glad_piece
financial_compression
fancy_grooms
calm_turnaround
interim_days
fair_hug
critical_origin
responsible_hatchets
fit_trailers
added_accountabilities
actual_gleams
forward_escorts
charming_act
eager_discrepancy
specific_breaks
clear_eraser
advanced_visitor
mute_suspects
graceful_schedule
fit_plan
adverse_oxygens
thorough_joints
educational_skills
interesting_settlement
silent_suspects
rough_margins
beneficial_compasses
distinct_leaf
minimum_game
worldwide_forts
strange_defection
genuine_cams
mysterious_jaws
huge_farads
gigantic_subroutine
wide_group
isolated_agreements
primary_weld
male_polishes
exceptional_usages
psychiatric_fantails
fundamental_loaf
plastic_oscillation
frequent_altimeter
filthy_destruction
detailed_dealers
vital_shaft
wicked_gaskets
ill_threads
explicit_situations
allied_overload
rough_clay
variable_hem
agricultural_welds
industrial_thyristors
estimated_games
jealous_church
bitter_increments
troubled_hold
limited_throttles
aggregate_ingredient
hard_glow
ethnic_lashes
above_president
electronic_slopes
zany_position
spiritual_catch
competent_bigamies
german_chalks
roasted_life
notable_rollers
islamic_pond
dead_reservoirs
uneven_theories
successive_shower
different_receivers
electoral_shapes
light_puffs
joint_rounds
full_time_weights
evident_fold
hollow_demonstrations
tiny_loans
spatial_dish
mental_architecture
specific_meetings
reluctant_roof
future_goggles
partial_video
nutty_methods
unchanged_hardship
enchanting_schoolhouses
adjacent_technician
cultural_flap
confident_radios
distinctive_stuffing
technical_raincoats
tender_artillery
grubby_colds
public_drawer
irrelevant_preposition
ugly_ornaments
video_taped_authority
cognitive_discontinuation
fast_flights
rural_display
deep_photodiode
living_cheat
willing_mentions
favourable_depths
accessible_piers
glorious_saturdays
iraqi_drinks
hot_maximums
varied_exercise
agreed_physics
cool_sinks
delicious_test
fine_thirteen
black_salt
obvious_roads
joint_peacetime
controversial_secretaries
ready_defense
rough_elevation
delightful_lever
explicit_washtubs
frail_grids
solid_manager
chief_highline
great_forms
evident_mug
open_shoulder
complex_saying
favourite_tries
dizzy_tugs
theoretical_assembly
old_fashioned_wagon
unexpected_majority
black_slaves
uninterested_bolt
sensible_relationships
interesting_purposes
disturbing_losses
gradual_dockings
minor_beings
previous_training
annoyed_specialists
double_alerts
strange_cards
public_limitations
tough_wishes
wicked_tissues
favourable_chock
just_pilots
depressed_tunes
orange_personalities
identical_possessions
dead_exchanger
everyday_alphabets
terrible_rattles
palestinian_sheds
european_puff
russian_organ
precise_kit
bored_coasts
improved_secretaries
narrow_checkpoint
able_factory
empirical_briefings
neighbouring_kettles
outdoor_addressee
flexible_bulbs
empty_seat
entire_multiplex
desirable_twirl
gentle_interchanges
underground_reader
correct_bushes
spicy_binder
resonant_sights
realistic_painting
amateur_axis
equal_pool
ashamed_candle
outstanding_study
spatial_plant
estimated_attesting
breakable_skins
tall_tackles
odd_camera
clinical_rivers
atomic_slices
standard_loads
absolute_efforts
upper_ammunition
likely_pain
collective_writers
elaborate_steams
inner_multiplex
apparent_title
mechanical_barrels
wealthy_condensation
mild_extenuations
thin_recognitions
payable_vendor
full_thirty
curved_shelter
supporting_lung
socialist_radio
criminal_sleds
disabled_contrast
full_time_privilege
mammoth_sweep
mid_arrays
shallow_displays
grand_tubing
gigantic_nods
european_latches
lively_rescuer
hostile_composition
assistant_relations
rapid_views
future_associate
competitive_implement
low_lantern
helpful_jug
front_rattles
presidential_gap
private_tide
frightened_sponsors
wrong_reasons
dependent_ax
relaxed_daytime
orthodox_guards
helpful_loan
silent_openings
dirty_quality
purple_plane
ideological_televisions
decent_uncertainties
individual_chapter
worthwhile_triangles
intimate_knobs
european_blackboard
lovely_apostrophes
worthy_submarining
living_exceptions
grand_auditors
quaint_raincoats
very_gate
patient_clothes
envious_pacific
regular_completion
sound_helmsman
disturbed_harbors
difficult_kiloliter
hidden_groans
horrible_shame
frail_housing
governing_company
slight_inch
rising_saddle
calm_savings
artificial_shafts
maximum_carbon
grieving_purchasers
embarrassed_housefalls
neutral_country
conventional_impact
double_nurses
pleasant_combinations
urgent_poke
male_focus
rotten_tubes
historic_medicines
serious_convulsions
red_quotas
basic_insertions
aggregate_punch
early_disasters
victorian_pier
exceptional_sleeves
chinese_fits
blue_straightener
straight_mix
dutch_cares
marvellous_branches
energetic_circuitries
expected_volts
established_excuses
detailed_whips
terrible_coxswain
eventual_freeze
international_masters
condemned_assaults
energetic_technology
novel_schedules
little_mitts
dull_sashes
autonomous_maples
wide_judges
chinese_prints
industrial_summer
nearby_coordinates
administrative_braces
fat_saturdays
dominant_leader
philosophical_accountabilities
conservative_terrain
catholic_tendency
successful_pears
mammoth_sons
confused_formulas
high_habit
sleepy_roots
smooth_methodology
teenage_cable
insufficient_september
worried_farm
thirsty_educators
accessible_freights
junior_hiss
depressed_laboratories
endless_schooling
sheer_world
weird_minerals
muddy_manifests
bright_master
outdoor_idea
fat_toothpick
numerous_copper
common_judge
stupid_pails
respective_enclosure
future_floats
easy_hygiene
historic_peas
legal_moment
likely_canister
amazing_settlements
added_page
peaceful_cupfuls
jolly_passwords
homely_sheet
cautious_conveniences
standard_mercury
islamic_mouth
hostile_diaphragms
innocent_carburetor
profitable_patches
selective_trunk
late_subprogram
assistant_mats
scientific_revolutions
balanced_meet
british_paneling
supposed_mugs
valid_adhesive
striking_retailers
okay_itineraries
tense_pronouns
sour_daughters
fellow_coordination
mass_additions
unable_habit
breezy_billet
inclined_quartermasters
dangerous_eighties
eager_radio
exclusive_fingers
angry_galleys
liquid_dots
wide_roadside
grim_mist
mighty_pits
cautious_elbow
wide_play
crazy_panel
little_sides
bare_ordnance
curious_tie
shivering_fittings
cold_memorandums
mysterious_hill
revolutionary_hems
eligible_details
large_rags
silky_sponsor
grim_silicon
cultural_forehead
lucky_occurrences
great_dynamometers
red_narcotics
left_topside
sweet_brothers
glad_refrigerators
unfortunate_berries
unlikely_mint
loyal_recovery
loose_invoices
intelligent_signals
quaint_dates
polite_whirl
icy_puff
passive_attachments
dynamic_loran
experienced_explosion
joyous_guy
clear_rivers
voiceless_ribbon
cuddly_henrys
shy_operand
massive_marbles
flaky_minerals
vast_arrow
bold_reenlistments
supreme_requirement
embarrassed_thought
dangerous_overtime
circular_possibility
part_time_defaults
sorry_inclination
dull_acquittal
condemned_coordinates
identical_rumble
naked_question
silent_bypass
anxious_hopes
spiritual_torques
weird_fogs
different_deal
european_gasoline
fresh_houses
electronic_buoy
good_paragraphs
perfect_extensions
electric_swivels
white_segments
conservative_hit
nuclear_coupling
intimate_crystal
wee_wonder
ok_stitches
tragic_matters
outstanding_basket
sensible_bullet
subtle_hours
frightened_buzzes
nosy_formation
ill_electrode
unacceptable_originator
novel_breads
uncertain_sewage
slim_escape
many_weed
fluttering_runoffs
significant_scheduler
huge_meaning
excellent_capability
suitable_barge
full_time_bottle
misleading_dots
fresh_wiggle
correct_copper
sporting_airplanes
primary_notes
slimy_riddle
lengthy_hilltop
vague_missions
distinctive_garage
curious_deletions
horrible_greases
broad_steeple
little_pan
unusual_autos
legitimate_jams
coastal_fault
violent_bump
immense_airship
individual_builder
unnecessary_destroyers
tough_evaluations
appalling_hand
genuine_mechanisms
soft_improvement
watery_prevention
troubled_rails
objective_sharpener
flexible_name
scary_specialty
joyous_elevation
supreme_faults
striped_calorie
depressed_arcs
cruel_extension
compact_certificate
widespread_surrender
desperate_tendency
flexible_items
easy_fish
valid_captains
medical_originals
interior_waterline
bloody_cramps
little_gland
jewish_types
grumpy_plots
sensible_cheeks
successive_operations
homeless_checkout
many_telecommunications
elderly_reactors
post_war_stages
spectacular_coins
evolutionary_cloudiness
rude_shovel
crooked_strain
aggregate_beacons
judicial_surprise
well_flashlights
striped_glass
rough_trackers
rotten_debit
difficult_wingnuts
flying_times
wet_plastic
comparable_reels
low_agent
changing_mediums
lonely_thimbles
professional_headsets
forthcoming_printouts
tall_site
disturbed_scab
married_tapers
diverse_problems
crooked_nausea
intimate_selections
nasty_waterline
mass_human
pure_residents
inland_deeds
following_cries
dear_lips
beautiful_berries
used_turn
injured_cradle
unchanged_plane
pale_ensigns
few_figures
wooden_pleasure
jittery_geography
late_count
fat_spoke
german_plug
silky_memorandum
funny_uniforms
aesthetic_chin
narrow_allies
rough_lenders
previous_blazes
invisible_nerve
tame_leg
stale_yell
fundamental_letter
inadequate_messes
slight_component
empirical_implantations
interior_trips
exceptional_header
proud_stuff
deep_places
violent_proposes
selective_deployment
upset_servants
promising_teams
public_defect
continued_purges
holy_mill
long_term_savings
alone_accommodation
incredible_basics
redundant_misalignments
civilian_ladders
flat_discoveries
select_deployments
aware_commissions
silent_reactions
giant_sections
overseas_quarters
defiant_advance
artificial_whistles
enormous_ax
japanese_store
artistic_bureau
asleep_propellers
maximum_specialties
equivalent_purpose
surprising_segments
famous_commission
video_taped_label
wet_cells
usual_tooth
crazy_dyes
surprised_armies
cuddly_timers
flaky_escort
diverse_contention
crucial_business
planned_tent
frozen_language
internal_intensity
confused_humor
territorial_privileges
tiny_potato
powerful_documentations
regional_handle
criminal_aggravations
roasted_sod
radical_sounds
redundant_overcurrents
wooden_back
relative_investigation
noisy_mechanisms
high_pitched_compensations
efficient_regions
eager_sticks
fundamental_circuit
arbitrary_captures
pale_bureaus
only_lees
applicable_decibel
vertical_toothpicks
grumpy_radio
proud_chests
equal_circuit
keen_births
outstanding_turbine
plain_twins
confidential_chimney
informal_bullet
uncertain_solenoid
sheer_generator
little_location
disturbed_hour
screeching_vine
nervous_surpluses
worrying_atom
hollow_keywords
dirty_news
prickly_drops
disgusted_liberties
verbal_signatures
prior_hydrometers
shiny_plastic
civilian_independence
grotesque_drydock
part_time_folders
awful_splitters
encouraging_horizons
bored_diagram
fit_resistors
ripe_cause
charming_condensation
peaceful_chemical
hilarious_action
long_term_schedulers
upset_mills
fine_tax
digital_forearm
electoral_laps
bewildered_strip
large_dozen
steep_terrains
broad_hopes
mighty_height
ok_uniform
shaky_clerks
necessary_reenlistment
puny_catches
striped_weed
tough_here
kind_firefighting
select_armories
beneficial_guards
probable_advance
creepy_tension
causal_steeple
shared_post
innocent_recruiters
reasonable_software
sound_offers
ashamed_meters
fragile_asterisk
arrogant_marines
influential_carpet
quickest_pier
strong_limit
content_blades
radical_tendencies
controlled_father
loyal_adhesive
ancient_delays
bewildered_remedy
monthly_women
frightened_particle
shy_mistake
ashamed_pack
sharp_curtains
used_meter
atomic_schoolrooms
middle_class_coats
creepy_marks
tan_wholesale
middle_class_conversion
blushing_contacts
liquid_expansion
cognitive_listing
glorious_intervals
careful_recruiters
lesser_cough
anxious_cliffs
many_payroll
exotic_toolboxes
specific_saps
injured_towns
dual_civilians
mere_collectors
violent_legend
relative_petition
social_tunnel
faint_protests
wooden_president
reasonable_carload
sexual_restraints
fantastic_fort
hot_lubrication
parallel_data
intensive_assistance
depressed_complement
intact_alternatives
plastic_standards
horrible_ground
nursing_make
tough_honks
sweet_submissions
extra_taxes
minimal_cruiser
exotic_comments
mature_chocks
depressed_stump
giant_makes
crazy_accelerations
rubber_phases
nineteenth_century_tomorrow
international_abbreviations
permanent_children
cooing_stop
worthwhile_buoys
fierce_beds
driving_planes
naked_signal
defensive_medium
modern_merchants
rural_berries
damaged_rescuer
junior_adaption
average_army
filthy_branch
frail_hoops
abstract_relocation
dull_opposites
shaky_atmosphere
supporting_bar
zany_seas
isolated_tills
potential_blaze
thin_sight
faint_programmers
intimate_alternate
loud_brushes
male_disease
husky_numerals
handicapped_shaft
retail_compress
right_vacuum
odd_boot
balanced_fastener
arrogant_cave
cheap_monitors
secret_picture
uncomfortable_ice
sad_much
exuberant_comforts
hungry_burglaries
welsh_cheek
cultural_tower
bitter_lasers
swift_crown
huge_layer
unwilling_housefall
competent_harmony
rising_erasers
protestant_accusation
careful_bristle
bloody_groove
socialist_counselors
live_deck
sticky_adherences
hostile_humans
conceptual_trades
minor_spills
pleasant_twins
successful_fastener
zealous_helicopters
mutual_howls
naval_yields
civil_resources
unsightly_trim
capable_painting
canadian_allotment
video_taped_toolboxes
typical_slice
zany_technicians
big_wafers
soviet_dispatcher
planned_closure
misleading_anchor
sufficient_duplicate
crazy_ally
new_documentation
positive_subdivision
robust_substance
rough_mop
upset_nurses
rubber_friction
rude_baud
mighty_friend
confident_days
acceptable_drags
cooing_admissions
smooth_carburetors
forward_cannons
improved_chip
blushing_sports
supreme_detail
passive_entry
reasonable_sponge
active_toothpick
selective_sled
cuddly_master
near_human
uptight_diagnoses
fixed_pyramids
provincial_sidewalks
moderate_solders
formal_symptom
missing_paste
precise_lee
lonely_benefit
ugly_requisition
magnificent_splicer
neutral_touches
brief_maintenance
conceptual_airfields
still_hopes
tender_abusers
slow_wings
relieved_accountabilities
keen_regions
upset_feathers
nursing_nerve
interior_specification
fit_cellar
palestinian_painters
distinct_connection
mushy_chains
disciplinary_symbol
optimistic_security
stingy_differences
outer_glove
willing_jumpers
gleaming_oscillation
required_acquisition
substantial_designations
sticky_range
damp_fasteners
total_difficulty
limited_overvoltage
stiff_operability
assistant_standardizations
correct_bin
distinguished_whispers
strategic_wing
positive_survival
external_return
cold_bottoms
mobile_wardrooms
ugly_dedication
eventual_street
crooked_ribbon
silly_americans
innocent_comments
strong_apportionment
wide_eyed_glue
able_dimension
continued_customs
blind_readiness
logical_focuses
wet_fractions
wide_eyed_bauds
rising_respirations
roasted_wardroom
helpful_canister
expected_average
influential_amperage
japanese_rinses
dramatic_rudders
residential_boxcar
vivacious_paces
normal_rollouts
institutional_blades
round_winters
only_schedules
quaint_ride
rising_torpedo
anxious_lifeboat
persistent_starts
dead_circle
annoyed_ices
economic_perfect
unfair_bend
better_seas
big_sabotage
repulsive_dictionary
uneven_path
yellow_colons
tasteless_wing
passing_half
rare_cores
wonderful_output
printed_debris
chief_sponge
fluttering_amount
unsightly_hatch
supposed_hints
mature_waxes
dizzy_mixtures
armed_fifteen
alleged_valve
physical_night
prime_frames
tasty_clap
sharp_briefing
governing_example
premier_escape
mean_opinions
fixed_transactions
integrated_boiler
pure_stripes
olympic_kiss
fluffy_adverb
friendly_cannons
isolated_vessel
wet_compensations
annual_skips
short_liter
interior_technician
ugly_nights
unsightly_review
due_schedule
mechanical_fasteners
american_geography
dependent_desk
exclusive_civilians
unable_bunch
initial_twig
crazy_boatswain
red_rivers
persistent_shot
national_exchanges
stupid_finish
bored_comparisons
relieved_fathom
pretty_forces
dusty_minutes
middle_class_tempers
puzzled_radars
working_class_staffs
silky_eases
surrounding_facility
willing_eddy
handsome_chairwoman
victorious_strings
grubby_scores
ill_tenth
armed_winches
persistent_forecast
japanese_pennant
resulting_history
anxious_acceptor
frail_guard
orthodox_acquisition
part_time_clump
extended_keyword
homely_streak
cautious_silver
payable_trail
tall_trigger
stuck_throat
faint_lieutenant
sensible_apprenticeship
strong_losses
ancient_endeavors
short_slinging
lucky_minds
dark_hill
raspy_writing
male_hierarchies
tender_standards
separate_quantity
probable_claws
characteristic_warning
empirical_amplitude
associated_contention
slight_intensity
worrying_butters
unusual_showers
required_chairwoman
impressed_ounce
hostile_stencils
rival_schedulers
efficient_dips
imaginative_lid
stormy_flower
confused_drive
asian_refuse
crazy_processor
quiet_discipline
wet_decoder
basic_battles
itchy_calorie
concerned_digestion
prior_pair
comparative_reservists
ordinary_apprenticeships
hollow_spirals
spatial_oxygens
mental_cares
disappointed_tablespoons
steady_candidates
universal_echelons
substantial_sterilizers
fresh_overlay
satisfactory_stoppering
nosy_automation
quiet_tips
obvious_damage
calm_attachments
awkward_flares
flat_kisses
frantic_keyboard
male_morning
anxious_budgets
awful_liberty
chosen_proportion
outside_typewriters
present_patch
holy_layer
exotic_analysts
advanced_refunds
existing_petition
satisfied_legs
lazy_crank
encouraging_membranes
tough_warfare
italian_strokes
australian_disks
frantic_algebra
aggregate_boosts
neat_installation
disastrous_subprogram
hard_sinks
visiting_runouts
nosy_hillsides
small_snows
verbal_preference
elderly_raincoats
far_platform
just_splices
worried_states
elegant_gas
overwhelming_bather
tight_sheeting
steep_counselor
prospective_stuffing
linear_diaries
late_stumps
aggressive_tills
daily_crowds
helpful_bail
labour_apprenticeships
vast_motel
steep_feeders
tense_bands
capable_chock
gross_pattern
historical_encounters
joint_arrow
royal_armament
ok_pocket
modern_bore
specified_decorations
artificial_feed
formidable_skirt
statistical_catalogs
good_jugs
agreeable_swims
bright_fatigues
intimate_rejection
tight_neutron
prior_passes
successful_quarterdeck
lively_semicolons
able_hole
advanced_tasks
expected_clearances
naked_layers
juicy_trips
medieval_squeak
excited_capes
closed_wells
mixed_privates
visiting_crystal
reasonable_nineties
dual_signature
remote_cases
royal_outfits
liberal_forecastles
implicit_acceptances
empty_landings
ancient_morphine
able_swell
enthusiastic_diagnosis
simple_axes
proud_sole
unusual_car
missing_definition
broken_dive
brave_ice
okay_troubleshooter
latin_linkages
melted_minute
bad_specifications
impossible_history
cool_vibrations
joyous_maneuver
defensive_struts
joyous_charts
young_pointer
mild_confidence
islamic_clay
religious_move
inherent_gold
innovative_oars
diplomatic_advance
plastic_sprayer
alright_cements
late_possession
architectural_oils
eager_calibrations
invisible_electronics
revolutionary_human
healthy_punishments
mushy_trunk
dry_couples
arab_disk
elated_multisystems
principal_motel
awful_components
inevitable_eddies
broad_talks
fucking_pencil
massive_squadrons
unfortunate_period
damp_distress
clear_calendars
constant_hairpins
bad_response
wonderful_drives
teenage_feather
visible_strikers
incredible_tag
helpful_oxide
near_driver
redundant_commendation
energetic_public
additional_leaf
square_liberties
bottom_capstans
united_ribbons
splendid_bang
voiceless_backgrounds
incredible_remainders
solid_faces
administrative_knot
ancient_opportunities
estimated_hospitals
future_jumpers
tender_eddy
mute_variety
red_inlet
remaining_superlatives
tired_gun
productive_deposition
empty_retractors
energetic_amperages
yellow_friday
genuine_glues
genuine_cannons
frail_cost
cool_medium
independent_diaphragms
purple_provisions
honest_gland
catholic_splashes
graceful_credit
loose_dedication
arab_analysts
burning_sailor
rich_bangs
crude_replenishment
religious_blazes
sure_schooling
respective_balls
remote_cockpits
fresh_taxes
sexual_catalog
medieval_evacuations
special_meetings
helpful_sewers
painful_gasoline
surviving_eggs
operational_liberty
absolute_bearing
horrible_axes
available_blast
afraid_nerve
mysterious_rocks
blushing_coils
damaged_judge
aggregate_recruiters
casual_carts
late_increase
shivering_start
nasty_analog
final_island
unpleasant_sentences
bare_city
confused_displays
mathematical_blows
massive_partners
ready_shots
top_parities
impressive_limps
real_decontamination
tight_products
many_addressee
dreadful_washers
apparent_facepiece
continuing_tars
breezy_flaps
unfair_appearance
excess_properties
olympic_copies
environmental_funds
continuous_tumbles
electronic_dispatch
israeli_transmissions
related_transits
excited_mirror
extraordinary_fifths
magenta_loaf
fresh_songs
clear_fleets
huge_disasters
low_gear
young_worries
socialist_war
fat_gram
exuberant_sciences
primitive_hand
curved_worms
kind_chimney
unfortunate_joint
steady_precision
confidential_possibility
creepy_worm
tired_regrets
scared_cement
warm_runners
grim_scope
long_decrement
european_residue
handsome_bells
fierce_nation
sad_interviews
wonderful_alley
vertical_mornings
romantic_habit
impressed_gleams
amateur_stair
hard_tears
lexical_acceleration
jewish_drunks
graceful_splashes
dull_bunch
uptight_bailing
brave_education
bloody_schoolhouses
innovative_fashions
spotty_bay
purple_decrease
international_wire
faithful_cheeks
bright_fruits
early_fluid
mean_decimals
late_refrigerators
extended_steels
weekly_prompts
handicapped_district
equivalent_parentheses
dry_professionals
specific_returns
naked_cargo
steady_operator
improved_efficiency
puzzled_circulations
damp_attachment
potential_carload
united_wishes
sexual_projects
printed_loan
improved_answer
comprehensive_biases
unacceptable_chase
specified_processors
manual_top
level_surveys
powerful_zero
blind_threat
artistic_boom
passing_winding
fair_manpower
competent_school
surviving_completions
rainy_exchanges
tough_principle
romantic_circles
central_hilltops
nutritious_attempt
innovative_housefalls
witty_jury
inappropriate_wrist
profitable_east
rough_spool
numerous_deployments
appropriate_merchandise
modest_mitten
tiny_plexiglass
tame_slit
organisational_licks
general_capacitances
happy_chairwoman
clean_arrivals
itchy_machines
annual_holes
known_wings
vulnerable_laundries
glad_odds
unaware_sights
peculiar_pressures
dead_collection
theoretical_complexes
innocent_diameter
uncomfortable_stators
presidential_highlines
just_directive
only_radians
civil_sexes
open_casualty
blue_painters
precious_chimney
korean_toothpicks
intelligent_adverb
outside_roller
combined_modem
slight_recognitions
shiny_terminator
inclined_feeling
helpful_password
preliminary_slings
tart_drainage
delightful_bank
stingy_systems
nosy_rowers
causal_kit
solid_accounts
polish_negligence
late_signalers
unchanged_briefing
gothic_manuals
added_churn
renewed_wrist
nutritious_abettor
grumpy_desks
careful_friend
coloured_ingredient
round_signalman
healthy_strings
worthwhile_inch
young_drips
satisfied_stuffing
ashamed_security
moral_hoofs
agreeable_syntax
grand_index
lesser_occasions
accused_radiators
specified_file
growing_trim
great_symptom
shiny_stone
frozen_sled
efficient_proficiency
boring_enlistments
cloudy_spring
encouraging_brook
rival_numeral
sore_trick
hard_procedures
artificial_paths
gorgeous_implement
following_strokes
reluctant_sponges
electric_medals
fellow_needs
resident_duplicates
prominent_adverbs
historical_east
puny_apparatus
alright_class
chinese_accesses
nervous_railways
homely_maps
internal_marches
painful_chiefs
boiling_means
shy_curvature
greasy_giants
gorgeous_plants
continental_tests
simple_emergencies
proud_jeopardies
inner_mistakes
sure_screen
tory_practice
quickest_escapes
manual_bed
optimistic_occurrences
bottom_organization
domestic_condensation
deafening_directions
evolutionary_motors
bad_oil
visible_transaction
scary_centimeter
