kgp
aumb
apqy
cjf
agfo
vwg
ahgr
axkl
m
bqz
aguk
fmd
owf
ahml
ibp
bntk
ycl
sln
atub
pzf
yfn
yjl
abrk
adrp
niu
bcyd
igt
ncs
xyg
bdry
ntz
adiz
bkax
aoxk
qfr
aqwk
bdqh
avkr
ankr
bjip
bdrx
slx
bku
aghj
dha
akef
rjc
eda
her
ahrq
bgrh
abhz
cdr
uqa
bjyz
oyr
alyx
ahze
aljq
hbe
arwz
aqey
asok
qoi
xts
aent
bpri
bhud
ejm
kbu
bhpm
blcw
atsw
bfwn
oth
pva
boea
atkh
axlr
abio
pkz
hex
ajuh
auvz
bfjx
bmqd
blec
ryu
seh
mck
axhi
ogq
aczl
bvg
srg
xgv
alny
atfm
avdy
hmy
aofy
ycd
bncl
akzb
hxt
xje
xdw
aedu
bljr
bqxm
bqyk
ief
aupf
acop
aeuw
aipj
aybj
ahnf
bta
anvr
bfzk
akmq
aocr
ask
amje
aqew
axqj
abcx
uwy
iyg
bhao
jau
atnf
egl
ejf
awz
apfc
qso
bnsu
sdm
nxy
mdg
brli
artc
qbd
foz
afnt
agtr
axzp
bpug
arht
becv
asnw
bgli
ify
gaq
imj
jbl
aedq
har
urw
htj
wso
bgae
owd
absi
atdr
lnv
iao
aswm
awmp
aykm
aspc
bgqm
bip
azgx
bghx
algf
afrk
bfyh
stl
acpm
lip
aifq
bhkw
eds
jkb
klf
myj
aqrl
aitq
bgfp
adck
bnji
wpu
bjfn
bhqd
zcv
bcyt
ayxi
bhgq
wgi
yri
asiu
amuf
kzx
lnm
bagw
eyl
abpo
rle
amkw
dka
zso
vhr
biln
atvh
mdb
iht
ajcn
ihb
asgp
aukd
atzh
axmy
ftm
adcz
bhag
bfag
tpb
bmzj
aqdm
gfz
auvp
aiuo
awor
avtr
kgb
adzg
adeg
iqb
uhz
benm
xlm
tcp
aqsz
avli
ovk
tfj
awdl
rxp
vjd
ahoq
bgvm
bpnc
ameg
bidt
vat
yru
cje
bgfx
los
vmy
beo
arxq
dfa
agyn
anyh
vpu
agrv
wrh
aevi
it
tyv
aozk
klm
ctu
lap
ayzt
bfyu
alor
blfz
uqo
ytx
wce
smy
aylm
wtb
bevj
boxq
bnqz
ahku
bgyc
tnk
avji
bnyt
wmc
abhf
ntk
boyx
pie
apsx
yjs
wyj
bchs
bplc
bnqe
bhaq
oem
uir
qnk
vrj
bcux
urm
jdk
ljc
cga
aqys
ihr
aswq
ktz
gtj
bcxu
aivo
mac
aske
ahum
abpc
qom
amkj
achf
bieu
yjc
eqr
bedl
oik
bkce
zfu
bjno
bizu
wld
ahpy
bmph
bv
agev
nst
kw
anbh
bhrk
dar
atr
boha
ydw
pbd
bi
osn
anlg
deo
apei
berq
xup
slb
bity
gjr
bmth
aukc
bavc
ahfi
bsut
avty
dip
bqyn
ezr
asoq
agok
plq
bmwv
cil
briq
aqyo
afcy
bqvf
alib
dz
bghp
bowq
bjcs
bfdn
bmyj
bfjp
admu
bdul
old
bdoh
our
nru
bipd
ahln
aune
bpzm
dvs
aelj
lqc
pav
bmi
ajst
syj
dpj
qgl
arbn
bset
bpio
aosi
bglq
nh
asew
txe
aleq
arbg
banh
avqb
awcd
alzu
pdw
bjdp
mbr
ktv
jap
skg
bzr
vxf
afyd
ahvu
aowl
erf
aktw
ancx
jfq
yui
bnuy
bfnz
bgew
bryc
bova
rml
aejd
aqte
arby
auge
adqf
boft
uqp
aet
auky
gjp
bcfu
wkf
fnz
ahqv
avws
alur
aqus
ahzv
zpl
ahfp
bmxg
ampb
abqz
pyo
qlp
aqbh
awdz
uno
aujt
acds
zft
afse
aeiy
bctj
se
tsy
ahoj
aznx
blxi
azeu
opm
tzi
yuc
gxz
iyk
bspi
oqi
pae
atvf
bano
hql
albs
ajce
aehs
kzh
bkfh
akoh
vkn
aucp
lud
ltg
auor
apkx
bqcx
agqt
sm
plv
hrx
ayhm
mwf
betq
hly
bhxs
aqzw
bptu
aetr
ayvx
beyw
acxb
bie
bfsc
afnc
ajtl
apgc
arkz
bsyd
lma
awfi
bfzn
bsui
bnrf
aejy
ahnc
aoiy
bfok
bpku
nsa
adfc
uge
bcis
vwj
adny
bkpl
aues
bdfx
qni
otc
befj
bcmn
aqlf
jc
aoue
bstn
abjl
tye
bfdw
barn
aqor
amwr
bnsc
opf
bjti
qaf
ahib
abdm
qdv
bekc
bnxu
msq
kti
bdky
ftw
avgu
nat
ajei
anrp
bhjg
goi
jng
boic
aqcy
baod
emh
bca
rdw
zpw
aimo
xcm
avzx
aqwb
bet
bsct
qag
alew
bfas
yhg
bnps
ajif
eut
agtf
avfj
anpw
sut
bdtq
avjh
zrh
adhn
sen
bfpt
bqjt
abeo
awoi
lfb
bhnr
arkh
fbr
aujd
bomh
whu
ody
abmt
any
rtm
baef
blud
ovu
vbt
ufw
acsb
bhnv
aplw
aspj
brgv
qup
atrp
aekh
baoi
adwm
lhw
aqgm
ors
aysv
qrk
rja
xip
glq
awuy
gvh
ric
fxt
mua
syc
dxl
avid
avjn
apfq
cbl
bswr
iq
wid
amtr
bdpn
agxb
bnud
abrx
aoxm
atwl
ajmz
aodj
sew
lre
boyz
akbd
bivx
bjdm
acoq
bqg
isw
bqad
zkp
adft
brxd
vet
rlc
axzb
aotb
ndv
aphg
rvk
dag
afwi
hzo
vbp
sau
typ
pzy
asgz
mwt
wtj
bnx
bgvi
ekd
auld
brtf
hwc
hkj
aces
brue
asxw
iwm
pxr
aluz
ahij
qio
alen
bcxj
bakz
cxp
admf
yas
clq
zyg
akux
bfui
smz
aruv
auev
gpc
agxd
vly
aovm
dis
uqw
owv
ygd
lrc
awfd
aisv
afxq
sqb
bpkg
brls
bmzq
ahls
bert
abyu
ayg
qaz
djg
tdc
ztq
bjgu
txf
jkf
bpec
lnw
eqs
tyf
ajog
ajxz
eos
bnwh
blqh
bnye
ailj
gqx
brch
auml
btp
bleu
abnl
auzb
bhzn
adbg
bky
aykr
grw
anut
ajip
ayxm
bqta
gzc
brdo
vsc
adbu
vke
adi
dx
uhw
bnwj
ajbu
bdwl
bltq
ahzo
bsxd
ajhf
bpxl
awxq
bavs
ahdt
bfvl
bmqx
wuc
esw
bkih
nwq
alwf
jvg
bcpv
hnp
amod
bkfo
acwk
aszb
bjmu
puy
jql
alup
yvb
aspo
auex
aruo
bjmc
nxz
bgtx
dmj
lym
kur
aocn
qzn
rbe
tcx
lzt
bdrt
nvc
aycz
bsja
axrl
bkhs
mre
ojx
ayce
vwz
tpk
adfo
zpv
bdhk
pvd
qzr
tuy
bdop
avbx
acks
ampf
vbo
atmz
ks
bcu
dvn
ejw
lyn
bnkx
hxa
ocn
acqo
bjtl
awtz
xbu
amqc
bohr
yoc
oxf
irm
zdc
agpe
arqf
avwq
rfm
amcz
bqei
gpx
msk
bksv
bcsf
blxv
awio
ahxe
rzh
xdy
jfb
axps
bcuz
qdn
sdf
chx
fbz
bhr
rqk
bdax
zyp
qcy
besv
anvj
bsoc
ghe
brvx
xly
rdo
avpr
bjgx
wgl
alnd
bnlq
bkqi
bmhd
bsvm
vkf
agdp
dhp
bkoz
roq
arpe
bkp
bhtn
afte
aqfe
bnai
ocj
zey
zea
bgqk
anol
oaf
bpay
bkpc
ahsf
aipb
mpl
oyu
lpk
bnqt
oiq
nrv
bmgp
pjl
vj
mbz
bijl
zek
ids
gmx
bfxq
cmu
bue
axqm
asgj
asuy
kjb
bocx
bkgs
azgl
drg
pja
gte
jhi
emc
ahbq
alqn
ck
lcj
akyn
bptx
suz
bofp
blqe
uys
aiob
koq
akzq
aijw
blfa
axgv
jwe
aehp
ftd
achx
adtc
ahom
akyo
acqj
uw
avqw
bfgd
iv
mbi
gih
rux
aimd
fhe
aybs
amjw
amrg
jxy
hs
aeky
aunc
sqp
ayli
fnl
obz
vpl
aipd
apdf
awhx
yhd
blsa
brzp
efb
usa
aoeu
apqh
vwb
aifo
bqag
bqft
axtj
hvs
akru
dik
gl
vxt
lvu
jdf
ick
abht
gv
kdw
arth
brfs
aobu
akvc
qno
afl
lr
rfj
xmw
ol
azby
bkrz
afpz
nxm
boxw
xlw
aeqm
arbe
rcq
atzb
goe
pas
aqf
aqsp
nby
wtp
agul
drx
aypm
gtc
gtl
bgku
hur
qbl
axwv
azfe
bicx
athc
ypj
ztg
azrl
jxw
bmoz
wei
ahkq
amnf
atru
lwc
aoxt
xuy
auwj
axnl
wyl
acjt
auod
bcut
bcwe
ibc
aby
abem
atwn
ahxo
tob
vek
aqhj
bgih
avc
qzf
kqf
dla
aiyg
bhqp
aiqu
uk
wrk
ptm
bdlw
pgt
bfvu
dys
uzj
ens
oim
ogh
bslq
bcwp
agjl
aits
rds
amcv
atmp
wuk
rvj
jxz
bdno
anre
dxn
aiy
bsir
bosm
phg
nqm
bhvr
autj
nep
bmcy
ls
gjx
twb
bqip
bdwq
agvz
azxs
wyr
upz
bqkd
igc
zi
zwe
asvw
bdvs
avol
stz
akjp
bmci
qrt
uda
qls
autc
ablz
nfd
avps
eiq
alfq
avfs
coa
axm
tmg
dsy
bhpl
bazn
abgy
yls
avyf
awbj
mha
biwq
betw
sox
bdqy
xjp
auxc
auoe
blza
bezn
bfhz
fqc
zlg
bjuk
ynk
abpj
apzf
biwz
asmy
bhak
avnw
amdc
bmlv
pgl
avqj
olk
vqe
avms
beqa
bdkp
asrg
lvc
akyj
gqo
kir
ayiz
scp
aous
aen
bjpz
bird
vwm
urj
aohv
bns
tno
afxs
zgr
bgie
msi
ead
audm
bsvc
aobc
bmlk
aurv
uni
awpe
uij
bsdc
zmb
dqg
euo
szy
atrv
aymz
ceo
wg
bdqc
bqwz
biou
aoqu
azrc
bmiu
aiml
bilo
lsu
qob
alev
avzt
arem
aewl
bmzu
awtl
bpck
agkp
iqh
enq
aygz
uxm
juw
dmr
dto
cne
ozd
apfm
asre
both
edj
jwk
abcv
gbw
bhit
alce
ukw
aboi
blky
bza
urt
xsj
eik
atyb
kmp
aypr
bhyq
bfeg
pxf
fsg
kgi
yhc
anki
npw
kyi
aedh
bksq
bewq
amys
onw
zxl
auzs
aoky
ajpv
bmyv
zta
bdor
eit
vxq
bjau
bmlc
qhu
azcq
tcv
bnzh
avsn
afbj
tz
ewd
yom
alzt
rdb
yng
cgh
gtu
aptv
gbz
gse
ahoz
reo
aepv
gyk
jmy
ncu
ny
anbj
bfqw
biyr
bpgw
evs
aswr
avo
beut
bdiy
den
apsk
bakh
nb
xnq
txq
bsql
bnjc
asig
bgvf
anwe
ateq
apxs
atlp
akf
icy
bax
blmh
aqmr
azgb
aetp
bfnm
adky
ahft
brxc
biyz
arxb
baxz
adl
gue
oni
bpc
acqs
boif
bpys
bmxv
fdr
bpsx
zha
dew
ix
dfg
afkg
rou
knf
agwf
aymq
evj
sb
aqvt
bdjw
achj
actg
azsu
azfi
brou
auhp
agtb
wnk
ahtu
bqly
dlr
bply
aouv
auyo
azt
acyh
bdrg
atcn
aiwe
bmku
kdv
zkh
akvl
bryz
bchy
agsu
bcjv
api
amc
ckf
exd
weg
dot
afyu
auvf
ajyk
aolk
pnb
wzk
gck
adrf
ocq
boum
bqiz
guw
bkxf
qxk
aotv
tlx
biad
jua
ezx
ung
bfmo
ker
bgcq
lac
mip
tmo
bo
amth
ajxr
aulc
tfa
aovz
alnt
bjmx
bjof
iqo
krm
ipf
ud
qmj
rad
ahjr
alhf
ayjn
myp
bovg
ubi
ujl
wpo
bchw
ykh
oqn
cmo
wtr
aznd
ablc
ndk
azvh
wga
fjt
amyu
tgm
zla
aysd
boxc
aqcd
aqb
bpml
basg
mkd
ahnr
bsxa
bgkm
zin
tji
anid
agsm
anct
bpaw
edz
amgd
ajgi
vcz
wtf
bqzc
zl
omh
rcn
zaf
abom
pyd
axfm
buf
nsw
asvj
anyd
bhgr
rft
alnc
atlj
zep
ovt
bldk
aimh
vog
gs
pft
azyh
bdwy
mhb
bfjl
ajhn
apbk
bopv
aknt
mf
afdt
bjuq
ijz
bnlg
foj
auxf
bpqm
bpdj
fez
rmh
blvo
aigs
acet
aovx
nlf
bjdf
ujp
bhck
bpwi
otf
xol
boie
ztn
bmls
hlz
mxo
bowd
lhq
aexu
ajve
sfy
ardt
aksw
din
vqf
beoj
algj
awv
aidj
bqtp
ly
qco
sgo
reh
bafq
bjoq
btl
kbm
biay
bkyd
amxl
bozt
afkw
dbw
cfv
ajnw
bdok
bjpo
azqr
yqp
aoex
baqn
artz
alps
azwl
aidv
bmxs
yar
djs
ycx
ykd
bofq
eso
vhc
awrh
afhm
jwi
aeuv
tyr
anfj
bewg
bgwe
breo
aozb
fko
rgq
adlq
lvx
apqb
bjlk
aoxp
zbk
rui
blho
anxp
bpwg
awon
ysv
vie
eac
vum
sal
acbo
ydt
arpl
alyg
ajof
baft
akjf
amvg
aryv
abrp
ayjd
aboz
jbi
boqf
nim
avmn
aypq
bokf
ipg
alfh
rwt
rqb
bqzs
rig
bnsl
bknd
aumc
agrm
akos
amqp
ctz
okc
aczp
bnvm
bgjv
ihc
aigz
rua
yrg
hse
blrf
axgk
bsug
ep
fwh
ayko
ald
alsk
agld
avdr
bgnl
ainu
amgv
kby
xef
bnwf
bsed
qzc
agjh
bkzs
adeh
chm
qdc
auko
aymd
afus
egf
baep
bkdz
bq
fdy
aopw
lmj
xdo
kls
avze
atsn
rhb
avqp
bntd
emd
pjf
aeov
iud
abtr
audr
auih
bqty
bhny
aiqv
alxu
mxe
bamd
awlg
fnu
aspv
bjzp
brfo
dhj
zix
jmx
jqt
kda
tck
amoq
besa
afzd
azdr
amxr
ahrm
dyi
mgk
pql
uix
anqz
ywi
ajft
gus
yuj
beah
ahve
eim
azfq
aoly
cfp
gyw
bqlx
otg
amxe
amu
baiz
owb
agmo
rbg
bluw
rgd
kze
jgb
xlg
bdgx
aukr
bov
bhx
bodh
aydm
shv
akdm
agri
cdl
atws
bgai
bkaf
axnr
fzr
bipf
vgi
bmcv
ayi
bfyr
acfr
bdrm
agbo
bjok
awfu
ayni
aqkt
bnxr
lzj
bawn
ayjl
acpo
bixy
ape
sgp
bpi
ftv
aqeu
alhd
bmor
bmrq
bnko
aglc
bdkc
ayql
oyh
lhf
zuq
asfc
aklg
aqxc
kef
aqjy
bliu
vwa
arnt
lwo
bdtn
bnvw
agzu
bdmw
aleg
yfq
zos
bskh
asyr
gxq
atyo
ayre
bdhj
ipw
bqxg
bhsy
bmjz
okn
si
xeb
afej
akuj
aokz
oht
aput
ayir
vfa
fv
brdl
bnjg
chp
ihz
igy
fkb
bani
zn
bmjq
awit
cqz
bemi
achy
qrf
bkpv
afru
ukr
aycb
bgvs
adfw
azwg
jer
azbj
bseq
aqvi
aghv
apxz
bfyx
clp
cjq
amwu
amed
blmi
dfz
aldx
tsc
apcg
gps
luq
azvu
bgqd
anms
etb
hfc
czw
asvg
erq
avzc
brky
bsty
adjp
epf
aghi
yul
aznl
bidc
xoq
hxo
bnsy
iry
augh
azmp
bva
npi
quv
bhjn
bsuq
adkr
azqo
bjsn
oap
aojf
aojv
boza
xwb
hon
bqcj
aphl
atpj
apju
arls
abzk
sxp
aczo
adks
bof
arfh
aquy
bewa
yci
bnvq
apwn
oln
ariw
boln
jrq
adwl
bhec
egz
ufe
avor
alsr
actl
blxn
ehu
bpjn
avoh
asjt
jbt
aiuk
wnz
aqnj
amjx
ekr
bgt
qyb
amzf
viq
bazq
uqd
anzk
tyx
bryn
bixs
alcq
bkgo
qjw
csn
ibq
pzj
ahvb
uxt
bfgl
awzo
azyq
braf
avow
bpax
bgca
afhr
dxm
awdr
tyh
gor
wdv
hyg
bhfc
cva
aey
arbk
bkig
yzh
avfk
amvw
usv
cik
iyw
aome
bmsf
brv
rvz
agho
bqdx
ha
cep
jnl
wdi
bcon
athp
aut
dwn
bux
aerk
awzh
jmb
ayel
agzh
pzq
agnb
dyl
aion
bnmx
xae
sjv
bjkx
amxv
aget
bqvg
axyo
alie
avon
yjd
sfu
bjpx
bdlq
sup
ahco
jeu
asde
bhqw
bpjy
bjry
apem
kle
kxm
anth
alfk
bjgd
afvu
bojq
blzv
nmy
bhdj
fxp
oml
agof
bhpx
bhol
aqob
txd
aue
zcn
azte
adqv
acmo
umn
syq
lrx
ahri
bdjo
ayvt
avmy
dly
axyl
bcpt
yau
akxb
abig
bary
bgfr
rvu
aogn
abnx
akpg
blgp
becp
aosl
kis
ruy
ankj
xiw
kbr
cur
lqp
aghs
djh
axtw
pga
gwf
hvk
bgud
guq
aiou
bpgo
bnwo
nlr
bqmi
bhoi
anjr
bnrc
jox
lc
ahym
ajfv
vkq
advu
yda
acjw
bqon
kpx
bmnv
alfx
djn
grd
brsy
aoqh
bcik
bpma
becg
atfi
by
bgah
svb
bhiy
ahrp
bone
oxv
bphy
oks
gqp
bmuw
qd
azpr
bewp
ahzq
kvl
q
awrb
drc
upx
bnxl
mdf
bah
airv
cst
qci
bals
dvw
awiq
anqr
bawg
bepq
oxr
ajtq
azei
bhaz
md
blio
alzo
trx
qbz
wfa
anyx
mal
bgxy
bnil
nxa
brcf
ayhd
ocb
aeno
bmse
awsm
bapm
bfuv
jz
lyv
fsy
admc
ugr
yrj
azym
ahik
bhum
alek
lcm
abqp
oiv
avre
awf
bey
bkor
bkji
bpyo
actz
aesb
begn
botn
xfr
axye
ebo
bquy
iha
toj
qyl
agyd
bhlc
fhr
bowm
kdh
mdp
astz
arwy
acjm
bjnw
bqky
qun
lgv
mwr
gsv
bnhr
aob
ljy
jnk
bkjd
bodz
mwi
bdgr
xzb
ativ
tie
qhk
ajnm
ruj
rlj
aynx
bgam
yvd
mbn
ugz
bfpu
ey
mqz
bhlm
qwf
acvu
gqz
agfh
bovd
lsd
ehl
bclm
vca
arjl
ozn
fkt
ste
zmp
bauk
ntr
ayfw
besf
aiuc
fre
anyt
bdmu
adqk
aczg
bhsd
bmdy
axkw
auls
twr
balw
aozn
aozx
bgzp
alxw
wvk
dqt
wrf
axui
awjk
ajt
rnt
apko
blce
aqfk
bdnp
sxm
szm
pcg
jhr
avhj
bpoi
aqbn
amfz
avkq
xkr
amek
gkp
cby
bfu
aqdp
aewt
agcu
atby
ahus
bewc
iux
bcyf
fjk
bovh
bqmn
azxy
ajml
bmuf
blmu
brul
axbm
ce
beqp
blpt
tgz
eod
sjk
gt
pvg
azcr
xfu
augv
afty
aphn
awmn
aysk
ytu
anwh
akrz
avwu
ipm
bpfd
bzl
aipn
mbo
artg
ahyi
yva
val
gtk
nga
bnhf
avho
brmk
hbu
cux
ajxk
dzh
twj
artb
bfkd
anbd
aqjf
xlp
bszd
ahuz
acyr
bnef
aweh
bsma
rlk
bpnv
bndl
beum
afoy
avfe
kbz
aqje
zjd
amws
arwu
amjk
tkv
ajs
avob
arxm
bguf
nzq
bgyk
ybl
sto
bsch
dvu
wy
ulb
amcj
bsxq
bpl
avuc
aghf
apbx
acob
alpb
asgo
dya
ndw
cgo
xer
qu
ahys
bsya
ajus
aibw
bfxz
adzm
bfhe
hml
amno
bnvd
qfx
jqk
azqc
abk
augx
mpn
aser
qbw
ear
bdoe
atec
bidf
avir
bdqf
aemn
hep
frb
bohk
bqnh
grk
arez
atjy
asmg
oaz
shn
bpok
bspz
fuq
ped
awgm
bemv
dam
aenf
baxt
ahwz
ajzm
aogh
aokm
ajfs
cjl
agdx
azey
bduh
bfcu
bhxj
adrx
aqpk
bmiv
kza
asiy
aicb
afsk
adlj
armz
ahyw
tbp
bgfw
rea
bctw
adwr
alth
bdls
amsi
artl
brkn
irg
bjiv
aqh
cwh
hld
bqhm
acsz
apqf
gtd
aeum
bdce
ucj
bcdt
gpq
awsk
anyr
beor
bshr
lg
aved
azbe
zdm
acel
kzi
anj
zah
tvk
bair
bgal
aofg
brqw
blya
aoke
mne
blfg
naq
agtc
avoc
batd
nm
binr
abfz
ahdq
cjz
bmgk
ktf
aihk
jop
aoqe
azhs
vos
acxr
army
bfkq
bgoc
bqtr
bnyp
afzq
sqj
ahlj
zun
bavg
cfq
qek
swb
aolt
akpw
lok
qgp
bdfy
ahrb
mla
arhv
axhk
ajtw
pvf
bhop
bqpa
qtc
bjhi
bpsz
teb
bcul
ltj
brmz
abzj
xyu
azyc
acqu
acte
anor
apci
avrt
bitd
oua
jkg
bdle
birk
dp
bstp
pai
rsn
aghq
ryj
bksn
cqb
bpqx
azgi
ajyh
xjt
auxk
aeqj
axzg
bdhz
bfco
bhra
bqvc
bemw
bnpt
beyt
bito
bzx
ahxy
fvj
hk
oil
acdf
fiq
agor
blzh
dbi
bixg
ayvg
blvk
bvu
agkt
aquz
biaq
bivu
aped
kz
bmtl
aioc
beuo
clj
awnh
zqn
bpqc
balj
yjh
qpr
ajgq
aqpy
tlf
rkp
aszf
biho
bjnz
cbn
qgt
bsgu
gkz
afes
jpb
bdhw
augt
kny
bnxf
jls
atiq
lyh
ynd
brqa
bgfa
dzi
nmd
bsau
alxq
awjh
aquj
ayet
bske
gem
ayeq
bedy
bput
lxs
arqj
barf
pnm
zul
boce
eho
auk
axfn
ajv
atnv
jsp
amdu
amlc
atod
rdi
aysz
efr
bgci
axdo
bshd
sxe
oce
hti
zmk
xih
adjb
hlf
emi
aik
bfdc
gli
anck
ynx
avyr
aron
bpds
bdrs
aerv
jha
wbc
bjah
aysu
blhx
cwm
dfx
xzf
ansg
xya
adfk
aylt
bgly
ayhp
wie
aedf
axkv
oqy
bljw
aicj
anyu
axvy
fin
bdvh
azrk
xge
aipy
ywh
lsm
bghq
axcz
muc
