h^Z
ma[
emC
l$\
j8E
am|
c:g
d'"
g~M
dCz
eGo
gkp
cy@
dyM
l-F
d#l
gS<
dK4
m}S
mpb
dgU
g`?
hxV
dkC
j^6
d.y
jv#
aF_
kI'
hG'
l\]
cS{
gFd
m@K
gDi
a0^
i%}
l`=
k2W
cFK
l)6
iZ^
aaK
gZZ
c-{
hsD
fIX
jZ]
m8.
e/N
e!5
ao<
nv0
m\c
h_m
a14
nf@
igr
aw3
csg
b(7
ki_
ls1
a0p
e+b
d^@
d7}
el'
g*g
g_'
nwX
lNk
ioL
du"
kVI
e"J
b/e
aCR
lQ3
bex
a&4
jEx
ac|
j#h
k<{
j`e
cDT
jzf
dUY
lR5
k"'
jwz
bne
bEa
l]P
jlv
k8k
i0%
hu]
nBJ
l'l
hg`
bqp
mNF
d3c
b-.
eC6
bqH
d-5
k8U
jh,
l,`
ced
hZ|
mUU
g72
c9w
do,
em@
gZ/
g?&
k-h
d*V
cvo
f)i
h}R
bjl
c8\
nc8
lBL
jDM
byV
m{J
a<}
aA%
j03
iB1
dZ8
kWG
ju@
j?#
i!9
khU
fos
beI
dLN
kb)
fAm
f/1
gY}
lJY
b]x
c}Q
d!\
gHh
ati
lO^
dwg
iM*
bPy
kSU
f#?
bpH
bo4
iLO
e&(
bk:
a}G
nq(
g\B
f])
ihl
era
gc>
d87
lE]
m+0
hzi
nmW
a<T
a^R
d#q
lux
b6}
j|.
jB<
hww
k+2
gu(
kEe
clP
bEN
hqM
h",
gB(
j{%
jP0
g)s
bj-
dmS
i4S
m8>
iIn
iy3
d8?
cEU
g:*
c.<
kYf
j}m
f{G
aDG
ly!
ij{
m7q
nl?
kVE
a7"
i&7
j~8
icg
e@t
l4~
c7T
ie@
cmk
gHx
fU#
e{K
h'V
jf[
i.R
a^*
cg~
b:v
a&b
bW_
d4'
i_-
eH6
kpi
abU
miA
cg-
er&
iLX
mYJ
ilI
ga&
dBN
ek|
cL6
j+U
kW6
f>~
cV^
lYz
f<C
lUU
m"q
i%t
k08
d)B
m|]
er6
mHS
hwU
c9O
bnH
kAq
hEX
i\r
cuy
f*f
h/L
bRT
dN{
aX>
f6l
hdm
dUE
gHo
gl!
kc1
eO$
f-]
f`W
jew
isP
hph
bmw
e+\
mUF
eJZ
bdx
kgE
i]C
nhH
l$"
kax
kIc
aw-
b1b
iTS
hj^
aPk
a:H
jbb
jbA
f0y
l){
gO1
i3q
e^U
fr\
e\&
a3e
l4'
mi4
gmy
j/]
a@k
m^)
e[^
j^P
a)X
btc
kwU
azI
dmw
hav
a(J
mBo
a>3
bUP
j9u
lEh
bX.
jD!
dI}
cWE
em9
lKd
jOZ
kYg
gdt
b@z
g0=
m|4
geb
h">
dhV
aM+
dX1
czi
h6t
j=r
ai#
hrU
i]]
h8a
gh?
gS6
f/c
mkN
j\C
fWh
f=T
gpR
m2)
j&S
m3v
k&[
du9
a`U
a7e
gRw
kQm
a-R
fR~
dtB
ieO
cJt
kU3
ifE
gz=
bRe
g\o
ce.
hhl
j-_
g|3
j){
a6S
mbf
iMe
f8k
a~K
cJ\
bLs
iI7
lr?
aOS
an\
kX3
fe)
aLv
cu:
g%+
c5h
hNU
e9F
iRO
a.(
j*L
k3t
jJJ
m_L
aps
g(Z
gen
g1\
ne/
i~L
b7(
doP
jp_
cn0
i|l
i]{
dzt
c:)
lW6
m!=
mR1
gWY
g<n
hhC
bs^
m<)
d!r
coH
d<v
lao
fp*
eg'
h(@
eSK
l*$
kW>
d2Y
j:~
jF6
lb|
k*A
d/@
b^m
l]c
b7:
kXe
g$b
m']
dl=
l3i
k'k
b/3
e>&
j`f
lYL
cAr
i:V
jHC
mL}
ljP
ntI
bvd
gN\
cFF
hDc
c#i
evw
l}b
hO!
lgW
jGn
d$i
dZ!
l/d
ehS
dF4
bj*
bXv
es3
bHN
kfe
dGZ
l1Q
lK$
j_M
kj#
f#+
khQ
hfN
hFS
dwU
d3H
aV"
hcx
dD+
i-/
b!$
l~m
i=1
kl]
i'v
ni~
ep?
b1E
hot
hgw
j'2
hjo
jv[
a.i
i`w
i{e
ckP
bP)
hLU
jDV
ayt
agL
m7(
diF
aB&
k|e
icS
b',
gYp
e`N
kBQ
k}!
fv'
idg
jR>
mPf
gg'
dh'
i''
ePI
jAT
jwA
g?$
ghB
cBc
ha\
hWU
esq
mM0
gw>
a!v
ke,
iiM
d\q
iN^
abE
kTU
c6y
l9"
eDF
fmI
j::
juX
jx8
mpJ
lb:
l6+
j|C
ipo
e^G
h5r
dFn
hjS
a>L
fQD
fF(
gRq
jbj
f\J
bGl
d&!
an3
fX(
e1U
c9K
jJ+
c/'
em5
d`%
d-3
hJd
bDn
my`
l0|
ngz
enD
hbR
amx
kS(
bQI
e)K
jNk
h6_
jph
hd2
cmf
l2M
l7=
l.X
lr/
gl7
cW0
i2-
gBt
mwu
dCI
h:a
cIT
i@1
cWn
es#
l%\
eMb
kIm
dwT
kdu
iXh
bqu
hD^
e7z
dbx
axA
mqt
eq(
g(&
je%
cDy
dm=
hBN
k[y
d7'
l}s
eP)
c6j
na}
j5&
e&W
h{T
c#*
dCb
li1
j"M
fu=
gI\
mN]
d+<
hP:
nml
ih>
lTU
f'g
i~1
aQ3
f]g
hGf
h=1
e&b
dD-
jM!
k!%
iDv
b9F
h(B
auD
eh'
k%P
go9
dOb
hF-
lQL
k$\
fF6
ld[
bo/
f0P
bP$
bh8
l^K
eId
c3J
a".
aP2
h^t
gF}
c:^
a18
i}^
fA-
ik%
j$G
g-[
bIM
iHl
c)#
hg:
g=n
fVi
lry
c}!
i>8
c5K
a_,
lHn
mvd
jb9
b<B
b[t
fJ%
e<q
htg
b"j
hbB
g\%
a+<
i"Z
a,6
k(#
gC4
dcn
bJM
fdL
f"E
eo1
m@6
jL&
eE(
e/t
eTQ
fHH
lH+
a^L
jc1
b!n
f)%
i%[
ipa
du>
m#x
l+}
g>V
ln}
jz@
dn(
fI+
h}J
cad
j|h
a%7
jI_
c!r
mOH
l?8
mDA
iS9
kk1
fXi
k!w
jHk
ept
m*)
e29
fn_
dQ\
fla
e?V
cgj
l4_
f6y
ai`
d3%
i<Q
eHW
gJo
d7_
a$G
l|M
j{r
bXO
cPa
g_p
jqD
i)}
j8P
b!s
f>G
e'8
ipi
l{)
ndO
ivx
mQ~
b]]
d^$
mG6
jE:
a`&
l1R
fOR
b*C
fU7
a&\
d#6
mce
duS
e*[
aHN
ms'
e<i
lM=
kfg
cc`
mmx
k?.
k:f
gf]
ex<
hga
kKL
lh(
aZV
kg?
fCu
mI)
dt1
e'x
m.x
gO{
h{]
nn-
dSa
kK:
im7
lhG
iJ|
bQ#
c<g
lNW
kK,
l8U
lGp
a+x
m5F
j=f
lVS
d8K
g^A
j`o
lth
iT7
c=)
h5m
jS}
g}g
ckB
h~a
j=y
h^8
f7W
dPA
cK&
d9I
hoy
dH*
ngQ
aC0
bBz
caY
lW$
d4>
a%b
bsJ
l+8
a(S
bK~
f1E
e9R
i@V
aIl
g.}
a-#
fZP
f\d
a.T
kw7
b:{
j":
f>i
hKl
hSL
a=,
bcy
aUs
aQB
h`1
c@<
lNK
ak>
k$"
hKA
f|,
g]V
cL!
h4~
e}r
bAf
l>X
e`S
bQJ
j&c
f]m
kM>
m?t
jiH
i!\
ilN
hq$
lB~
fLF
h7}
jhJ
at~
m?W
gP?
liS
a&k
ex&
jIA
lQN
k37
bG1
d8R
jI-
m/#
c^x
mh9
i6#
j.Y
mJ7
j'T
kEr
gSP
k)c
mL2
g)e
dAc
d9O
b"y
hk9
eav
l1/
ivV
dZw
bq,
kYl
itL
dD7
bT]
knd
eIJ
hgR
aGJ
hZm
d}S
g2C
k#r
e4B
a3r
d4[
lL!
ktq
iI/
iO~
iOp
j>,
fsb
f$F
mOF
dx8
k7|
lH/
i8W
aqo
fde
a|=
em4
lTy
aRy
e"3
jE-
a+'
afI
jBP
hX-
h01
m#*
ng]
c#,
fiT
fm\
ib&
f9)
c`F
i:j
g8C
gD9
afC
jss
jG`
bg#
drB
gRz
k:B
hq(
aCK
a(7
cc]
a{[
dZm
bKp
jS2
b'.
fb{
giO
d^H
f}/
ai?
b]c
i9h
bqs
j8\
hd\
g\X
nzv
aT1
c#p
bp!
baN
gg4
eIr
k]E
cG#
l"$
hPN
aks
a.`
k_O
er/
gG1
j7?
nBK
bc:
kc+
dJ.
f][
d3&
m&i
lbn
kIq
d:k
cGR
e~d
j:K
i?5
fZ<
kvD
fV]
b2"
h*6
mS/
hK>
kg}
htx
dPO
c-Q
lcg
kG(
l:d
co-
f%V
epN
ix5
kO$
jSL
c<n
l?6
ls&
i4I
fA&
l?@
d(7
a~1
hjT
h%"
k`s
iVs
c(P
fo(
m7l
mh,
fHq
i^.
iT|
dlq
cTp
dxy
nuc
hnp
hOG
e"d
bT|
k3`
e-R
k[Z
da*
hoQ
g|K
e{j
m"_
bL^
elv
m7)
lZC
c4^
jm_
fb=
k`/
a5D
jYo
bt^
gMF
a|w
m]I
eE3
g@Z
l?V
l'M
diP
g$n
fiC
c|[
aAC
lVo
de'
gP#
l6o
h"x
jI,
kRf
kU)
g!|
jPK
he(
d'-
b94
m:U
m"N
mf6
fe}
i_k
dD_
dzB
m((
mCX
f-I
kJE
knC
b_:
fS/
kI+
f\=
ag&
hA5
c.y
ldN
m>x
ba&
j!X
a'V
k[w
ial
dul
iq4
hSk
kv&
dqA
cNV
en$
h8p
eN7
k.|
j^K
e]E
d'[
du#
m]v
c<G
klu
dEB
cs:
e?e
lh!
di0
gQL
gCO
a%l
f0v
eO|
aBV
gB,
e@4
bUb
gTL
fk]
f7I
gt6
a0A
l!2
k:2
m/w
e>F
m)H
ey?
iw[
cnH
c(j
dd=
d/?
l{R
ez2
e'(
k2l
iv(
b^9
i3N
h-+
etr
e#F
dj>
a@3
bT.
a54
h0.
bep
eg&
i6Q
eS"
kZ,
m!c
m+>
f<W
cC9
hJc
mJ*
m]V
h(z
dNb
l3~
isT
b0,
a)6
alT
i&d
k16
h2R
f3p
hZ&
i\.
jmm
lrQ
c/@
h!r
nke
b~~
lZY
gtz
i(c
aI}
egp
mS>
jQ?
j+q
dnW
kwg
c8j
cO/
hMd
g/a
a_/
hcU
d+b
iaC
irD
hm\
lQY
dq@
b:[
f6~
c|K
k/K
k|]
jzY
jQ^
ke9
a00
am{
io8
ep:
nfa
ezd
dl@
j)}
kI!
m\`
j>.
k.h
b-P
h5W
nwc
eu,
g-_
k-g
j[8
fCA
nw%
dgZ
i[C
d?z
izo
ffG
b.m
jG-
bgW
kmN
kL!
mjc
nvC
h3l
l?'
ne|
mr\
lY5
dD"
e7(
b$u
iR\
jSv
fNE
mS*
lw^
e,Y
eFp
cNR
i0Q
cc>
eUb
gdO
hvC
c:{
b&u
e[g
hd}
mf{
b>T
g"+
dMz
cHk
k9t
g5U
i|b
e@K
cW:
bW9
gpB
j'{
jp-
dE7
lwb
kov
dP`
a,X
g_o
k+Q
h%C
eC`
hLR
c[=
eCF
mXw
iVq
cGn
g&\
m.R
aED
gEn
j22
h68
hT`
e,3
d{M
mM<
d~g
mg}
jvt
g+Q
afL
lX:
m2b
dQx
b<C
eCL
mJ/
mlR
kk7
fa1
hfb
m]&
dU$
gCt
nnd
bgw
h[F
gc!
ih]
hFJ
h~Q
i4i
apf
d_"
d!K
eJW
i5y
h{8
c*=
d*E
jRA
ipf
kVm
fg{
d"H
kv4
gY'
ko(
cq}
c8?
c~c
nA*
dT0
bT4
bN?
g[o
dk<
jz'
eRu
cQG
hYZ
bBu
cZh
f/2
i9u
d^?
c)B
g(r
kd~
d]"
cVa
jg}
kAu
d|a
i#%
k+z
i"`
dKs
j)]
cS7
b&U
kF^
aiK
fNI
ly8
hM-
c9b
k\u
dV@
h|$
e7x
lAP
jX[
k!&
jMS
aeO
nau
h/.
m"#
mz|
fR.
fc%
cmv
k]0
k@<
d=U
akY
lZq
b@(
ifF
e.Z
ib$
iIO
lf4
giK
j~<
cL:
hS@
bH4
hcm
avF
b"u
icU
l|C
iUL
l2_
h*n
glX
ce'
c[u
cY"
j4a
bfK
l`7
hII
j0a
hWC
a(v
k^A
mFn
hou
c0(
dTU
cw5
c=C
gW]
dpt
df]
aU1
hXD
kW/
l}>
m=+
j&k
m_k
df>
jH|
a&W
a&&
k,)
k@W
dwE
mNZ
jgb
aLg
f&p
guA
eIY
jm|
f+%
hn@
lc4
g&3
ep(
aMY
j3l
l6g
a+>
i!f
i~7
d|1
du_
h>t
bSz
eB3
kx|
k"Y
j3O
e(y
f=b
k,?
a,2
aup
a!6
jj`
gCN
i\k
a%A
fMg
hXl
bAC
h.a
k+J
gGP
h-J
m]G
i>a
c6F
e/n
fq9
m%V
ieI
chy
j`1
j"R
cq=
c<D
ind
j<w
dS_
g/?
mmI
aIa
aL(
d3O
hNz
c^H
lQ#
aNc
k-w
a17
bqx
igl
iE2
k<F
mp~
cE|
dfs
hjn
l&o
j/}
gy.
d:{
d`9
c#l
dFD
h.F
fz_
ms~
iV#
bmo
fi:
hbU
a[e
l>z
lU\
mU2
a$n
lsK
gA'
e7a
aOs
a7\
ka%
bPh
diC
f(A
f@S
lW)
kY4
ibo
h9z
j_L
l<w
e"8
d-?
b9_
b1r
hu=
ddF
f4P
b-(
d=X
i?x
h^3
kWS
cl1
l%i
hS&
l)y
ix}
hk[
a9p
dm{
d_|
kOH
lDr
c^w
a[8
m`H
lvu
ad[
b-a
gO?
dH}
kuS
kp)
e#(
d-6
keU
bu}
jm9
j/{
f1:
fx2
iM>
h4#
csp
hD]
le/
kxF
h#:
b\t
i>h
c5]
g3,
jDr
lD%
c5X
kuJ
eeB
koG
dx{
g-@
h.+
aOw
g]j
cuQ
l"o
j/4
lE)
et\
aJt
g.=
l{V
lP\
afB
iZi
eIa
a}]
m6-
kOb
g\l
d&r
j@_
k_\
e*}
kT+
j*d
kP|
l1B
cY-
j~j
m?~
mb3
m.g
c8|
e6G
fI1
fsw
k}n
c9,
l>Y
i7-
mMO
egc
g?\
awJ
kUA
csc
lN*
ns+
g.\
k9R
j*j
kNx
j!>
ecS
gOd
e*9
h/2
m9K
ce]
jR/
fKC
c5e
b7_
a[?
afA
j#>
iT.
d"c
iV\
c\j
h`)
gZ_
mk6
e0"
h[v
dG`
d2s
h&d
gp*
ez]
jg>
m`Q
cKr
eUJ
j}>
kD?
ma\
k]w
b:)
by,
aJb
m1a
fQ&
b1H
b^h
eI}
dSW
eJ.
eg>
l^k
kHd
hdz
m!,
eJu
d54
hZL
nwj
i%f
f{l
jV-
aKu
dib
e/Y
c&:
lnD
k2C
f`U
e>*
i(F
eFm
l_g
c0d
dRh
i~H
m_H
c!{
bK^
kh|
lf]
m>P
mcZ
f6h
g=t
b-}
l#9
k"h
ayX
h60
i1U
id:
nyf
j&G
gq.
e4a
d.]
m@p
al]
eu]
f38
m-G
bX?
c>r
eo~
aj~
bG~
nnP
jfu
eHy
cNC
iHr
lS1
e"m
bmP
i/t
cF+
f"n
i3'
l"'
h!8
dN&
fD&
m8^
hw]
c.P
e-i
fa(
krB
iwZ
m<e
b1Q
f7:
cG=
e9\
bDo
eIB
b>m
b3_
inr
h"z
fYj
lP!
d4D
daZ
cTW
er`
nrU
k/W
lG<
gX|
l,T
eg6
bw_
fv(
hOq
bH?
llu
c$:
d3)
f}+
a\3
f@B
c*N
d_:
kGI
bn-
fnH
jn%
l+T
ezO
gw1
a1^
ivh
a0P
h{Z
gtk
k4B
b]M
bvD
arV
fz+
inR
h,B
gZT
g@H
m`0
myC
eIP
fv1
lGs
gkn
aQ:
dw/
lS{
b.>
koM
ihc
lDx
fs2
fRE
edn
l`u
d~1
jUl
lXp
ir'
k0s
dz*
fze
hC7
eoB
hss
as`
ba!
jH+
g,*
cp8
gpD
jXz
ekk
dzS
jYM
hNN
km^
lij
nzi
hT]
jj:
eL]
d<2
d4a
f/g
b0b
g?A
mYZ
kNq
k/#
g,J
ho1
jU1
b=:
e?x
lCn
a)!
k\p
g7!
g#o
ml"
gw?
nu/
f&6
j(e
e+*
j]t
a+V
ip)
iB|
e"(
e()
eib
eZ%
h!<
a,W
m9?
dDf
kc5
g90
fE3
ciD
a$P
bxT
ab#
cn'
mRn
a&R
cQN
f%7
lyI
hV|
bzt
fYn
i:v
cUr
iZ6
g&U
ago
eB#
atz
j)O
g#U
aPK
iB3
d[0
m>V
eaN
hT"
a}$
dEo
l9c
dAG
h<L
jc/
j~g
h5b
cGG
ct!
hc2
l'4
kzY
f<K
k&]
h,G
b5A
cM<
fPR
eCk
c(#
k(H
hC>
a&^
lr%
gY2
i\y
h27
h`,
eJD
kGZ
d\>
im?
da/
b4_
gIz
lG/
gNG
blg
f`'
f-7
iOA
j-!
g3~
ir,
j-x
hVd
d*A
ix6
mZy
lrF
h:U
nl\
bL-
b3K
b.3
kq\
b7$
a2a
cCQ
m'~
l2G
kR'
kM!
adb
a*h
aom
ivL
e0y
c+7
m]Y
j/6
h)P
dfo
e<P
gR9
mQg
a4C
a3u
h&m
fj!
i2w
jyM
mo%
ke]
fCZ
kw/
k4,
h66
i]6
h{*
gWV
lY/
c`/
b.W
a`,
ijM
b-E
g0@
fHR
io.
ad4
b%S
mCW
lqf
c=F
io?
cB/
kj8
m{"
gdR
lY#
e=^
cMY
hJ7
jd\
haT
a1x
h,*
k+M
k3)
d9|
cM'
m>}
aeE
mw%
iJ^
fg:
g'q
ksD
f:=
m%M
e1k
ai6
c$Y
m@\
dm!
dUS
g!5
f<\
k5q
lEG
il%
me]
iVj
ie3
f6e
kuU
eZw
k"W
a|F
k"L
kR`
e8!
kIx
ikX
fvx
f4m
bGB
m%Y
hP.
k{|
npZ
nBV
hQu
m?T
mvE
m(W
c9L
dzA
i2u
j\7
f$?
fz%
c|V
h:g
ai@
guM
f5m
h3T
cF,
kd.
f,\
h7D
i*>
mQu
d@~
a-d
ky_
a}d
ng"
f68
c[.
h)g
jtC
eyX
e_1
e[?
fK{
b?,
j\L
cd5
l>i
iqO
dM)
d8]
hkI
f[c
fTR
jaK
fB8
gB.
ds>
ikz
i4h
c:v
b<L
eU"
cXS
ery
eD<
j/b
egm
jjT
aI{
j^(
k?~
gPc
l.p
e^H
c:a
k9G
jdG
h[q
k\&
jJr
eI/
lLn
lS[
gfp
jkd
lqM
fk<
gUn
d4|
a2!
lt9
npt
nbI
mr-
h$P
eBC
h"I
jyO
d)e
e[L
kc4
c<_
le2
hp~
mV:
bwX
lnx
j`T
iYM
l0p
e7J
h9}
iVZ
dC5
m<u
l/7
is-
lw:
mGM
mPo
c).
jrT
gVB
k,{
d`k
hAd
bD}
bM|
l~D
fft
l1g
iQ\
gsU
b$l
j>=
c@X
aX+
ni3
b%#
eh!
ks/
kxs
kGA
iZ9
ke6
ggI
g@6
jv^
cn<
e?'
cl6
k<y
b=)
neF
bZR
g^&
gp}
d{W
b*{
dCs
bW!
j5N
a*N
jXd
l9e
lw{
bRj
m[w
ly@
lXW
kM=
mDr
cm:
aDN
idS
hc3
l\:
lY<
k^/
jd&
h]I
l-c
afn
jhO
fM7
h}9
hm3
hLq
ch2
jnn
bT3
hW5
e+c
m+X
ae9
ag#
eW%
e11
j`O
ldW
iK`
i0U
d&k
m6^
gzT
hHH
lg>
ajZ
m4c
g`@
m~C
iq_
h-&
k)L
e9P
bjc
d.O
cyt
ngi
jW_
h~:
irj
gW3
h_Q
aTL
jIt
e{7
bhi
bp:
g(*
bG`
d)S
kYd
lRb
l$Q
lU<
g*J
a9o
i6)
g1!
a8_
g?"
dAz
c)5
ny~
fO!
a,I
aqJ
bg^
gD]
fGY
agk
iiP
jC#
mPK
b6"
mcV
f{=
hr~
d-A
e@6
aKr
eGx
ejd
f!C
bc?
bP#
aLV
e#V
i/}
j%I
hI{
keT
li8
d^%
f$O
ac^
j./
gP:
lX5
h*t
lgO
iqd
aqq
i5$
f{Q
mC#
cYA
g[g
c#(
gy\
k~,
g~4
e5j
a.5
mg|
fDZ
a8+
lv,
ijx
h*b
m?c
jA~
g*~
jx_
gkA
b*r
a[a
m8-
c8t
mwe
j9<
dyd
h3"
fOT
mui
hjE
ny:
j4V
jai
b`_
nvW
iVW
g9]
dic
nmx
i*X
dZ/
h0[
jr'
bwC
cri
k@X
f4#
b2K
ej@
i,-
gKd
iql
g~C
nzV
fO_
a\L
i\#
gOc
dW%
h)<
ge/
lV3
d}<
lOh
g@&
f^a
j[a
e1p
gBE
g!U
b)g
a{8
m.L
l:t
lHX
c1o
ci/
aEb
a-a
eT4
m7+
eE@
cIU
ihW
a'E
f4h
js$
aRL
kK!
a`V
jLv
i8z
e.h
a$w
hIL
ag*
h[Z
d~4
jY[
e]N
i=b
aC7
l.S
jKg
nc)
iB$
iY+
au"
enf
a5[
e/x
j7F
j_l
kXK
j<b
f'T
a"U
l~_
gB/
h*#
f&h
dru
md<
d$~
m)6
d1_
c$r
k6?
b6w
a)h
e$1
cyk
jFp
jjD
iFf
a)B
kBI
iD6
i+#
d0t
f(T
d-s
hQR
lQ?
il,
cJ+
acW
cYQ
l`]
k|2
nr9
adq
b2+
jRz
hQ4
go|
id,
hv{
af[
e`@
k@`
foM
c~!
c+o
cl!
bFT
bb4
cT{
hI7
k2.
kdy
b+X
b1g
ai.
ll7
bkk
h[*
d!}
lJ9
mR-
h+s
cLi
b:/
m+g
bNP
jjZ
lNT
k^m
jo}
mE$
cYB
mE<
eS.
gqd
gS]
cQ-
m!Y
e$X
b=u
g)Y
j0A
e.1
dce
i&Q
dZl
gH}
bH#
eeX
hCU
m'y
g~,
c(>
eD)
g6S
j9l
fdj
kKV
dz9
l@f
i:'
h%M
iIp
m2X
fv0
l4X
cK~
h&R
bVi
g_K
e|*
h|!
fb4
mg-
m,T
nug
dyw
a1u
j3X
cn_
aDT
gWS
kb4
l_C
dAh
fMn
im3
euT
jQ4
kvz
axS
dGi
bCO
b<[
fG<
a</
hCm
lG1
e|w
e5(
kE8
ml$
lD:
l`M
kM$
gLR
cm,
kyC
e'=
g*]
asC
eOA
h|X
h3v
eb*
g5*
ja,
d=o
mi*
eBf
iSa
l9Z
j{P
k]N
e\y
gl:
a8$
hBg
g>-
g\"
e_/
m>f
iZb
aZ~
gEi
f{q
esJ
dc&
by#
c:]
lh~
gpX
kyw
g=~
f^t
d}w
ml6
gf[
d+n
k^z
d:D
d9W
jQ*
fZ'
eKW
hxS
fI(
k:!
dd'
bq}
mQ7
g{9
nz}
ba\
c7G
m'V
lim
lDj
lg#
bN%
dQj
fR%
lqd
ix.
g]-
c%$
fNG
m#+
ab2
j:d
az4
h33
bI^
e:b
jPO
m]R
fne
f</
jy*
fZ{
b.k
lI?
i^h
ns9
hwc
b3Y
b]e
e&:
h+'
gk[
hu&
k3Z
afH
btn
g5p
jt-
k>B
c{J
kN,
b}l
ao-
iT5
lfP
e!e
kk@
e!F
a/7
huN
nv4
kTi
efY
a4Z
gmY
hEz
k9^
gH8
lIc
lKT
c=z
b.R
d4v
k,f
bbY
g$,
fT3
nq7
m_o
g-,
f87
jEF
gyq
iC*
eWe
f5s
l@/
mPe
d\J
iJ.
hp_
d_<
a.F
k_u
c@?
aK>
aXb
m>3
m^J
c-S
ewK
m"^
h)q
d[2
dYO
i%`
a2J
dnR
bH6
k[/
lLT
iHK
k>{
g~U
i<]
kG8
cWG
gCn
iL_
nrE
j:.
c@]
h5`
hpS
bc<
fF^
djc
mz?
mg4
dJm
ckn
jx?
ayf
g5O
f"x
f:)
l~Y
bWZ
i9R
cE]
b#?
i1c
fAd
fe{
kb?
f36
btl
ax3
blZ
iGQ
k4c
gW9
m{e
bwQ
dm5
hv\
k4e
hI<
k5I
ffB
ncY
kG/
hT[
b"'
de`
jDs
iWt
ll^
k\3
a9O
a!R
d~P
m]!
cKm
h5g
cV,
d*/
ehT
ehX
aUI
b'w
aj5
nu4
g+Y
gg.
lm#
l|k
g+!
gBh
mLJ
j9c
l9#
et}
l@g
h'z
e}|
eZi
lhU
a_0
hkj
myK
a?{
k=`
bM}
laV
i/8
l?U
adG
eRW
asQ
dRA
a&t
aN*
ash
ifZ
bs>
e>y
lZ)
lI4
hS`
a.{
a5s
bKa
l4g
a9}
fr2
b#W
d7F
a7n
b&|
iYu
j~o
hRR
bT7
asV
fqs
cwI
m[]
idn
h5#
jG>
k9I
i]m
d-B
d(8
a`f
hvi
amB
fOx
a=F
m&j
kTQ
iSp
erc
g5`
jAz
jFx
aGq
fK"
gXs
bAJ
lY_
bN-
co'
g3s
d1:
i_{
kW(
i`>
d=R
gfr
g}1
ewk
ib<
a$F
m|u
h'[
a5S
duu
b@K
e,:
b_}
hmK
b`5
dbH
c$4
h2L
h\'
dl4
d}j
gz3
amA
k%N
jSl
fP-
a^8
m&T
duW
fPu
e]$
h7^
lR#
fuj
aFV
c(E
k6]
lWz
jKZ
jFJ
m`U
f$3
kNe
db!
f?'
j`&
hET
jb+
hBC
fiJ
l]&
eQ/
l#v
es:
a^B
ks}
c&B
gVX
co2
biv
cbA
bpx
bSN
ka-
dBL
d?v
np~
m$s
k&A
gP7
j$L
kO4
d35
dR"
knn
b_C
bQR
f2d
hu(
glh
gD7
h]J
j}w
im!
gh/
klK
nqO
eP@
jNr
nvM
d5k
db4
dFj
k*h
k"1
g4a
b~|
lF0
b"N
g+g
gJb
im-
mPT
ng+
lL`
kx^
jb\
e0s
f=H
gNY
hUU
a0}
fd|
fv"
cPW
m@e
j6H
kcM
m.C
jLk
h=Y
g?M
afR
ejQ
f<1
msv
h/>
e3h
eB$
aQv
h|M
a^w
j&R
k}J
aY|
a^l
ihe
d,7
i1B
ho<
j^x
mo4
jtI
mby
e!h
b6c
eUW
j{j
gyH
b%?
g95
eu<
eLS
mv<
c44
a4E
drg
c]w
b$Z
he_
lT+
fI3
cIV
hn)
i'-
lv/
a)f
kXQ
j<[
fr%
l9$
mF8
ktX
aOv
j2R
iQ5
lx&
msc
l']
c?t
eHh
fV#
j+J
iq]
b6l
mWw
mUg
kSf
iN2
eg~
gm%
jx.
i7L
m]u
b)e
kJa
f)4
a(h
jrp
kv7
m5#
k.L
cr@
d~d
aBd
c!`
hGP
g<4
abj
hP-
e/q
mO1
a+|
cFj
nkb
k5b
j8g
ie1
k>R
f!+
gRy
j<t
e}h
guX
ht4
cDY
g[)
l)X
dC=
g2R
l(3
hvc
m'e
j*N
i&,
cWZ
fN8
lo4
j2J
h8O
kx.
eh+
k5S
c2^
fyB
c8p
b\:
ic3
jpT
ay9
cPF
m+:
cx4
b2o
a0d
k&D
bhS
b2%
kwy
k\>
c:<
m*A
hn_
iYI
c+.
h),
ebB
k*g
eB'
fOl
df2
a[.
a7I
cd=
dX\
m|[
ac,
jX)
l_x
fw1
h=p
c8o
c)8
bJ0
gy!
gW_
dx^
kYR
dz!
d7N
m6\
hKg
iN5
hh*
naK
f,@
doc
c)x
bot
kC[
dy6
ky:
gC6
dm4
ch`
fH"
b4P
av'
d2#
jD7
kaW
f:$
gG!
d{N
gCx
fvp
gnb
gsM
a7!
c>^
dD`
l0/
gTf
gc3
cw4
dBB
fuS
k)\
ec>
l=M
ga!
nkA
h/Q
g85
eBQ
e2%
fO4
h3P
cqG
aQ?
a]>
jhQ
d*_
iR'
h+V
mwK
eY3
hcF
mp$
f$m
h:>
aKC
fh,
i~W
hZA
m|%
k/R
g98
k|Y
c&,
c-@
gi'
kze
cq?
l"7
aUl
d%k
bRh
c&.
edh
j`/
iZY
i^v
m3y
a$=
i%.
h7/
k"a
mI#
h^h
i@P
l-,
lwg
b:_
b3c
ewh
iZ[
f%s
f(F
c$g
fA6
dj1
dY'
h#9
j7B
a]^
f0N
jOR
fD3
kqM
gyL
ceq
fp(
cyv
f6H
b?D
bJ^
lhW
mmz
kaL
g*<
aC"
m'}
e0A
hFv
iv<
nmF
ay2
c)"
b:R
lE,
mDj
mBa
fR*
f4V
mxD
l//
els
h,a
i5&
aJ-
lY8
d=>
iJ3
i=o
hj/
hen
ci7
c[)
bK3
m@&
a8R
g4u
g~9
l#j
g.G
dC4
l^!
kz=
a@#
kDZ
j=g
nAG
eOO
ePp
i.$
l@*
lQ2
dJS
muV
nBD
cU-
aV&
eV~
l2.
a]{
exI
dAr
l4H
eVO
kcQ
jyx
exT
i8*
luw
b[c
f-N
d5+
c]D
noE
clj
ka/
i}v
eaX
k|X
hM[
eU5
mX2
e0H
h.l
f]Q
acL
i"Q
bbn
h0c
elp
a}e
jji
biR
h9P
iJj
aw9
bI)
d(J
m{D
d7u
j7[
bGS
j6p
jlD
g4^
hit
l9:
f,s
kjD
h>5
h2U
ewN
dQM
a(>
lTh
jC@
gu8
iPO
g,x
apG
i11
c3Q
mlK
i}Z
j5=
jmb
jT3
eLz
na{
iMp
cyj
i47
k1R
hYb
mi$
jZ3
m^#
jn]
gK<
ngj
cAZ
dg'
k]9
l6#
k2q
g{b
g-%
h(+
jt<
m?2
dTG
a9w
h^[
kp_
ejV
i\Y
j!C
fd^
a^q
ks(
cqI
nkB
jy)
b[W
c}t
dII
m[M
fX0
hKV
i|w
b<O
kFt
jR5
exn
k~W
m6C
kET
dyc
aoM
d?t
jtz
h.\
g'<
jBV
g_(
k[~
m&\
cJ]
d3M
hM<
cQJ
m&P
cZB
lk?
ffr
fd2
jqw
bZT
b=p
ng*
e]&
k0a
d5"
l$1
m#A
cY+
kG@
i,5
eVl
cPw
cFs
k_l
j$~
j>k
eub
atl
eJ=
aKZ
nBi
j=d
d/2
mfD
aDV
fDr
fd*
i:p
b9(
jB.
ixF
e+K
a5t
c=1
l+V
fSg
jjf
fYf
i+H
bea
aTg
cZs
l}7
gBo
noc
bT~
eJB
epD
j:W
b7{
dO2
ar0
e77
d:m
m\Y
f>K
dPn
m>6
k%8
